<?xml version="1.0" encoding="UTF-8"?>
<robot generator="Robot 3.2.2 (Python 3.8.3 on win32)" generated="20231030 16:48:00.400" rpa="false">
<suite id="s1" name="VerifyAuthCode" source="C:\Users\AGebril\PycharmProjects\QC_Automation_Claim\Tests\VerifyAuthCode.robot">
<test id="s1-t1" name="1 Post Test">
<kw name="Verify_Authentication">
<arguments>
<arg>http://claimsapi-dev.rasan.co</arg>
<arg>/Auth/Verify</arg>
<arg>${EndPoint}</arg>
<arg>200</arg>
</arguments>
<kw name="Create API session" library="API_Preferences">
<arguments>
<arg>${URL}</arg>
</arguments>
<kw name="Generate Random String" library="String">
<doc>Generates a string with a desired ``length`` from the given ``chars``.</doc>
<arguments>
<arg>4</arg>
<arg>[NUMBERS]</arg>
</arguments>
<assign>
<var>${randomNumber}</var>
</assign>
<msg timestamp="20231030 16:48:01.374" level="INFO">${randomNumber} = 3642</msg>
<status status="PASS" starttime="20231030 16:48:01.374" endtime="20231030 16:48:01.374"></status>
</kw>
<kw name="Catenate" library="BuiltIn">
<doc>Catenates the given items together and returns the resulted string.</doc>
<arguments>
<arg>session_${randomNumber}</arg>
</arguments>
<assign>
<var>${sessionName}</var>
</assign>
<msg timestamp="20231030 16:48:01.374" level="INFO">${sessionName} = session_3642</msg>
<status status="PASS" starttime="20231030 16:48:01.374" endtime="20231030 16:48:01.374"></status>
</kw>
<kw name="Set Global Variable" library="BuiltIn">
<doc>Makes a variable available globally in all tests and suites.</doc>
<arguments>
<arg>${sessionName}</arg>
</arguments>
<msg timestamp="20231030 16:48:01.374" level="INFO">${sessionName} = session_3642</msg>
<status status="PASS" starttime="20231030 16:48:01.374" endtime="20231030 16:48:01.374"></status>
</kw>
<kw name="Create Session" library="RequestsLibrary">
<doc>Create Session: create a HTTP session to a server</doc>
<arguments>
<arg>${sessionName}</arg>
<arg>${Base_Url}</arg>
<arg>timeout=30</arg>
<arg>disable_warnings=1</arg>
</arguments>
<msg timestamp="20231030 16:48:01.374" level="INFO">Creating Session using : alias=session_3642, url=http://claimsapi-dev.rasan.co, headers={},                     cookies={}, auth=None, timeout=30, proxies=None, verify=False,                     debug=0 </msg>
<status status="PASS" starttime="20231030 16:48:01.374" endtime="20231030 16:48:01.374"></status>
</kw>
<status status="PASS" starttime="20231030 16:48:01.374" endtime="20231030 16:48:01.374"></status>
</kw>
<kw name="Create Dictionary" library="BuiltIn">
<doc>Creates and returns a dictionary based on the given ``items``.</doc>
<arguments>
<arg>userId=2091266748</arg>
<arg>phoneNumber=0578888888</arg>
<arg>name=Ahmed</arg>
<arg>lessorId=arb</arg>
<arg>actionId=1</arg>
<arg>email=ahmedg@gmail.com</arg>
<arg>policyNumber=123456</arg>
<arg>claimNo=CID-987773-238</arg>
<arg>insuranceCompanyId=1</arg>
</arguments>
<assign>
<var>${Udata}</var>
</assign>
<msg timestamp="20231030 16:48:01.374" level="INFO">${Udata} = {'userId': '2091266748', 'phoneNumber': '0578888888', 'name': 'Ahmed', 'lessorId': 'arb', 'actionId': '1', 'email': 'ahmedg@gmail.com', 'policyNumber': '123456', 'claimNo': 'CID-987773-238', 'insuranc...</msg>
<status status="PASS" starttime="20231030 16:48:01.374" endtime="20231030 16:48:01.374"></status>
</kw>
<kw name="Post Request to get auth code" library="API_Preferences">
<arguments>
<arg>${sessionName}</arg>
<arg>${EndPoint}</arg>
<arg>${Udata}</arg>
<arg>${Ustatuscode}</arg>
<arg>${actual}</arg>
<arg>${Expected}</arg>
<arg>${RandomData}</arg>
</arguments>
<kw name="Post Request using data Driven Structure with Bearer Token" library="API_Preferences">
<doc>Post request with DataDriven structure and Bearer token</doc>
<arguments>
<arg>${sessionName}</arg>
<arg>${Url}</arg>
<arg>${body}</arg>
<arg>${StatusCode}</arg>
<arg>${actual}</arg>
<arg>${Expected}</arg>
<arg>${RandomData}</arg>
</arguments>
<kw name="Create Dictionary" library="BuiltIn">
<doc>Creates and returns a dictionary based on the given ``items``.</doc>
<arguments>
<arg>Authorization=Bearer 123456789</arg>
<arg>Content-Type=application/json;charset=utf-8</arg>
</arguments>
<assign>
<var>${headers}</var>
</assign>
<msg timestamp="20231030 16:48:01.374" level="INFO">${headers} = {'Authorization': 'Bearer 123456789', 'Content-Type': 'application/json;charset=utf-8'}</msg>
<status status="PASS" starttime="20231030 16:48:01.374" endtime="20231030 16:48:01.374"></status>
</kw>
<kw name="Post Request" library="RequestsLibrary">
<doc>*DEPRECATED* Please use `POST On Session` instead.</doc>
<arguments>
<arg>${sessionName}</arg>
<arg>${URI}</arg>
<arg>${data}</arg>
<arg>headers=${headers}</arg>
<arg>timeout=10</arg>
<arg>allow_redirects=${false}</arg>
</arguments>
<assign>
<var>${resp}</var>
</assign>
<msg timestamp="20231030 16:48:01.374" level="WARN">Keyword 'RequestsLibrary.Post Request' is deprecated. Please use `POST On Session` instead.</msg>
<msg timestamp="20231030 16:48:01.831" level="INFO">POST Request : url=http://claimsapi-dev.rasan.co/Auth/Token 
 path_url=/Auth/Token 
 headers={'User-Agent': 'python-requests/2.31.0', 'Accept-Encoding': 'gzip, deflate', 'Accept': '*/*', 'Connection': 'keep-alive', 'Authorization': 'Bearer 123456789', 'Content-Type': 'application/json;charset=utf-8', 'Content-Length': '217'} 
 body={"userId": "2091266748", "phoneNumber": "0578888888", "name": "Ahmed", "lessorId": "arb", "actionId": "1", "email": "ahmedg@gmail.com", "policyNumber": "123456", "claimNo": "CID-987773-238", "insuranceCompanyId": "1"} 
 </msg>
<msg timestamp="20231030 16:48:01.831" level="INFO">POST Response : url=http://claimsapi-dev.rasan.co/Auth/Token 
 status=422, reason=Unprocessable Entity 
 headers={'Server': 'nginx/1.25.1', 'Date': 'Mon, 30 Oct 2023 14:48:57 GMT', 'Content-Type': 'application/json; charset=utf-8', 'Transfer-Encoding': 'chunked', 'Connection': 'keep-alive'} 
 body={"traceId":null,"errorCode":"ValidationErrorCode","errors":["The token field is required."]} 
 </msg>
<msg timestamp="20231030 16:48:01.831" level="INFO">${resp} = &lt;Response [422]&gt;</msg>
<status status="PASS" starttime="20231030 16:48:01.374" endtime="20231030 16:48:01.831"></status>
</kw>
<kw name="Status Should Be" library="RequestsLibrary">
<doc>Fails if response status code is different than the expected.</doc>
<arguments>
<arg>${statuscode}</arg>
<arg>${resp}</arg>
</arguments>
<msg timestamp="20231030 16:48:01.847" level="FAIL">Url: http://claimsapi-dev.rasan.co/Auth/Token Expected status: 422 != 200</msg>
<status status="FAIL" starttime="20231030 16:48:01.845" endtime="20231030 16:48:01.847"></status>
</kw>
<status status="FAIL" starttime="20231030 16:48:01.374" endtime="20231030 16:48:01.847"></status>
</kw>
<status status="FAIL" starttime="20231030 16:48:01.374" endtime="20231030 16:48:01.848"></status>
</kw>
<status status="FAIL" starttime="20231030 16:48:01.374" endtime="20231030 16:48:01.848"></status>
</kw>
<status status="FAIL" starttime="20231030 16:48:01.374" endtime="20231030 16:48:01.848" critical="yes">Url: http://claimsapi-dev.rasan.co/Auth/Token Expected status: 422 != 200</status>
</test>
<doc>Suite description</doc>
<status status="FAIL" starttime="20231030 16:48:00.415" endtime="20231030 16:48:01.848"></status>
</suite>
<statistics>
<total>
<stat pass="0" fail="1">Critical Tests</stat>
<stat pass="0" fail="1">All Tests</stat>
</total>
<tag>
</tag>
<suite>
<stat pass="0" fail="1" id="s1" name="VerifyAuthCode">VerifyAuthCode</stat>
</suite>
</statistics>
<errors>
<msg timestamp="20231030 16:48:00.671" level="ERROR">Error in file 'C:\Users\AGebril\PycharmProjects\QC_Automation_Claim\Tests\GetAuthCode.robot' on line 13: Setting 'Test Template' is not allowed in resource file.</msg>
<msg timestamp="20231030 16:48:00.671" level="ERROR">Error in file 'C:\Users\AGebril\PycharmProjects\QC_Automation_Claim\Tests\VerifyAuthCode.robot' on line 11: Error in file 'C:\Users\AGebril\PycharmProjects\QC_Automation_Claim\Tests\GetAuthCode.robot' on line 26: Resource file with 'Test Cases' section is invalid.</msg>
<msg timestamp="20231030 16:48:01.374" level="WARN">Keyword 'RequestsLibrary.Post Request' is deprecated. Please use `POST On Session` instead.</msg>
</errors>
</robot>
