<?xml version="1.0" encoding="UTF-8"?>
<robot generator="Robot 3.2.2 (Python 3.8.3 on win32)" generated="20240523 11:09:19.058" rpa="false">
<suite id="s1" name="Suites">
<suite id="s1-s1" name="ClaimSub" source="C:\Users\AGebril\PycharmProjects\QC_Automation_Claim\Tests\ClaimSub.robot">
<test id="s1-s1-t1" name="Manual-Enter Valid Channel ID">
<kw name="Create_Claim">
<arguments>
<arg>http://claimsapi-qc.rasan.co</arg>
<arg>/api/Claim/Create</arg>
<arg>{
  "isLessor": true,
  "referenceTypeId": 1,
  "channelId": 1,
  "submitedBy": "string",
  "customerIBANNo": "string",
  "customerIBANBank": "string",
  "vehiclePickupLocationLatitude": "string",
  "vehiclePickupLocationLongitude": "string",
  "vehiclePickupLocationAddress": "string",
  "ClaimDescription":"desc",
  "cityId": 1,
  "taqdeerReportNo": "string",
  "accidentReportNo": "string",
  "authorityId": 1,
  "policyData": {
    "insuranceCompanyId": 712,
    "policyNumber": "string",
    "annualDepreciationVehicle": "string",
    "rateAndPremium": 0,
    "deductible": 0,
    "percentageTotalLost": 0,
    "sumInsured": 0,
    "repairMethod": "string",
    "coverageFrom": "12-12-2005",
    "coverageTo": "12-12-2006",
    "featureId": 1,
    "featureTypeId": 1,
    "featureAmount": 0,
    "featureTaxableAmount": 0
  },
  "driverData": [
    {
      "nationalNumber": "1234567891",
      "fullName": "string",
      "firstName": "string",
      "secondName": "string",
      "thirdName": "string",
      "lastName": "string",
      "fullNameEn": "string",
      "firstNameEn": "string",
      "secondNameEn": "string",
      "thirdNameEn": "string",
      "lastNameEn": "string",
      "relationId": null,
      "nationalityId": null,
      "ispolicyHolder": true,
      "isUser": true,
      "usagePercentage": 0,
      "driverDateofBirth": "12-12-1990",
      "genderId": null,
      "educationId": null,
      "driverProfession": "string",
      "maritalStatusId": null,
      "workCityId": null,
      "licenseTypeId": null,
      "licenseOwnYears": 0,
      "ncdRefrence": "string",
      "accidentsNo": 0,
      "claimsNo": 0,
      "ncdCodeId": null,
      "trafficViolationId": null,
      "healthConditionId": null,
      "driverCountryLicence": [
        {
          "countryId": 1
        }
      ],
      "driverAccidentLicence": [
        {
          "accidentDetail": "string"
        }
      ]
    }
  ],
  "accidentData": {
    "attendedId": 1,
    "accidentDate": "",
    "fullName": "string",
    "nationalNumer": "string",
    "licenseNumber": "string",
    "licenseExpiryDate": "",
    "liability": 0,
    "vehicleDamageAreaPhoto": ".png",
    "accidentDescription": "string",
    "accidentDrawing": ".png",
    "taqdeerCenterName": "string",
    "taqdeerCenterCityId": null,
    "taqdeerDate": "12-12-2005",
    "taqdeerCompletedDate": "12-12-2006",
    "estimatedBy": "string",
    "estimationCost": 0,
    "estimationCostVAT": 0,
    "sparePartsCost": 0,
    "sparePartsCostVAT": 0,
    "totalCost": 0,
    "totalCostincludingVAT": 0,
    "accidentComment": "string",
    "paymentMethodId": null,
    "paymentBy": "string",
    "sparePartDealer": "string",
    "overallDiscount": 0,
    "sparePartsCostAfterDiscount": 0,
    "sparepartsVatAfterDiscount": 0,
    "sparePartFinalvaluewithVAT": 0
  },
  "accidentSparePart": [
    {
      "sparePartName": "string",
      "sparePartCode": "string",
      "quantity": 0,
      "unitprice": 0,
      "total": 0,
      "discount": 0,
      "consumption": 0,
      "finalTotal": 0
    }
  ],
"policyHolder": {
    "fullName": "string",
    "firstName": "string",
    "secondName": "string",
    "thirdName": "string",
    "lastName": "string",
    "fullNameEn": "string",
    "firstNameEn": "string",
    "secondNameEn": "string",
    "thirdNameEn": "string",
    "lastNameEn": "string",
    "commercialRegistrationNo": "string",
    "holderNumber": "string",
    "holderExpiryDate": "12-12-2005",
    "phonenumber": "0512345678",
    "nationalAddress": "iiii",
    "emailAddress": "jhjhjhj@wwwww.com",
    "policyHolderOccupationId": null
},
   "vehicleData": {
    "plateNumber": "234",
    "firstPlateLetterId": 1,
    "secondPlateLetterId": 1,
    "thirdPlateLetterId": 1,
    "plateTypeId": 1,
    "registrationNumber": "ssss",
    "registrationExpiryDate": "12-12-2005",
    "capacityId": 1,
    "bodyCodeId": 1,
    "makeId": 1,
    "modelId": 1,
    "manufacureYear": 1,
    "colorId": 1,
    "chassisTypeId": 1,
    "chassisNumber": "sss",
    "sequenceNumber": "xx"
  },
 "lesseeData": {
    "nationalNumber": "1234567891",
    "nationalNumberExpiryDate": "02-12-2008",
    "fullName": "abdallah",
    "firstName": "string",
    "secondName": "string",
    "thirdName": "string",
    "lastName": "string",
    "fullNameEn": "string",
    "firstNameEn": "string",
    "secondNameEn": "string",
    "thirdNameEn": "string",
    "lastNameEn": "string",
    "socialStatusId": 1,
    "genderId": 1,
    "nationalityID": 1,
    "dateOfBirth": "12-12-1990",
    "nationalAddress": "string",
    "mobilenumber": "0512345678",
    "emailAddress": "hhh@www.com",
    "lesseeOccupationId": 1
  },
  "attachementFiles": [
    {
      "filePath": ".png"
    },
{
      "filePath": ".png"
    },
{
      "filePath": ".png"
    },
{
      "filePath": ".png"
    }

  ]
}</arg>
<arg>200</arg>
<arg>["model"]["data"]["apiErrorOutputDTO"]["errorCode"]</arg>
<arg>1</arg>
</arguments>
<kw name="Create API session" library="API_Preferences">
<arguments>
<arg>${URL}</arg>
</arguments>
<kw name="Generate Random String" library="String">
<doc>Generates a string with a desired ``length`` from the given ``chars``.</doc>
<arguments>
<arg>4</arg>
<arg>[NUMBERS]</arg>
</arguments>
<assign>
<var>${randomNumber}</var>
</assign>
<msg timestamp="20240523 11:09:24.258" level="INFO">${randomNumber} = 1420</msg>
<status status="PASS" starttime="20240523 11:09:24.257" endtime="20240523 11:09:24.258"></status>
</kw>
<kw name="Catenate" library="BuiltIn">
<doc>Catenates the given items together and returns the resulted string.</doc>
<arguments>
<arg>session_${randomNumber}</arg>
<arg>disable_warnings=1</arg>
</arguments>
<assign>
<var>${sessionName}</var>
</assign>
<msg timestamp="20240523 11:09:24.258" level="INFO">${sessionName} = session_1420 disable_warnings=1</msg>
<status status="PASS" starttime="20240523 11:09:24.258" endtime="20240523 11:09:24.258"></status>
</kw>
<kw name="Set Global Variable" library="BuiltIn">
<doc>Makes a variable available globally in all tests and suites.</doc>
<arguments>
<arg>${sessionName}</arg>
</arguments>
<msg timestamp="20240523 11:09:24.259" level="INFO">${sessionName} = session_1420 disable_warnings=1</msg>
<status status="PASS" starttime="20240523 11:09:24.258" endtime="20240523 11:09:24.259"></status>
</kw>
<kw name="Create Session" library="RequestsLibrary">
<doc>Create Session: create a HTTP session to a server</doc>
<arguments>
<arg>${sessionName}</arg>
<arg>${Base_Url}</arg>
<arg>timeout=30</arg>
<arg>disable_warnings=1</arg>
</arguments>
<msg timestamp="20240523 11:09:24.259" level="INFO">Creating Session using : alias=session_1420 disable_warnings=1, url=http://claimsapi-qc.rasan.co, headers={},                     cookies={}, auth=None, timeout=30, proxies=None, verify=False,                     debug=0 </msg>
<status status="PASS" starttime="20240523 11:09:24.259" endtime="20240523 11:09:24.259"></status>
</kw>
<status status="PASS" starttime="20240523 11:09:24.257" endtime="20240523 11:09:24.259"></status>
</kw>
<kw name="Post Request claim" library="API_Preferences">
<arguments>
<arg>${sessionName}</arg>
<arg>${URI}</arg>
<arg>${body}</arg>
<arg>${StatusCode}</arg>
<arg>${actual}</arg>
<arg>${Expected}</arg>
<arg>${RandomData}</arg>
</arguments>
<kw name="Post Request using data Driven Structure" library="API_Preferences">
<doc>Post request with DataDriven structure</doc>
<arguments>
<arg>${sessionName}</arg>
<arg>${Url}</arg>
<arg>${body}</arg>
<arg>${StatusCode}</arg>
</arguments>
<kw name="Create Dictionary" library="BuiltIn">
<doc>Creates and returns a dictionary based on the given ``items``.</doc>
<arguments>
<arg>Content-Type=application/json</arg>
</arguments>
<assign>
<var>${headers}</var>
</assign>
<msg timestamp="20240523 11:09:24.261" level="INFO">${headers} = {'Content-Type': 'application/json'}</msg>
<status status="PASS" starttime="20240523 11:09:24.261" endtime="20240523 11:09:24.261"></status>
</kw>
<kw name="Post Request" library="RequestsLibrary">
<doc>*DEPRECATED* Please use `POST On Session` instead.</doc>
<arguments>
<arg>${sessionName}</arg>
<arg>${URI}</arg>
<arg>${data}</arg>
<arg>headers=${headers}</arg>
<arg>timeout=10</arg>
</arguments>
<assign>
<var>${resp}</var>
</assign>
<msg timestamp="20240523 11:09:24.262" level="WARN">Keyword 'RequestsLibrary.Post Request' is deprecated. Please use `POST On Session` instead.</msg>
<msg timestamp="20240523 11:09:25.254" level="INFO">POST Request : url=http://claimsapi-qc.rasan.co/api/Claim/Create 
 path_url=/api/Claim/Create 
 headers={'User-Agent': 'python-requests/2.31.0', 'Accept-Encoding': 'gzip, deflate', 'Accept': '*/*', 'Connection': 'keep-alive', 'Content-Type': 'application/json', 'Content-Length': '4843'} 
 body=b'{\n  "isLessor": true,\n  "referenceTypeId": 1,\n  "channelId": 1,\n  "submitedBy": "string",\n  "customerIBANNo": "string",\n  "customerIBANBank": "string",\n  "vehiclePickupLocationLatitude": "string",\n  "vehiclePickupLocationLongitude": "string",\n  "vehiclePickupLocationAddress": "string",\n  "ClaimDescription":"desc",\n  "cityId": 1,\n  "taqdeerReportNo": "string",\n  "accidentReportNo": "string",\n  "authorityId": 1,\n  "policyData": {\n    "insuranceCompanyId": 712,\n    "policyNumber": "string",\n    "annualDepreciationVehicle": "string",\n    "rateAndPremium": 0,\n    "deductible": 0,\n    "percentageTotalLost": 0,\n    "sumInsured": 0,\n    "repairMethod": "string",\n    "coverageFrom": "12-12-2005",\n    "coverageTo": "12-12-2006",\n    "featureId": 1,\n    "featureTypeId": 1,\n    "featureAmount": 0,\n    "featureTaxableAmount": 0\n  },\n  "driverData": [\n    {\n      "nationalNumber": "1234567891",\n      "fullName": "string",\n      "firstName": "string",\n      "secondName": "string",\n      "thirdName": "string",\n      "lastName": "string",\n      "fullNameEn": "string",\n      "firstNameEn": "string",\n      "secondNameEn": "string",\n      "thirdNameEn": "string",\n      "lastNameEn": "string",\n      "relationId": null,\n      "nationalityId": null,\n      "ispolicyHolder": true,\n      "isUser": true,\n      "usagePercentage": 0,\n      "driverDateofBirth": "12-12-1990",\n      "genderId": null,\n      "educationId": null,\n      "driverProfession": "string",\n      "maritalStatusId": null,\n      "workCityId": null,\n      "licenseTypeId": null,\n      "licenseOwnYears": 0,\n      "ncdRefrence": "string",\n      "accidentsNo": 0,\n      "claimsNo": 0,\n      "ncdCodeId": null,\n      "trafficViolationId": null,\n      "healthConditionId": null,\n      "driverCountryLicence": [\n        {\n          "countryId": 1\n        }\n      ],\n      "driverAccidentLicence": [\n        {\n          "accidentDetail": "string"\n        }\n      ]\n    }\n  ],\n  "accidentData": {\n    "attendedId": 1,\n    "accidentDate": "",\n    "fullName": "string",\n    "nationalNumer": "string",\n    "licenseNumber": "string",\n    "licenseExpiryDate": "",\n    "liability": 0,\n    "vehicleDamageAreaPhoto": ".png",\n    "accidentDescription": "string",\n    "accidentDrawing": ".png",\n    "taqdeerCenterName": "string",\n    "taqdeerCenterCityId": null,\n    "taqdeerDate": "12-12-2005",\n    "taqdeerCompletedDate": "12-12-2006",\n    "estimatedBy": "string",\n    "estimationCost": 0,\n    "estimationCostVAT": 0,\n    "sparePartsCost": 0,\n    "sparePartsCostVAT": 0,\n    "totalCost": 0,\n    "totalCostincludingVAT": 0,\n    "accidentComment": "string",\n    "paymentMethodId": null,\n    "paymentBy": "string",\n    "sparePartDealer": "string",\n    "overallDiscount": 0,\n    "sparePartsCostAfterDiscount": 0,\n    "sparepartsVatAfterDiscount": 0,\n    "sparePartFinalvaluewithVAT": 0\n  },\n  "accidentSparePart": [\n    {\n      "sparePartName": "string",\n      "sparePartCode": "string",\n      "quantity": 0,\n      "unitprice": 0,\n      "total": 0,\n      "discount": 0,\n      "consumption": 0,\n      "finalTotal": 0\n    }\n  ],\n"policyHolder": {\n    "fullName": "string",\n    "firstName": "string",\n    "secondName": "string",\n    "thirdName": "string",\n    "lastName": "string",\n    "fullNameEn": "string",\n    "firstNameEn": "string",\n    "secondNameEn": "string",\n    "thirdNameEn": "string",\n    "lastNameEn": "string",\n    "commercialRegistrationNo": "string",\n    "holderNumber": "string",\n    "holderExpiryDate": "12-12-2005",\n    "phonenumber": "0512345678",\n    "nationalAddress": "iiii",\n    "emailAddress": "jhjhjhj@wwwww.com",\n    "policyHolderOccupationId": null\n},\n   "vehicleData": {\n    "plateNumber": "234",\n    "firstPlateLetterId": 1,\n    "secondPlateLetterId": 1,\n    "thirdPlateLetterId": 1,\n    "plateTypeId": 1,\n    "registrationNumber": "ssss",\n    "registrationExpiryDate": "12-12-2005",\n    "capacityId": 1,\n    "bodyCodeId": 1,\n    "makeId": 1,\n    "modelId": 1,\n    "manufacureYear": 1,\n    "colorId": 1,\n    "chassisTypeId": 1,\n    "chassisNumber": "sss",\n    "sequenceNumber": "xx"\n  },\n "lesseeData": {\n    "nationalNumber": "1234567891",\n    "nationalNumberExpiryDate": "02-12-2008",\n    "fullName": "abdallah",\n    "firstName": "string",\n    "secondName": "string",\n    "thirdName": "string",\n    "lastName": "string",\n    "fullNameEn": "string",\n    "firstNameEn": "string",\n    "secondNameEn": "string",\n    "thirdNameEn": "string",\n    "lastNameEn": "string",\n    "socialStatusId": 1,\n    "genderId": 1,\n    "nationalityID": 1,\n    "dateOfBirth": "12-12-1990",\n    "nationalAddress": "string",\n    "mobilenumber": "0512345678",\n    "emailAddress": "hhh@www.com",\n    "lesseeOccupationId": 1\n  },\n  "attachementFiles": [\n    {\n      "filePath": ".png"\n    },\n{\n      "filePath": ".png"\n    },\n{\n      "filePath": ".png"\n    },\n{\n      "filePath": ".png"\n    }\n\n  ]\n}' 
 </msg>
<msg timestamp="20240523 11:09:25.255" level="INFO">POST Response : url=http://claimsapi-qc.rasan.co/api/Claim/Create 
 status=200, reason=OK 
 headers={'Server': 'nginx/1.25.1', 'Date': 'Thu, 23 May 2024 08:10:19 GMT', 'Content-Type': 'application/json; charset=utf-8', 'Transfer-Encoding': 'chunked', 'Connection': 'keep-alive'} 
 body={"model":{"is_succeeded":true,"method_name":"Handle","status":{"code":1,"message":"Process Completed Successfully"},"exception":null,"data":{"apiErrorOutputDTO":{"errorCode":1,"errorMessage":"success"},"data":{"submissionDate":"23/05/2024","statusId":11,"statusDescription":"Submitted","claimNumber":"2024_5_23_72857280"}}}} 
 </msg>
<msg timestamp="20240523 11:09:25.255" level="INFO">${resp} = &lt;Response [200]&gt;</msg>
<status status="PASS" starttime="20240523 11:09:24.262" endtime="20240523 11:09:25.255"></status>
</kw>
<kw name="Status Should Be" library="RequestsLibrary">
<doc>Fails if response status code is different than the expected.</doc>
<arguments>
<arg>${statuscode}</arg>
<arg>${resp}</arg>
</arguments>
<status status="PASS" starttime="20240523 11:09:25.255" endtime="20240523 11:09:25.256"></status>
</kw>
<kw name="To Json" library="RequestsLibrary">
<doc>*DEPRECATED* Please use ${resp.json()} instead. Have a look at the improved HTML output as pretty printing replacement.</doc>
<arguments>
<arg>${resp.content}</arg>
</arguments>
<assign>
<var>${actualResult}</var>
</assign>
<msg timestamp="20240523 11:09:25.256" level="WARN">Keyword 'RequestsLibrary.To Json' is deprecated. Please use ${resp.json()} instead. Have a look at the improved HTML output as pretty printing replacement.</msg>
<msg timestamp="20240523 11:09:25.257" level="INFO">To JSON using : content={"model":{"is_succeeded":true,"method_name":"Handle","status":{"code":1,"message":"Process Completed Successfully"},"exception":null,"data":{"apiErrorOutputDTO":{"errorCode":1,"errorMessage":"success"},"data":{"submissionDate":"23/05/2024","statusId":11,"statusDescription":"Submitted","claimNumber":"2024_5_23_72857280"}}}} </msg>
<msg timestamp="20240523 11:09:25.257" level="INFO">To JSON using : pretty_print=False </msg>
<msg timestamp="20240523 11:09:25.257" level="INFO">${actualResult} = {'model': {'is_succeeded': True, 'method_name': 'Handle', 'status': {'code': 1, 'message': 'Process Completed Successfully'}, 'exception': None, 'data': {'apiErrorOutputDTO': {'errorCode': 1, 'errorMe...</msg>
<status status="PASS" starttime="20240523 11:09:25.256" endtime="20240523 11:09:25.257"></status>
</kw>
<kw name="Set Test Variable" library="BuiltIn">
<doc>Makes a variable available everywhere within the scope of the current test.</doc>
<arguments>
<arg>${actualResult}</arg>
</arguments>
<msg timestamp="20240523 11:09:25.257" level="INFO">${actualResult} = {'model': {'is_succeeded': True, 'method_name': 'Handle', 'status': {'code': 1, 'message': 'Process Completed Successfully'}, 'exception': None, 'data': {'apiErrorOutputDTO': {'errorCode': 1, 'errorMe...</msg>
<status status="PASS" starttime="20240523 11:09:25.257" endtime="20240523 11:09:25.257"></status>
</kw>
<status status="PASS" starttime="20240523 11:09:24.260" endtime="20240523 11:09:25.257"></status>
</kw>
<kw name="Verify API Response" library="API_Preferences">
<doc>veriy actual resutls</doc>
<arguments>
<arg>${actual}</arg>
<arg>${Expected}</arg>
</arguments>
<kw name="Should Be Equal As Strings" library="BuiltIn">
<doc>Fails if objects are unequal after converting them to strings.</doc>
<arguments>
<arg>${actualResult${actual}}</arg>
<arg>${Expected}</arg>
<arg>ignore_case=True</arg>
</arguments>
<msg timestamp="20240523 11:09:25.258" level="INFO">Argument types are:
&lt;class 'int'&gt;
&lt;type 'unicode'&gt;</msg>
<status status="PASS" starttime="20240523 11:09:25.258" endtime="20240523 11:09:25.258"></status>
</kw>
<status status="PASS" starttime="20240523 11:09:25.258" endtime="20240523 11:09:25.258"></status>
</kw>
<status status="PASS" starttime="20240523 11:09:24.259" endtime="20240523 11:09:25.259"></status>
</kw>
<status status="PASS" starttime="20240523 11:09:24.256" endtime="20240523 11:09:25.259"></status>
</kw>
<tags>
<tag>smoke</tag>
</tags>
<status status="PASS" starttime="20240523 11:09:24.254" endtime="20240523 11:09:25.259" critical="yes"></status>
</test>
<test id="s1-s1-t2" name="Manual-Enter InValid Channel ID">
<kw name="Create_Claim">
<arguments>
<arg>http://claimsapi-qc.rasan.co</arg>
<arg>/api/Claim/Create</arg>
<arg>{
  "isLessor": true,
  "referenceTypeId": 1,
  "channelId": 2,
  "submitedBy": "string",
  "customerIBANNo": "string",
  "customerIBANBank": "string",
  "vehiclePickupLocationLatitude": "string",
  "vehiclePickupLocationLongitude": "string",
  "vehiclePickupLocationAddress": "string",
  "ClaimDescription":"desc",
  "cityId": 1,
  "taqdeerReportNo": "string",
  "accidentReportNo": "string",
  "authorityId": 1,
  "policyData": {
    "insuranceCompanyId": 712,
    "policyNumber": "string",
    "annualDepreciationVehicle": "string",
    "rateAndPremium": 0,
    "deductible": 0,
    "percentageTotalLost": 0,
    "sumInsured": 0,
    "repairMethod": "string",
    "coverageFrom": "12-12-2005",
    "coverageTo": "12-12-2006",
    "featureId": 1,
    "featureTypeId": 1,
    "featureAmount": 0,
    "featureTaxableAmount": 0
  },
  "driverData": [
    {
      "nationalNumber": "1234567891",
      "fullName": "string",
      "firstName": "string",
      "secondName": "string",
      "thirdName": "string",
      "lastName": "string",
      "fullNameEn": "string",
      "firstNameEn": "string",
      "secondNameEn": "string",
      "thirdNameEn": "string",
      "lastNameEn": "string",
      "relationId": null,
      "nationalityId": null,
      "ispolicyHolder": true,
      "isUser": true,
      "usagePercentage": 0,
      "driverDateofBirth": "12-12-1990",
      "genderId": null,
      "educationId": null,
      "driverProfession": "string",
      "maritalStatusId": null,
      "workCityId": null,
      "licenseTypeId": null,
      "licenseOwnYears": 0,
      "ncdRefrence": "string",
      "accidentsNo": 0,
      "claimsNo": 0,
      "ncdCodeId": null,
      "trafficViolationId": null,
      "healthConditionId": null,
      "driverCountryLicence": [
        {
          "countryId": 1
        }
      ],
      "driverAccidentLicence": [
        {
          "accidentDetail": "string"
        }
      ]
    }
  ],
  "accidentData": {
    "attendedId": 1,
    "accidentDate": "",
    "fullName": "string",
    "nationalNumer": "string",
    "licenseNumber": "string",
    "licenseExpiryDate": "",
    "liability": 0,
    "vehicleDamageAreaPhoto": ".png",
    "accidentDescription": "string",
    "accidentDrawing": ".png",
    "taqdeerCenterName": "string",
    "taqdeerCenterCityId": null,
    "taqdeerDate": "12-12-2005",
    "taqdeerCompletedDate": "12-12-2006",
    "estimatedBy": "string",
    "estimationCost": 0,
    "estimationCostVAT": 0,
    "sparePartsCost": 0,
    "sparePartsCostVAT": 0,
    "totalCost": 0,
    "totalCostincludingVAT": 0,
    "accidentComment": "string",
    "paymentMethodId": null,
    "paymentBy": "string",
    "sparePartDealer": "string",
    "overallDiscount": 0,
    "sparePartsCostAfterDiscount": 0,
    "sparepartsVatAfterDiscount": 0,
    "sparePartFinalvaluewithVAT": 0
  },
  "accidentSparePart": [
    {
      "sparePartName": "string",
      "sparePartCode": "string",
      "quantity": 0,
      "unitprice": 0,
      "total": 0,
      "discount": 0,
      "consumption": 0,
      "finalTotal": 0
    }
  ],
"policyHolder": {
    "fullName": "string",
    "firstName": "string",
    "secondName": "string",
    "thirdName": "string",
    "lastName": "string",
    "fullNameEn": "string",
    "firstNameEn": "string",
    "secondNameEn": "string",
    "thirdNameEn": "string",
    "lastNameEn": "string",
    "commercialRegistrationNo": "string",
    "holderNumber": "string",
    "holderExpiryDate": "12-12-2005",
    "phonenumber": "0512345678",
    "nationalAddress": "iiii",
    "emailAddress": "jhjhjhj@wwwww.com",
    "policyHolderOccupationId": null
},
   "vehicleData": {
    "plateNumber": "234",
    "firstPlateLetterId": 1,
    "secondPlateLetterId": 1,
    "thirdPlateLetterId": 1,
    "plateTypeId": 1,
    "registrationNumber": "ssss",
    "registrationExpiryDate": "12-12-2005",
    "capacityId": 1,
    "bodyCodeId": 1,
    "makeId": 1,
    "modelId": 1,
    "manufacureYear": 1,
    "colorId": 1,
    "chassisTypeId": 1,
    "chassisNumber": "sss",
    "sequenceNumber": "xx"
  },
 "lesseeData": {
    "nationalNumber": "1234567891",
    "nationalNumberExpiryDate": "02-12-2008",
    "fullName": "abdallah",
    "firstName": "string",
    "secondName": "string",
    "thirdName": "string",
    "lastName": "string",
    "fullNameEn": "string",
    "firstNameEn": "string",
    "secondNameEn": "string",
    "thirdNameEn": "string",
    "lastNameEn": "string",
    "socialStatusId": 1,
    "genderId": 1,
    "nationalityID": 1,
    "dateOfBirth": "12-12-1990",
    "nationalAddress": "string",
    "mobilenumber": "0512345678",
    "emailAddress": "hhh@www.com",
    "lesseeOccupationId": 1
  },
  "attachementFiles": [
    {
      "filePath": ".png"
    },
{
      "filePath": ".png"
    },
{
      "filePath": ".png"
    },
{
      "filePath": ".png"
    }

  ]
}</arg>
<arg>400</arg>
<arg>["model"]["data"]["apiErrorOutputDTO"]["errorCode"]</arg>
<arg>190</arg>
</arguments>
<kw name="Create API session" library="API_Preferences">
<arguments>
<arg>${URL}</arg>
</arguments>
<kw name="Generate Random String" library="String">
<doc>Generates a string with a desired ``length`` from the given ``chars``.</doc>
<arguments>
<arg>4</arg>
<arg>[NUMBERS]</arg>
</arguments>
<assign>
<var>${randomNumber}</var>
</assign>
<msg timestamp="20240523 11:09:25.262" level="INFO">${randomNumber} = 3112</msg>
<status status="PASS" starttime="20240523 11:09:25.262" endtime="20240523 11:09:25.262"></status>
</kw>
<kw name="Catenate" library="BuiltIn">
<doc>Catenates the given items together and returns the resulted string.</doc>
<arguments>
<arg>session_${randomNumber}</arg>
<arg>disable_warnings=1</arg>
</arguments>
<assign>
<var>${sessionName}</var>
</assign>
<msg timestamp="20240523 11:09:25.262" level="INFO">${sessionName} = session_3112 disable_warnings=1</msg>
<status status="PASS" starttime="20240523 11:09:25.262" endtime="20240523 11:09:25.262"></status>
</kw>
<kw name="Set Global Variable" library="BuiltIn">
<doc>Makes a variable available globally in all tests and suites.</doc>
<arguments>
<arg>${sessionName}</arg>
</arguments>
<msg timestamp="20240523 11:09:25.263" level="INFO">${sessionName} = session_3112 disable_warnings=1</msg>
<status status="PASS" starttime="20240523 11:09:25.263" endtime="20240523 11:09:25.263"></status>
</kw>
<kw name="Create Session" library="RequestsLibrary">
<doc>Create Session: create a HTTP session to a server</doc>
<arguments>
<arg>${sessionName}</arg>
<arg>${Base_Url}</arg>
<arg>timeout=30</arg>
<arg>disable_warnings=1</arg>
</arguments>
<msg timestamp="20240523 11:09:25.263" level="INFO">Creating Session using : alias=session_3112 disable_warnings=1, url=http://claimsapi-qc.rasan.co, headers={},                     cookies={}, auth=None, timeout=30, proxies=None, verify=False,                     debug=0 </msg>
<status status="PASS" starttime="20240523 11:09:25.263" endtime="20240523 11:09:25.263"></status>
</kw>
<status status="PASS" starttime="20240523 11:09:25.261" endtime="20240523 11:09:25.264"></status>
</kw>
<kw name="Post Request claim" library="API_Preferences">
<arguments>
<arg>${sessionName}</arg>
<arg>${URI}</arg>
<arg>${body}</arg>
<arg>${StatusCode}</arg>
<arg>${actual}</arg>
<arg>${Expected}</arg>
<arg>${RandomData}</arg>
</arguments>
<kw name="Post Request using data Driven Structure" library="API_Preferences">
<doc>Post request with DataDriven structure</doc>
<arguments>
<arg>${sessionName}</arg>
<arg>${Url}</arg>
<arg>${body}</arg>
<arg>${StatusCode}</arg>
</arguments>
<kw name="Create Dictionary" library="BuiltIn">
<doc>Creates and returns a dictionary based on the given ``items``.</doc>
<arguments>
<arg>Content-Type=application/json</arg>
</arguments>
<assign>
<var>${headers}</var>
</assign>
<msg timestamp="20240523 11:09:25.265" level="INFO">${headers} = {'Content-Type': 'application/json'}</msg>
<status status="PASS" starttime="20240523 11:09:25.264" endtime="20240523 11:09:25.265"></status>
</kw>
<kw name="Post Request" library="RequestsLibrary">
<doc>*DEPRECATED* Please use `POST On Session` instead.</doc>
<arguments>
<arg>${sessionName}</arg>
<arg>${URI}</arg>
<arg>${data}</arg>
<arg>headers=${headers}</arg>
<arg>timeout=10</arg>
</arguments>
<assign>
<var>${resp}</var>
</assign>
<msg timestamp="20240523 11:09:25.265" level="WARN">Keyword 'RequestsLibrary.Post Request' is deprecated. Please use `POST On Session` instead.</msg>
<msg timestamp="20240523 11:09:25.765" level="INFO">POST Request : url=http://claimsapi-qc.rasan.co/api/Claim/Create 
 path_url=/api/Claim/Create 
 headers={'User-Agent': 'python-requests/2.31.0', 'Accept-Encoding': 'gzip, deflate', 'Accept': '*/*', 'Connection': 'keep-alive', 'Content-Type': 'application/json', 'Content-Length': '4843'} 
 body=b'{\n  "isLessor": true,\n  "referenceTypeId": 1,\n  "channelId": 2,\n  "submitedBy": "string",\n  "customerIBANNo": "string",\n  "customerIBANBank": "string",\n  "vehiclePickupLocationLatitude": "string",\n  "vehiclePickupLocationLongitude": "string",\n  "vehiclePickupLocationAddress": "string",\n  "ClaimDescription":"desc",\n  "cityId": 1,\n  "taqdeerReportNo": "string",\n  "accidentReportNo": "string",\n  "authorityId": 1,\n  "policyData": {\n    "insuranceCompanyId": 712,\n    "policyNumber": "string",\n    "annualDepreciationVehicle": "string",\n    "rateAndPremium": 0,\n    "deductible": 0,\n    "percentageTotalLost": 0,\n    "sumInsured": 0,\n    "repairMethod": "string",\n    "coverageFrom": "12-12-2005",\n    "coverageTo": "12-12-2006",\n    "featureId": 1,\n    "featureTypeId": 1,\n    "featureAmount": 0,\n    "featureTaxableAmount": 0\n  },\n  "driverData": [\n    {\n      "nationalNumber": "1234567891",\n      "fullName": "string",\n      "firstName": "string",\n      "secondName": "string",\n      "thirdName": "string",\n      "lastName": "string",\n      "fullNameEn": "string",\n      "firstNameEn": "string",\n      "secondNameEn": "string",\n      "thirdNameEn": "string",\n      "lastNameEn": "string",\n      "relationId": null,\n      "nationalityId": null,\n      "ispolicyHolder": true,\n      "isUser": true,\n      "usagePercentage": 0,\n      "driverDateofBirth": "12-12-1990",\n      "genderId": null,\n      "educationId": null,\n      "driverProfession": "string",\n      "maritalStatusId": null,\n      "workCityId": null,\n      "licenseTypeId": null,\n      "licenseOwnYears": 0,\n      "ncdRefrence": "string",\n      "accidentsNo": 0,\n      "claimsNo": 0,\n      "ncdCodeId": null,\n      "trafficViolationId": null,\n      "healthConditionId": null,\n      "driverCountryLicence": [\n        {\n          "countryId": 1\n        }\n      ],\n      "driverAccidentLicence": [\n        {\n          "accidentDetail": "string"\n        }\n      ]\n    }\n  ],\n  "accidentData": {\n    "attendedId": 1,\n    "accidentDate": "",\n    "fullName": "string",\n    "nationalNumer": "string",\n    "licenseNumber": "string",\n    "licenseExpiryDate": "",\n    "liability": 0,\n    "vehicleDamageAreaPhoto": ".png",\n    "accidentDescription": "string",\n    "accidentDrawing": ".png",\n    "taqdeerCenterName": "string",\n    "taqdeerCenterCityId": null,\n    "taqdeerDate": "12-12-2005",\n    "taqdeerCompletedDate": "12-12-2006",\n    "estimatedBy": "string",\n    "estimationCost": 0,\n    "estimationCostVAT": 0,\n    "sparePartsCost": 0,\n    "sparePartsCostVAT": 0,\n    "totalCost": 0,\n    "totalCostincludingVAT": 0,\n    "accidentComment": "string",\n    "paymentMethodId": null,\n    "paymentBy": "string",\n    "sparePartDealer": "string",\n    "overallDiscount": 0,\n    "sparePartsCostAfterDiscount": 0,\n    "sparepartsVatAfterDiscount": 0,\n    "sparePartFinalvaluewithVAT": 0\n  },\n  "accidentSparePart": [\n    {\n      "sparePartName": "string",\n      "sparePartCode": "string",\n      "quantity": 0,\n      "unitprice": 0,\n      "total": 0,\n      "discount": 0,\n      "consumption": 0,\n      "finalTotal": 0\n    }\n  ],\n"policyHolder": {\n    "fullName": "string",\n    "firstName": "string",\n    "secondName": "string",\n    "thirdName": "string",\n    "lastName": "string",\n    "fullNameEn": "string",\n    "firstNameEn": "string",\n    "secondNameEn": "string",\n    "thirdNameEn": "string",\n    "lastNameEn": "string",\n    "commercialRegistrationNo": "string",\n    "holderNumber": "string",\n    "holderExpiryDate": "12-12-2005",\n    "phonenumber": "0512345678",\n    "nationalAddress": "iiii",\n    "emailAddress": "jhjhjhj@wwwww.com",\n    "policyHolderOccupationId": null\n},\n   "vehicleData": {\n    "plateNumber": "234",\n    "firstPlateLetterId": 1,\n    "secondPlateLetterId": 1,\n    "thirdPlateLetterId": 1,\n    "plateTypeId": 1,\n    "registrationNumber": "ssss",\n    "registrationExpiryDate": "12-12-2005",\n    "capacityId": 1,\n    "bodyCodeId": 1,\n    "makeId": 1,\n    "modelId": 1,\n    "manufacureYear": 1,\n    "colorId": 1,\n    "chassisTypeId": 1,\n    "chassisNumber": "sss",\n    "sequenceNumber": "xx"\n  },\n "lesseeData": {\n    "nationalNumber": "1234567891",\n    "nationalNumberExpiryDate": "02-12-2008",\n    "fullName": "abdallah",\n    "firstName": "string",\n    "secondName": "string",\n    "thirdName": "string",\n    "lastName": "string",\n    "fullNameEn": "string",\n    "firstNameEn": "string",\n    "secondNameEn": "string",\n    "thirdNameEn": "string",\n    "lastNameEn": "string",\n    "socialStatusId": 1,\n    "genderId": 1,\n    "nationalityID": 1,\n    "dateOfBirth": "12-12-1990",\n    "nationalAddress": "string",\n    "mobilenumber": "0512345678",\n    "emailAddress": "hhh@www.com",\n    "lesseeOccupationId": 1\n  },\n  "attachementFiles": [\n    {\n      "filePath": ".png"\n    },\n{\n      "filePath": ".png"\n    },\n{\n      "filePath": ".png"\n    },\n{\n      "filePath": ".png"\n    }\n\n  ]\n}' 
 </msg>
<msg timestamp="20240523 11:09:25.766" level="INFO">POST Response : url=http://claimsapi-qc.rasan.co/api/Claim/Create 
 status=400, reason=Bad Request 
 headers={'Server': 'nginx/1.25.1', 'Date': 'Thu, 23 May 2024 08:10:20 GMT', 'Content-Type': 'application/json; charset=utf-8', 'Transfer-Encoding': 'chunked', 'Connection': 'keep-alive'} 
 body={"model":{"is_succeeded":false,"method_name":"Handle","status":{"code":2,"message":"Failed"},"exception":null,"data":{"apiErrorOutputDTO":{"errorCode":190,"errorMessage":"InvalidChannelId"},"data":null}}} 
 </msg>
<msg timestamp="20240523 11:09:25.766" level="INFO">${resp} = &lt;Response [400]&gt;</msg>
<status status="PASS" starttime="20240523 11:09:25.265" endtime="20240523 11:09:25.766"></status>
</kw>
<kw name="Status Should Be" library="RequestsLibrary">
<doc>Fails if response status code is different than the expected.</doc>
<arguments>
<arg>${statuscode}</arg>
<arg>${resp}</arg>
</arguments>
<status status="PASS" starttime="20240523 11:09:25.766" endtime="20240523 11:09:25.767"></status>
</kw>
<kw name="To Json" library="RequestsLibrary">
<doc>*DEPRECATED* Please use ${resp.json()} instead. Have a look at the improved HTML output as pretty printing replacement.</doc>
<arguments>
<arg>${resp.content}</arg>
</arguments>
<assign>
<var>${actualResult}</var>
</assign>
<msg timestamp="20240523 11:09:25.767" level="WARN">Keyword 'RequestsLibrary.To Json' is deprecated. Please use ${resp.json()} instead. Have a look at the improved HTML output as pretty printing replacement.</msg>
<msg timestamp="20240523 11:09:25.768" level="INFO">To JSON using : content={"model":{"is_succeeded":false,"method_name":"Handle","status":{"code":2,"message":"Failed"},"exception":null,"data":{"apiErrorOutputDTO":{"errorCode":190,"errorMessage":"InvalidChannelId"},"data":null}}} </msg>
<msg timestamp="20240523 11:09:25.768" level="INFO">To JSON using : pretty_print=False </msg>
<msg timestamp="20240523 11:09:25.768" level="INFO">${actualResult} = {'model': {'is_succeeded': False, 'method_name': 'Handle', 'status': {'code': 2, 'message': 'Failed'}, 'exception': None, 'data': {'apiErrorOutputDTO': {'errorCode': 190, 'errorMessage': 'InvalidChann...</msg>
<status status="PASS" starttime="20240523 11:09:25.767" endtime="20240523 11:09:25.768"></status>
</kw>
<kw name="Set Test Variable" library="BuiltIn">
<doc>Makes a variable available everywhere within the scope of the current test.</doc>
<arguments>
<arg>${actualResult}</arg>
</arguments>
<msg timestamp="20240523 11:09:25.769" level="INFO">${actualResult} = {'model': {'is_succeeded': False, 'method_name': 'Handle', 'status': {'code': 2, 'message': 'Failed'}, 'exception': None, 'data': {'apiErrorOutputDTO': {'errorCode': 190, 'errorMessage': 'InvalidChann...</msg>
<status status="PASS" starttime="20240523 11:09:25.768" endtime="20240523 11:09:25.769"></status>
</kw>
<status status="PASS" starttime="20240523 11:09:25.264" endtime="20240523 11:09:25.769"></status>
</kw>
<kw name="Verify API Response" library="API_Preferences">
<doc>veriy actual resutls</doc>
<arguments>
<arg>${actual}</arg>
<arg>${Expected}</arg>
</arguments>
<kw name="Should Be Equal As Strings" library="BuiltIn">
<doc>Fails if objects are unequal after converting them to strings.</doc>
<arguments>
<arg>${actualResult${actual}}</arg>
<arg>${Expected}</arg>
<arg>ignore_case=True</arg>
</arguments>
<msg timestamp="20240523 11:09:25.771" level="INFO">Argument types are:
&lt;class 'int'&gt;
&lt;type 'unicode'&gt;</msg>
<status status="PASS" starttime="20240523 11:09:25.770" endtime="20240523 11:09:25.771"></status>
</kw>
<status status="PASS" starttime="20240523 11:09:25.769" endtime="20240523 11:09:25.771"></status>
</kw>
<status status="PASS" starttime="20240523 11:09:25.264" endtime="20240523 11:09:25.771"></status>
</kw>
<status status="PASS" starttime="20240523 11:09:25.261" endtime="20240523 11:09:25.771"></status>
</kw>
<tags>
<tag>smoke</tag>
</tags>
<status status="PASS" starttime="20240523 11:09:25.259" endtime="20240523 11:09:25.771" critical="yes"></status>
</test>
<test id="s1-s1-t3" name="Manual-Enter Channel ID as string">
<kw name="Create_Claim">
<arguments>
<arg>http://claimsapi-qc.rasan.co</arg>
<arg>/api/Claim/Create</arg>
<arg>{
  "isLessor": true,
  "referenceTypeId": 1,
  "channelId": "aa",
  "submitedBy": "string",
  "customerIBANNo": "string",
  "customerIBANBank": "string",
  "vehiclePickupLocationLatitude": "string",
  "vehiclePickupLocationLongitude": "string",
  "vehiclePickupLocationAddress": "string",
  "ClaimDescription":"desc",
  "cityId": 1,
  "taqdeerReportNo": "string",
  "accidentReportNo": "string",
  "authorityId": 1,
  "policyData": {
    "insuranceCompanyId": 712,
    "policyNumber": "string",
    "annualDepreciationVehicle": "string",
    "rateAndPremium": 0,
    "deductible": 0,
    "percentageTotalLost": 0,
    "sumInsured": 0,
    "repairMethod": "string",
    "coverageFrom": "12-12-2005",
    "coverageTo": "12-12-2006",
    "featureId": 1,
    "featureTypeId": 1,
    "featureAmount": 0,
    "featureTaxableAmount": 0
  },
  "driverData": [
    {
      "nationalNumber": "1234567891",
      "fullName": "string",
      "firstName": "string",
      "secondName": "string",
      "thirdName": "string",
      "lastName": "string",
      "fullNameEn": "string",
      "firstNameEn": "string",
      "secondNameEn": "string",
      "thirdNameEn": "string",
      "lastNameEn": "string",
      "relationId": null,
      "nationalityId": null,
      "ispolicyHolder": true,
      "isUser": true,
      "usagePercentage": 0,
      "driverDateofBirth": "12-12-1990",
      "genderId": null,
      "educationId": null,
      "driverProfession": "string",
      "maritalStatusId": null,
      "workCityId": null,
      "licenseTypeId": null,
      "licenseOwnYears": 0,
      "ncdRefrence": "string",
      "accidentsNo": 0,
      "claimsNo": 0,
      "ncdCodeId": null,
      "trafficViolationId": null,
      "healthConditionId": null,
      "driverCountryLicence": [
        {
          "countryId": 1
        }
      ],
      "driverAccidentLicence": [
        {
          "accidentDetail": "string"
        }
      ]
    }
  ],
  "accidentData": {
    "attendedId": 1,
    "accidentDate": "",
    "fullName": "string",
    "nationalNumer": "string",
    "licenseNumber": "string",
    "licenseExpiryDate": "",
    "liability": 0,
    "vehicleDamageAreaPhoto": ".png",
    "accidentDescription": "string",
    "accidentDrawing": ".png",
    "taqdeerCenterName": "string",
    "taqdeerCenterCityId": null,
    "taqdeerDate": "12-12-2005",
    "taqdeerCompletedDate": "12-12-2006",
    "estimatedBy": "string",
    "estimationCost": 0,
    "estimationCostVAT": 0,
    "sparePartsCost": 0,
    "sparePartsCostVAT": 0,
    "totalCost": 0,
    "totalCostincludingVAT": 0,
    "accidentComment": "string",
    "paymentMethodId": null,
    "paymentBy": "string",
    "sparePartDealer": "string",
    "overallDiscount": 0,
    "sparePartsCostAfterDiscount": 0,
    "sparepartsVatAfterDiscount": 0,
    "sparePartFinalvaluewithVAT": 0
  },
  "accidentSparePart": [
    {
      "sparePartName": "string",
      "sparePartCode": "string",
      "quantity": 0,
      "unitprice": 0,
      "total": 0,
      "discount": 0,
      "consumption": 0,
      "finalTotal": 0
    }
  ],
"policyHolder": {
    "fullName": "string",
    "firstName": "string",
    "secondName": "string",
    "thirdName": "string",
    "lastName": "string",
    "fullNameEn": "string",
    "firstNameEn": "string",
    "secondNameEn": "string",
    "thirdNameEn": "string",
    "lastNameEn": "string",
    "commercialRegistrationNo": "string",
    "holderNumber": "string",
    "holderExpiryDate": "12-12-2005",
    "phonenumber": "0512345678",
    "nationalAddress": "iiii",
    "emailAddress": "jhjhjhj@wwwww.com",
    "policyHolderOccupationId": null
},
   "vehicleData": {
    "plateNumber": "234",
    "firstPlateLetterId": 1,
    "secondPlateLetterId": 1,
    "thirdPlateLetterId": 1,
    "plateTypeId": 1,
    "registrationNumber": "ssss",
    "registrationExpiryDate": "12-12-2005",
    "capacityId": 1,
    "bodyCodeId": 1,
    "makeId": 1,
    "modelId": 1,
    "manufacureYear": 1,
    "colorId": 1,
    "chassisTypeId": 1,
    "chassisNumber": "sss",
    "sequenceNumber": "xx"
  },
 "lesseeData": {
    "nationalNumber": "1234567891",
    "nationalNumberExpiryDate": "02-12-2008",
    "fullName": "abdallah",
    "firstName": "string",
    "secondName": "string",
    "thirdName": "string",
    "lastName": "string",
    "fullNameEn": "string",
    "firstNameEn": "string",
    "secondNameEn": "string",
    "thirdNameEn": "string",
    "lastNameEn": "string",
    "socialStatusId": 1,
    "genderId": 1,
    "nationalityID": 1,
    "dateOfBirth": "12-12-1990",
    "nationalAddress": "string",
    "mobilenumber": "0512345678",
    "emailAddress": "hhh@www.com",
    "lesseeOccupationId": 1
  },
  "attachementFiles": [
    {
      "filePath": ".png"
    },
{
      "filePath": ".png"
    },
{
      "filePath": ".png"
    },
{
      "filePath": ".png"
    }

  ]
}</arg>
<arg>422</arg>
<arg>["errorCode"]</arg>
<arg>ValidationErrorCode</arg>
</arguments>
<kw name="Create API session" library="API_Preferences">
<arguments>
<arg>${URL}</arg>
</arguments>
<kw name="Generate Random String" library="String">
<doc>Generates a string with a desired ``length`` from the given ``chars``.</doc>
<arguments>
<arg>4</arg>
<arg>[NUMBERS]</arg>
</arguments>
<assign>
<var>${randomNumber}</var>
</assign>
<msg timestamp="20240523 11:09:25.775" level="INFO">${randomNumber} = 3851</msg>
<status status="PASS" starttime="20240523 11:09:25.774" endtime="20240523 11:09:25.775"></status>
</kw>
<kw name="Catenate" library="BuiltIn">
<doc>Catenates the given items together and returns the resulted string.</doc>
<arguments>
<arg>session_${randomNumber}</arg>
<arg>disable_warnings=1</arg>
</arguments>
<assign>
<var>${sessionName}</var>
</assign>
<msg timestamp="20240523 11:09:25.775" level="INFO">${sessionName} = session_3851 disable_warnings=1</msg>
<status status="PASS" starttime="20240523 11:09:25.775" endtime="20240523 11:09:25.775"></status>
</kw>
<kw name="Set Global Variable" library="BuiltIn">
<doc>Makes a variable available globally in all tests and suites.</doc>
<arguments>
<arg>${sessionName}</arg>
</arguments>
<msg timestamp="20240523 11:09:25.775" level="INFO">${sessionName} = session_3851 disable_warnings=1</msg>
<status status="PASS" starttime="20240523 11:09:25.775" endtime="20240523 11:09:25.775"></status>
</kw>
<kw name="Create Session" library="RequestsLibrary">
<doc>Create Session: create a HTTP session to a server</doc>
<arguments>
<arg>${sessionName}</arg>
<arg>${Base_Url}</arg>
<arg>timeout=30</arg>
<arg>disable_warnings=1</arg>
</arguments>
<msg timestamp="20240523 11:09:25.776" level="INFO">Creating Session using : alias=session_3851 disable_warnings=1, url=http://claimsapi-qc.rasan.co, headers={},                     cookies={}, auth=None, timeout=30, proxies=None, verify=False,                     debug=0 </msg>
<status status="PASS" starttime="20240523 11:09:25.776" endtime="20240523 11:09:25.776"></status>
</kw>
<status status="PASS" starttime="20240523 11:09:25.774" endtime="20240523 11:09:25.776"></status>
</kw>
<kw name="Post Request claim" library="API_Preferences">
<arguments>
<arg>${sessionName}</arg>
<arg>${URI}</arg>
<arg>${body}</arg>
<arg>${StatusCode}</arg>
<arg>${actual}</arg>
<arg>${Expected}</arg>
<arg>${RandomData}</arg>
</arguments>
<kw name="Post Request using data Driven Structure" library="API_Preferences">
<doc>Post request with DataDriven structure</doc>
<arguments>
<arg>${sessionName}</arg>
<arg>${Url}</arg>
<arg>${body}</arg>
<arg>${StatusCode}</arg>
</arguments>
<kw name="Create Dictionary" library="BuiltIn">
<doc>Creates and returns a dictionary based on the given ``items``.</doc>
<arguments>
<arg>Content-Type=application/json</arg>
</arguments>
<assign>
<var>${headers}</var>
</assign>
<msg timestamp="20240523 11:09:25.777" level="INFO">${headers} = {'Content-Type': 'application/json'}</msg>
<status status="PASS" starttime="20240523 11:09:25.777" endtime="20240523 11:09:25.777"></status>
</kw>
<kw name="Post Request" library="RequestsLibrary">
<doc>*DEPRECATED* Please use `POST On Session` instead.</doc>
<arguments>
<arg>${sessionName}</arg>
<arg>${URI}</arg>
<arg>${data}</arg>
<arg>headers=${headers}</arg>
<arg>timeout=10</arg>
</arguments>
<assign>
<var>${resp}</var>
</assign>
<msg timestamp="20240523 11:09:25.778" level="WARN">Keyword 'RequestsLibrary.Post Request' is deprecated. Please use `POST On Session` instead.</msg>
<msg timestamp="20240523 11:09:26.263" level="INFO">POST Request : url=http://claimsapi-qc.rasan.co/api/Claim/Create 
 path_url=/api/Claim/Create 
 headers={'User-Agent': 'python-requests/2.31.0', 'Accept-Encoding': 'gzip, deflate', 'Accept': '*/*', 'Connection': 'keep-alive', 'Content-Type': 'application/json', 'Content-Length': '4846'} 
 body=b'{\n  "isLessor": true,\n  "referenceTypeId": 1,\n  "channelId": "aa",\n  "submitedBy": "string",\n  "customerIBANNo": "string",\n  "customerIBANBank": "string",\n  "vehiclePickupLocationLatitude": "string",\n  "vehiclePickupLocationLongitude": "string",\n  "vehiclePickupLocationAddress": "string",\n  "ClaimDescription":"desc",\n  "cityId": 1,\n  "taqdeerReportNo": "string",\n  "accidentReportNo": "string",\n  "authorityId": 1,\n  "policyData": {\n    "insuranceCompanyId": 712,\n    "policyNumber": "string",\n    "annualDepreciationVehicle": "string",\n    "rateAndPremium": 0,\n    "deductible": 0,\n    "percentageTotalLost": 0,\n    "sumInsured": 0,\n    "repairMethod": "string",\n    "coverageFrom": "12-12-2005",\n    "coverageTo": "12-12-2006",\n    "featureId": 1,\n    "featureTypeId": 1,\n    "featureAmount": 0,\n    "featureTaxableAmount": 0\n  },\n  "driverData": [\n    {\n      "nationalNumber": "1234567891",\n      "fullName": "string",\n      "firstName": "string",\n      "secondName": "string",\n      "thirdName": "string",\n      "lastName": "string",\n      "fullNameEn": "string",\n      "firstNameEn": "string",\n      "secondNameEn": "string",\n      "thirdNameEn": "string",\n      "lastNameEn": "string",\n      "relationId": null,\n      "nationalityId": null,\n      "ispolicyHolder": true,\n      "isUser": true,\n      "usagePercentage": 0,\n      "driverDateofBirth": "12-12-1990",\n      "genderId": null,\n      "educationId": null,\n      "driverProfession": "string",\n      "maritalStatusId": null,\n      "workCityId": null,\n      "licenseTypeId": null,\n      "licenseOwnYears": 0,\n      "ncdRefrence": "string",\n      "accidentsNo": 0,\n      "claimsNo": 0,\n      "ncdCodeId": null,\n      "trafficViolationId": null,\n      "healthConditionId": null,\n      "driverCountryLicence": [\n        {\n          "countryId": 1\n        }\n      ],\n      "driverAccidentLicence": [\n        {\n          "accidentDetail": "string"\n        }\n      ]\n    }\n  ],\n  "accidentData": {\n    "attendedId": 1,\n    "accidentDate": "",\n    "fullName": "string",\n    "nationalNumer": "string",\n    "licenseNumber": "string",\n    "licenseExpiryDate": "",\n    "liability": 0,\n    "vehicleDamageAreaPhoto": ".png",\n    "accidentDescription": "string",\n    "accidentDrawing": ".png",\n    "taqdeerCenterName": "string",\n    "taqdeerCenterCityId": null,\n    "taqdeerDate": "12-12-2005",\n    "taqdeerCompletedDate": "12-12-2006",\n    "estimatedBy": "string",\n    "estimationCost": 0,\n    "estimationCostVAT": 0,\n    "sparePartsCost": 0,\n    "sparePartsCostVAT": 0,\n    "totalCost": 0,\n    "totalCostincludingVAT": 0,\n    "accidentComment": "string",\n    "paymentMethodId": null,\n    "paymentBy": "string",\n    "sparePartDealer": "string",\n    "overallDiscount": 0,\n    "sparePartsCostAfterDiscount": 0,\n    "sparepartsVatAfterDiscount": 0,\n    "sparePartFinalvaluewithVAT": 0\n  },\n  "accidentSparePart": [\n    {\n      "sparePartName": "string",\n      "sparePartCode": "string",\n      "quantity": 0,\n      "unitprice": 0,\n      "total": 0,\n      "discount": 0,\n      "consumption": 0,\n      "finalTotal": 0\n    }\n  ],\n"policyHolder": {\n    "fullName": "string",\n    "firstName": "string",\n    "secondName": "string",\n    "thirdName": "string",\n    "lastName": "string",\n    "fullNameEn": "string",\n    "firstNameEn": "string",\n    "secondNameEn": "string",\n    "thirdNameEn": "string",\n    "lastNameEn": "string",\n    "commercialRegistrationNo": "string",\n    "holderNumber": "string",\n    "holderExpiryDate": "12-12-2005",\n    "phonenumber": "0512345678",\n    "nationalAddress": "iiii",\n    "emailAddress": "jhjhjhj@wwwww.com",\n    "policyHolderOccupationId": null\n},\n   "vehicleData": {\n    "plateNumber": "234",\n    "firstPlateLetterId": 1,\n    "secondPlateLetterId": 1,\n    "thirdPlateLetterId": 1,\n    "plateTypeId": 1,\n    "registrationNumber": "ssss",\n    "registrationExpiryDate": "12-12-2005",\n    "capacityId": 1,\n    "bodyCodeId": 1,\n    "makeId": 1,\n    "modelId": 1,\n    "manufacureYear": 1,\n    "colorId": 1,\n    "chassisTypeId": 1,\n    "chassisNumber": "sss",\n    "sequenceNumber": "xx"\n  },\n "lesseeData": {\n    "nationalNumber": "1234567891",\n    "nationalNumberExpiryDate": "02-12-2008",\n    "fullName": "abdallah",\n    "firstName": "string",\n    "secondName": "string",\n    "thirdName": "string",\n    "lastName": "string",\n    "fullNameEn": "string",\n    "firstNameEn": "string",\n    "secondNameEn": "string",\n    "thirdNameEn": "string",\n    "lastNameEn": "string",\n    "socialStatusId": 1,\n    "genderId": 1,\n    "nationalityID": 1,\n    "dateOfBirth": "12-12-1990",\n    "nationalAddress": "string",\n    "mobilenumber": "0512345678",\n    "emailAddress": "hhh@www.com",\n    "lesseeOccupationId": 1\n  },\n  "attachementFiles": [\n    {\n      "filePath": ".png"\n    },\n{\n      "filePath": ".png"\n    },\n{\n      "filePath": ".png"\n    },\n{\n      "filePath": ".png"\n    }\n\n  ]\n}' 
 </msg>
<msg timestamp="20240523 11:09:26.263" level="INFO">POST Response : url=http://claimsapi-qc.rasan.co/api/Claim/Create 
 status=422, reason=Unprocessable Entity 
 headers={'Server': 'nginx/1.25.1', 'Date': 'Thu, 23 May 2024 08:10:20 GMT', 'Content-Type': 'application/json; charset=utf-8', 'Transfer-Encoding': 'chunked', 'Connection': 'keep-alive'} 
 body={"traceId":null,"errorCode":"ValidationErrorCode","errors":["The model field is required.","The JSON value could not be converted to System.Int32. Path: $.channelId | LineNumber: 3 | BytePositionInLine: 19."]} 
 </msg>
<msg timestamp="20240523 11:09:26.264" level="INFO">${resp} = &lt;Response [422]&gt;</msg>
<status status="PASS" starttime="20240523 11:09:25.777" endtime="20240523 11:09:26.264"></status>
</kw>
<kw name="Status Should Be" library="RequestsLibrary">
<doc>Fails if response status code is different than the expected.</doc>
<arguments>
<arg>${statuscode}</arg>
<arg>${resp}</arg>
</arguments>
<status status="PASS" starttime="20240523 11:09:26.264" endtime="20240523 11:09:26.264"></status>
</kw>
<kw name="To Json" library="RequestsLibrary">
<doc>*DEPRECATED* Please use ${resp.json()} instead. Have a look at the improved HTML output as pretty printing replacement.</doc>
<arguments>
<arg>${resp.content}</arg>
</arguments>
<assign>
<var>${actualResult}</var>
</assign>
<msg timestamp="20240523 11:09:26.265" level="WARN">Keyword 'RequestsLibrary.To Json' is deprecated. Please use ${resp.json()} instead. Have a look at the improved HTML output as pretty printing replacement.</msg>
<msg timestamp="20240523 11:09:26.265" level="INFO">To JSON using : content={"traceId":null,"errorCode":"ValidationErrorCode","errors":["The model field is required.","The JSON value could not be converted to System.Int32. Path: $.channelId | LineNumber: 3 | BytePositionInLine: 19."]} </msg>
<msg timestamp="20240523 11:09:26.265" level="INFO">To JSON using : pretty_print=False </msg>
<msg timestamp="20240523 11:09:26.265" level="INFO">${actualResult} = {'traceId': None, 'errorCode': 'ValidationErrorCode', 'errors': ['The model field is required.', 'The JSON value could not be converted to System.Int32. Path: $.channelId | LineNumber: 3 | BytePositio...</msg>
<status status="PASS" starttime="20240523 11:09:26.265" endtime="20240523 11:09:26.265"></status>
</kw>
<kw name="Set Test Variable" library="BuiltIn">
<doc>Makes a variable available everywhere within the scope of the current test.</doc>
<arguments>
<arg>${actualResult}</arg>
</arguments>
<msg timestamp="20240523 11:09:26.266" level="INFO">${actualResult} = {'traceId': None, 'errorCode': 'ValidationErrorCode', 'errors': ['The model field is required.', 'The JSON value could not be converted to System.Int32. Path: $.channelId | LineNumber: 3 | BytePositio...</msg>
<status status="PASS" starttime="20240523 11:09:26.266" endtime="20240523 11:09:26.266"></status>
</kw>
<status status="PASS" starttime="20240523 11:09:25.777" endtime="20240523 11:09:26.266"></status>
</kw>
<kw name="Verify API Response" library="API_Preferences">
<doc>veriy actual resutls</doc>
<arguments>
<arg>${actual}</arg>
<arg>${Expected}</arg>
</arguments>
<kw name="Should Be Equal As Strings" library="BuiltIn">
<doc>Fails if objects are unequal after converting them to strings.</doc>
<arguments>
<arg>${actualResult${actual}}</arg>
<arg>${Expected}</arg>
<arg>ignore_case=True</arg>
</arguments>
<status status="PASS" starttime="20240523 11:09:26.267" endtime="20240523 11:09:26.268"></status>
</kw>
<status status="PASS" starttime="20240523 11:09:26.266" endtime="20240523 11:09:26.268"></status>
</kw>
<status status="PASS" starttime="20240523 11:09:25.776" endtime="20240523 11:09:26.268"></status>
</kw>
<status status="PASS" starttime="20240523 11:09:25.773" endtime="20240523 11:09:26.268"></status>
</kw>
<tags>
<tag>smoke</tag>
</tags>
<status status="PASS" starttime="20240523 11:09:25.772" endtime="20240523 11:09:26.268" critical="yes"></status>
</test>
<test id="s1-s1-t4" name="Post-Enter Lessee National Number Is InValid Format">
<kw name="Create_Claim">
<arguments>
<arg>http://claimsapi-qc.rasan.co</arg>
<arg>/api/Claim/Create</arg>
<arg>{
  "isLessor": true,
  "referenceTypeId": 1,
  "channelId": 1,
  "submitedBy": "string",
  "customerIBANNo": "string",
  "customerIBANBank": "string",
  "vehiclePickupLocationLatitude": "string",
  "vehiclePickupLocationLongitude": "string",
  "vehiclePickupLocationAddress": "string",
  "ClaimDescription":"desc",
  "cityId": 1,
  "taqdeerReportNo": "string",
  "accidentReportNo": "string",
  "authorityId": 1,
  "policyData": {
    "insuranceCompanyId": 712,
    "policyNumber": "string",
    "annualDepreciationVehicle": "string",
    "rateAndPremium": 0,
    "deductible": 0,
    "percentageTotalLost": 0,
    "sumInsured": 0,
    "repairMethod": "string",
    "coverageFrom": "12-12-2005",
    "coverageTo": "12-12-2006",
    "featureId": 1,
    "featureTypeId": 1,
    "featureAmount": 0,
    "featureTaxableAmount": 0
  },
  "driverData": [
    {
      "nationalNumber": "1234567891",
      "fullName": "string",
      "firstName": "string",
      "secondName": "string",
      "thirdName": "string",
      "lastName": "string",
      "fullNameEn": "string",
      "firstNameEn": "string",
      "secondNameEn": "string",
      "thirdNameEn": "string",
      "lastNameEn": "string",
      "relationId": null,
      "nationalityId": null,
      "ispolicyHolder": true,
      "isUser": true,
      "usagePercentage": 0,
      "driverDateofBirth": "12-12-1990",
      "genderId": null,
      "educationId": null,
      "driverProfession": "string",
      "maritalStatusId": null,
      "workCityId": null,
      "licenseTypeId": null,
      "licenseOwnYears": 0,
      "ncdRefrence": "string",
      "accidentsNo": 0,
      "claimsNo": 0,
      "ncdCodeId": null,
      "trafficViolationId": null,
      "healthConditionId": null,
      "driverCountryLicence": [
        {
          "countryId": 1
        }
      ],
      "driverAccidentLicence": [
        {
          "accidentDetail": "string"
        }
      ]
    }
  ],
  "accidentData": {
    "attendedId": 1,
    "accidentDate": "",
    "fullName": "string",
    "nationalNumer": "string",
    "licenseNumber": "string",
    "licenseExpiryDate": "",
    "liability": 0,
    "vehicleDamageAreaPhoto": ".png",
    "accidentDescription": "string",
    "accidentDrawing": ".png",
    "taqdeerCenterName": "string",
    "taqdeerCenterCityId": null,
    "taqdeerDate": "12-12-2005",
    "taqdeerCompletedDate": "12-12-2006",
    "estimatedBy": "string",
    "estimationCost": 0,
    "estimationCostVAT": 0,
    "sparePartsCost": 0,
    "sparePartsCostVAT": 0,
    "totalCost": 0,
    "totalCostincludingVAT": 0,
    "accidentComment": "string",
    "paymentMethodId": null,
    "paymentBy": "string",
    "sparePartDealer": "string",
    "overallDiscount": 0,
    "sparePartsCostAfterDiscount": 0,
    "sparepartsVatAfterDiscount": 0,
    "sparePartFinalvaluewithVAT": 0
  },
  "accidentSparePart": [
    {
      "sparePartName": "string",
      "sparePartCode": "string",
      "quantity": 0,
      "unitprice": 0,
      "total": 0,
      "discount": 0,
      "consumption": 0,
      "finalTotal": 0
    }
  ],
"policyHolder": {
    "fullName": "string",
    "firstName": "string",
    "secondName": "string",
    "thirdName": "string",
    "lastName": "string",
    "fullNameEn": "string",
    "firstNameEn": "string",
    "secondNameEn": "string",
    "thirdNameEn": "string",
    "lastNameEn": "string",
    "commercialRegistrationNo": "string",
    "holderNumber": "string",
    "holderExpiryDate": "12-12-2005",
    "phonenumber": "0512345678",
    "nationalAddress": "iiii",
    "emailAddress": "jhjhjhj@wwwww.com",
    "policyHolderOccupationId": null
},
   "vehicleData": {
    "plateNumber": "234",
    "firstPlateLetterId": 1,
    "secondPlateLetterId": 1,
    "thirdPlateLetterId": 1,
    "plateTypeId": 1,
    "registrationNumber": "ssss",
    "registrationExpiryDate": "12-12-2005",
    "capacityId": 1,
    "bodyCodeId": 1,
    "makeId": 1,
    "modelId": 1,
    "manufacureYear": 1,
    "colorId": 1,
    "chassisTypeId": 1,
    "chassisNumber": "sss",
    "sequenceNumber": "xx"
  },
 "lesseeData": {
    "nationalNumber": "3234567891",
    "nationalNumberExpiryDate": "12-12-2008",
    "fullName": "string",
    "firstName": "string",
    "secondName": "string",
    "thirdName": "string",
    "lastName": "string",
    "fullNameEn": "string",
    "firstNameEn": "string",
    "secondNameEn": "string",
    "thirdNameEn": "string",
    "lastNameEn": "string",
    "socialStatusId": 1,
    "genderId": 1,
    "nationalityID": 1,
    "dateOfBirth": "12-12-1990",
    "nationalAddress": "string",
    "mobilenumber": "0512345678",
    "emailAddress": "hhh@www.com",
    "lesseeOccupationId": 1
  },
  "attachementFiles": [
    {
      "filePath": ".png"
    },
{
      "filePath": ".png"
    },
{
      "filePath": ".png"
    },
{
      "filePath": ".png"
    }

  ]
}</arg>
<arg>400</arg>
<arg>["model"]["data"]["apiErrorOutputDTO"]["errorCode"]</arg>
<arg>116</arg>
</arguments>
<kw name="Create API session" library="API_Preferences">
<arguments>
<arg>${URL}</arg>
</arguments>
<kw name="Generate Random String" library="String">
<doc>Generates a string with a desired ``length`` from the given ``chars``.</doc>
<arguments>
<arg>4</arg>
<arg>[NUMBERS]</arg>
</arguments>
<assign>
<var>${randomNumber}</var>
</assign>
<msg timestamp="20240523 11:09:26.272" level="INFO">${randomNumber} = 9625</msg>
<status status="PASS" starttime="20240523 11:09:26.272" endtime="20240523 11:09:26.272"></status>
</kw>
<kw name="Catenate" library="BuiltIn">
<doc>Catenates the given items together and returns the resulted string.</doc>
<arguments>
<arg>session_${randomNumber}</arg>
<arg>disable_warnings=1</arg>
</arguments>
<assign>
<var>${sessionName}</var>
</assign>
<msg timestamp="20240523 11:09:26.272" level="INFO">${sessionName} = session_9625 disable_warnings=1</msg>
<status status="PASS" starttime="20240523 11:09:26.272" endtime="20240523 11:09:26.273"></status>
</kw>
<kw name="Set Global Variable" library="BuiltIn">
<doc>Makes a variable available globally in all tests and suites.</doc>
<arguments>
<arg>${sessionName}</arg>
</arguments>
<msg timestamp="20240523 11:09:26.273" level="INFO">${sessionName} = session_9625 disable_warnings=1</msg>
<status status="PASS" starttime="20240523 11:09:26.273" endtime="20240523 11:09:26.273"></status>
</kw>
<kw name="Create Session" library="RequestsLibrary">
<doc>Create Session: create a HTTP session to a server</doc>
<arguments>
<arg>${sessionName}</arg>
<arg>${Base_Url}</arg>
<arg>timeout=30</arg>
<arg>disable_warnings=1</arg>
</arguments>
<msg timestamp="20240523 11:09:26.274" level="INFO">Creating Session using : alias=session_9625 disable_warnings=1, url=http://claimsapi-qc.rasan.co, headers={},                     cookies={}, auth=None, timeout=30, proxies=None, verify=False,                     debug=0 </msg>
<status status="PASS" starttime="20240523 11:09:26.273" endtime="20240523 11:09:26.274"></status>
</kw>
<status status="PASS" starttime="20240523 11:09:26.271" endtime="20240523 11:09:26.274"></status>
</kw>
<kw name="Post Request claim" library="API_Preferences">
<arguments>
<arg>${sessionName}</arg>
<arg>${URI}</arg>
<arg>${body}</arg>
<arg>${StatusCode}</arg>
<arg>${actual}</arg>
<arg>${Expected}</arg>
<arg>${RandomData}</arg>
</arguments>
<kw name="Post Request using data Driven Structure" library="API_Preferences">
<doc>Post request with DataDriven structure</doc>
<arguments>
<arg>${sessionName}</arg>
<arg>${Url}</arg>
<arg>${body}</arg>
<arg>${StatusCode}</arg>
</arguments>
<kw name="Create Dictionary" library="BuiltIn">
<doc>Creates and returns a dictionary based on the given ``items``.</doc>
<arguments>
<arg>Content-Type=application/json</arg>
</arguments>
<assign>
<var>${headers}</var>
</assign>
<msg timestamp="20240523 11:09:26.276" level="INFO">${headers} = {'Content-Type': 'application/json'}</msg>
<status status="PASS" starttime="20240523 11:09:26.276" endtime="20240523 11:09:26.276"></status>
</kw>
<kw name="Post Request" library="RequestsLibrary">
<doc>*DEPRECATED* Please use `POST On Session` instead.</doc>
<arguments>
<arg>${sessionName}</arg>
<arg>${URI}</arg>
<arg>${data}</arg>
<arg>headers=${headers}</arg>
<arg>timeout=10</arg>
</arguments>
<assign>
<var>${resp}</var>
</assign>
<msg timestamp="20240523 11:09:26.277" level="WARN">Keyword 'RequestsLibrary.Post Request' is deprecated. Please use `POST On Session` instead.</msg>
<msg timestamp="20240523 11:09:26.869" level="INFO">POST Request : url=http://claimsapi-qc.rasan.co/api/Claim/Create 
 path_url=/api/Claim/Create 
 headers={'User-Agent': 'python-requests/2.31.0', 'Accept-Encoding': 'gzip, deflate', 'Accept': '*/*', 'Connection': 'keep-alive', 'Content-Type': 'application/json', 'Content-Length': '4841'} 
 body=b'{\n  "isLessor": true,\n  "referenceTypeId": 1,\n  "channelId": 1,\n  "submitedBy": "string",\n  "customerIBANNo": "string",\n  "customerIBANBank": "string",\n  "vehiclePickupLocationLatitude": "string",\n  "vehiclePickupLocationLongitude": "string",\n  "vehiclePickupLocationAddress": "string",\n  "ClaimDescription":"desc",\n  "cityId": 1,\n  "taqdeerReportNo": "string",\n  "accidentReportNo": "string",\n  "authorityId": 1,\n  "policyData": {\n    "insuranceCompanyId": 712,\n    "policyNumber": "string",\n    "annualDepreciationVehicle": "string",\n    "rateAndPremium": 0,\n    "deductible": 0,\n    "percentageTotalLost": 0,\n    "sumInsured": 0,\n    "repairMethod": "string",\n    "coverageFrom": "12-12-2005",\n    "coverageTo": "12-12-2006",\n    "featureId": 1,\n    "featureTypeId": 1,\n    "featureAmount": 0,\n    "featureTaxableAmount": 0\n  },\n  "driverData": [\n    {\n      "nationalNumber": "1234567891",\n      "fullName": "string",\n      "firstName": "string",\n      "secondName": "string",\n      "thirdName": "string",\n      "lastName": "string",\n      "fullNameEn": "string",\n      "firstNameEn": "string",\n      "secondNameEn": "string",\n      "thirdNameEn": "string",\n      "lastNameEn": "string",\n      "relationId": null,\n      "nationalityId": null,\n      "ispolicyHolder": true,\n      "isUser": true,\n      "usagePercentage": 0,\n      "driverDateofBirth": "12-12-1990",\n      "genderId": null,\n      "educationId": null,\n      "driverProfession": "string",\n      "maritalStatusId": null,\n      "workCityId": null,\n      "licenseTypeId": null,\n      "licenseOwnYears": 0,\n      "ncdRefrence": "string",\n      "accidentsNo": 0,\n      "claimsNo": 0,\n      "ncdCodeId": null,\n      "trafficViolationId": null,\n      "healthConditionId": null,\n      "driverCountryLicence": [\n        {\n          "countryId": 1\n        }\n      ],\n      "driverAccidentLicence": [\n        {\n          "accidentDetail": "string"\n        }\n      ]\n    }\n  ],\n  "accidentData": {\n    "attendedId": 1,\n    "accidentDate": "",\n    "fullName": "string",\n    "nationalNumer": "string",\n    "licenseNumber": "string",\n    "licenseExpiryDate": "",\n    "liability": 0,\n    "vehicleDamageAreaPhoto": ".png",\n    "accidentDescription": "string",\n    "accidentDrawing": ".png",\n    "taqdeerCenterName": "string",\n    "taqdeerCenterCityId": null,\n    "taqdeerDate": "12-12-2005",\n    "taqdeerCompletedDate": "12-12-2006",\n    "estimatedBy": "string",\n    "estimationCost": 0,\n    "estimationCostVAT": 0,\n    "sparePartsCost": 0,\n    "sparePartsCostVAT": 0,\n    "totalCost": 0,\n    "totalCostincludingVAT": 0,\n    "accidentComment": "string",\n    "paymentMethodId": null,\n    "paymentBy": "string",\n    "sparePartDealer": "string",\n    "overallDiscount": 0,\n    "sparePartsCostAfterDiscount": 0,\n    "sparepartsVatAfterDiscount": 0,\n    "sparePartFinalvaluewithVAT": 0\n  },\n  "accidentSparePart": [\n    {\n      "sparePartName": "string",\n      "sparePartCode": "string",\n      "quantity": 0,\n      "unitprice": 0,\n      "total": 0,\n      "discount": 0,\n      "consumption": 0,\n      "finalTotal": 0\n    }\n  ],\n"policyHolder": {\n    "fullName": "string",\n    "firstName": "string",\n    "secondName": "string",\n    "thirdName": "string",\n    "lastName": "string",\n    "fullNameEn": "string",\n    "firstNameEn": "string",\n    "secondNameEn": "string",\n    "thirdNameEn": "string",\n    "lastNameEn": "string",\n    "commercialRegistrationNo": "string",\n    "holderNumber": "string",\n    "holderExpiryDate": "12-12-2005",\n    "phonenumber": "0512345678",\n    "nationalAddress": "iiii",\n    "emailAddress": "jhjhjhj@wwwww.com",\n    "policyHolderOccupationId": null\n},\n   "vehicleData": {\n    "plateNumber": "234",\n    "firstPlateLetterId": 1,\n    "secondPlateLetterId": 1,\n    "thirdPlateLetterId": 1,\n    "plateTypeId": 1,\n    "registrationNumber": "ssss",\n    "registrationExpiryDate": "12-12-2005",\n    "capacityId": 1,\n    "bodyCodeId": 1,\n    "makeId": 1,\n    "modelId": 1,\n    "manufacureYear": 1,\n    "colorId": 1,\n    "chassisTypeId": 1,\n    "chassisNumber": "sss",\n    "sequenceNumber": "xx"\n  },\n "lesseeData": {\n    "nationalNumber": "3234567891",\n    "nationalNumberExpiryDate": "12-12-2008",\n    "fullName": "string",\n    "firstName": "string",\n    "secondName": "string",\n    "thirdName": "string",\n    "lastName": "string",\n    "fullNameEn": "string",\n    "firstNameEn": "string",\n    "secondNameEn": "string",\n    "thirdNameEn": "string",\n    "lastNameEn": "string",\n    "socialStatusId": 1,\n    "genderId": 1,\n    "nationalityID": 1,\n    "dateOfBirth": "12-12-1990",\n    "nationalAddress": "string",\n    "mobilenumber": "0512345678",\n    "emailAddress": "hhh@www.com",\n    "lesseeOccupationId": 1\n  },\n  "attachementFiles": [\n    {\n      "filePath": ".png"\n    },\n{\n      "filePath": ".png"\n    },\n{\n      "filePath": ".png"\n    },\n{\n      "filePath": ".png"\n    }\n\n  ]\n}' 
 </msg>
<msg timestamp="20240523 11:09:26.869" level="INFO">POST Response : url=http://claimsapi-qc.rasan.co/api/Claim/Create 
 status=400, reason=Bad Request 
 headers={'Server': 'nginx/1.25.1', 'Date': 'Thu, 23 May 2024 08:10:21 GMT', 'Content-Type': 'application/json; charset=utf-8', 'Transfer-Encoding': 'chunked', 'Connection': 'keep-alive'} 
 body={"model":{"is_succeeded":false,"method_name":"Handle","status":{"code":2,"message":"Failed"},"exception":null,"data":{"apiErrorOutputDTO":{"errorCode":116,"errorMessage":"LesseeNationalNumberIsInValidFormat"},"data":null}}} 
 </msg>
<msg timestamp="20240523 11:09:26.869" level="INFO">${resp} = &lt;Response [400]&gt;</msg>
<status status="PASS" starttime="20240523 11:09:26.276" endtime="20240523 11:09:26.869"></status>
</kw>
<kw name="Status Should Be" library="RequestsLibrary">
<doc>Fails if response status code is different than the expected.</doc>
<arguments>
<arg>${statuscode}</arg>
<arg>${resp}</arg>
</arguments>
<status status="PASS" starttime="20240523 11:09:26.870" endtime="20240523 11:09:26.870"></status>
</kw>
<kw name="To Json" library="RequestsLibrary">
<doc>*DEPRECATED* Please use ${resp.json()} instead. Have a look at the improved HTML output as pretty printing replacement.</doc>
<arguments>
<arg>${resp.content}</arg>
</arguments>
<assign>
<var>${actualResult}</var>
</assign>
<msg timestamp="20240523 11:09:26.870" level="WARN">Keyword 'RequestsLibrary.To Json' is deprecated. Please use ${resp.json()} instead. Have a look at the improved HTML output as pretty printing replacement.</msg>
<msg timestamp="20240523 11:09:26.871" level="INFO">To JSON using : content={"model":{"is_succeeded":false,"method_name":"Handle","status":{"code":2,"message":"Failed"},"exception":null,"data":{"apiErrorOutputDTO":{"errorCode":116,"errorMessage":"LesseeNationalNumberIsInValidFormat"},"data":null}}} </msg>
<msg timestamp="20240523 11:09:26.871" level="INFO">To JSON using : pretty_print=False </msg>
<msg timestamp="20240523 11:09:26.871" level="INFO">${actualResult} = {'model': {'is_succeeded': False, 'method_name': 'Handle', 'status': {'code': 2, 'message': 'Failed'}, 'exception': None, 'data': {'apiErrorOutputDTO': {'errorCode': 116, 'errorMessage': 'LesseeNation...</msg>
<status status="PASS" starttime="20240523 11:09:26.870" endtime="20240523 11:09:26.871"></status>
</kw>
<kw name="Set Test Variable" library="BuiltIn">
<doc>Makes a variable available everywhere within the scope of the current test.</doc>
<arguments>
<arg>${actualResult}</arg>
</arguments>
<msg timestamp="20240523 11:09:26.871" level="INFO">${actualResult} = {'model': {'is_succeeded': False, 'method_name': 'Handle', 'status': {'code': 2, 'message': 'Failed'}, 'exception': None, 'data': {'apiErrorOutputDTO': {'errorCode': 116, 'errorMessage': 'LesseeNation...</msg>
<status status="PASS" starttime="20240523 11:09:26.871" endtime="20240523 11:09:26.872"></status>
</kw>
<status status="PASS" starttime="20240523 11:09:26.275" endtime="20240523 11:09:26.872"></status>
</kw>
<kw name="Verify API Response" library="API_Preferences">
<doc>veriy actual resutls</doc>
<arguments>
<arg>${actual}</arg>
<arg>${Expected}</arg>
</arguments>
<kw name="Should Be Equal As Strings" library="BuiltIn">
<doc>Fails if objects are unequal after converting them to strings.</doc>
<arguments>
<arg>${actualResult${actual}}</arg>
<arg>${Expected}</arg>
<arg>ignore_case=True</arg>
</arguments>
<msg timestamp="20240523 11:09:26.872" level="INFO">Argument types are:
&lt;class 'int'&gt;
&lt;type 'unicode'&gt;</msg>
<status status="PASS" starttime="20240523 11:09:26.872" endtime="20240523 11:09:26.873"></status>
</kw>
<status status="PASS" starttime="20240523 11:09:26.872" endtime="20240523 11:09:26.873"></status>
</kw>
<status status="PASS" starttime="20240523 11:09:26.274" endtime="20240523 11:09:26.873"></status>
</kw>
<status status="PASS" starttime="20240523 11:09:26.270" endtime="20240523 11:09:26.873"></status>
</kw>
<tags>
<tag>smoke</tag>
</tags>
<status status="PASS" starttime="20240523 11:09:26.269" endtime="20240523 11:09:26.873" critical="yes"></status>
</test>
<test id="s1-s1-t5" name="Post-Enter Lessee National Number Expiry Date In Month Day Year Format">
<kw name="Create_Claim">
<arguments>
<arg>http://claimsapi-qc.rasan.co</arg>
<arg>/api/Claim/Create</arg>
<arg>{
  "isLessor": true,
  "referenceTypeId": 1,
  "channelId": 1,
  "submitedBy": "string",
  "customerIBANNo": "string",
  "customerIBANBank": "string",
  "vehiclePickupLocationLatitude": "string",
  "vehiclePickupLocationLongitude": "string",
  "vehiclePickupLocationAddress": "string",
  "ClaimDescription":"desc",
  "cityId": 1,
  "taqdeerReportNo": "string",
  "accidentReportNo": "string",
  "authorityId": 1,
  "policyData": {
    "insuranceCompanyId": 712,
    "policyNumber": "string",
    "annualDepreciationVehicle": "string",
    "rateAndPremium": 0,
    "deductible": 0,
    "percentageTotalLost": 0,
    "sumInsured": 0,
    "repairMethod": "string",
    "coverageFrom": "12-12-2005",
    "coverageTo": "12-12-2006",
    "featureId": 1,
    "featureTypeId": 1,
    "featureAmount": 0,
    "featureTaxableAmount": 0
  },
  "driverData": [
    {
      "nationalNumber": "1234567891",
      "fullName": "string",
      "firstName": "string",
      "secondName": "string",
      "thirdName": "string",
      "lastName": "string",
      "fullNameEn": "string",
      "firstNameEn": "string",
      "secondNameEn": "string",
      "thirdNameEn": "string",
      "lastNameEn": "string",
      "relationId": null,
      "nationalityId": null,
      "ispolicyHolder": true,
      "isUser": true,
      "usagePercentage": 0,
      "driverDateofBirth": "12-12-1990",
      "genderId": null,
      "educationId": null,
      "driverProfession": "string",
      "maritalStatusId": null,
      "workCityId": null,
      "licenseTypeId": null,
      "licenseOwnYears": 0,
      "ncdRefrence": "string",
      "accidentsNo": 0,
      "claimsNo": 0,
      "ncdCodeId": null,
      "trafficViolationId": null,
      "healthConditionId": null,
      "driverCountryLicence": [
        {
          "countryId": 1
        }
      ],
      "driverAccidentLicence": [
        {
          "accidentDetail": "string"
        }
      ]
    }
  ],
  "accidentData": {
    "attendedId": 1,
    "accidentDate": "",
    "fullName": "string",
    "nationalNumer": "string",
    "licenseNumber": "string",
    "licenseExpiryDate": "",
    "liability": 0,
    "vehicleDamageAreaPhoto": ".png",
    "accidentDescription": "string",
    "accidentDrawing": ".png",
    "taqdeerCenterName": "string",
    "taqdeerCenterCityId": null,
    "taqdeerDate": "12-12-2005",
    "taqdeerCompletedDate": "12-12-2006",
    "estimatedBy": "string",
    "estimationCost": 0,
    "estimationCostVAT": 0,
    "sparePartsCost": 0,
    "sparePartsCostVAT": 0,
    "totalCost": 0,
    "totalCostincludingVAT": 0,
    "accidentComment": "string",
    "paymentMethodId": null,
    "paymentBy": "string",
    "sparePartDealer": "string",
    "overallDiscount": 0,
    "sparePartsCostAfterDiscount": 0,
    "sparepartsVatAfterDiscount": 0,
    "sparePartFinalvaluewithVAT": 0
  },
  "accidentSparePart": [
    {
      "sparePartName": "string",
      "sparePartCode": "string",
      "quantity": 0,
      "unitprice": 0,
      "total": 0,
      "discount": 0,
      "consumption": 0,
      "finalTotal": 0
    }
  ],
"policyHolder": {
    "fullName": "string",
    "firstName": "string",
    "secondName": "string",
    "thirdName": "string",
    "lastName": "string",
    "fullNameEn": "string",
    "firstNameEn": "string",
    "secondNameEn": "string",
    "thirdNameEn": "string",
    "lastNameEn": "string",
    "commercialRegistrationNo": "string",
    "holderNumber": "string",
    "holderExpiryDate": "12-12-2005",
    "phonenumber": "0512345678",
    "nationalAddress": "iiii",
    "emailAddress": "jhjhjhj@wwwww.com",
    "policyHolderOccupationId": null
},
   "vehicleData": {
    "plateNumber": "234",
    "firstPlateLetterId": 1,
    "secondPlateLetterId": 1,
    "thirdPlateLetterId": 1,
    "plateTypeId": 1,
    "registrationNumber": "ssss",
    "registrationExpiryDate": "12-12-2005",
    "capacityId": 1,
    "bodyCodeId": 1,
    "makeId": 1,
    "modelId": 1,
    "manufacureYear": 1,
    "colorId": 1,
    "chassisTypeId": 1,
    "chassisNumber": "sss",
    "sequenceNumber": "xx"
  },
 "lesseeData": {
    "nationalNumber": "1234567891",
    "nationalNumberExpiryDate": "22-12-2008",
    "fullName": "string",
    "firstName": "string",
    "secondName": "string",
    "thirdName": "string",
    "lastName": "string",
    "fullNameEn": "string",
    "firstNameEn": "string",
    "secondNameEn": "string",
    "thirdNameEn": "string",
    "lastNameEn": "string",
    "socialStatusId": 1,
    "genderId": 1,
    "nationalityID": 1,
    "dateOfBirth": "12-12-1990",
    "nationalAddress": "string",
    "mobilenumber": "0512345678",
    "emailAddress": "hhh@www.com",
    "lesseeOccupationId": 1
  },
  "attachementFiles": [
    {
      "filePath": ".png"
    },
{
      "filePath": ".png"
    },
{
      "filePath": ".png"
    },
{
      "filePath": ".png"
    }

  ]
}</arg>
<arg>400</arg>
<arg>["model"]["data"]["apiErrorOutputDTO"]["errorCode"]</arg>
<arg>118</arg>
</arguments>
<kw name="Create API session" library="API_Preferences">
<arguments>
<arg>${URL}</arg>
</arguments>
<kw name="Generate Random String" library="String">
<doc>Generates a string with a desired ``length`` from the given ``chars``.</doc>
<arguments>
<arg>4</arg>
<arg>[NUMBERS]</arg>
</arguments>
<assign>
<var>${randomNumber}</var>
</assign>
<msg timestamp="20240523 11:09:26.875" level="INFO">${randomNumber} = 3469</msg>
<status status="PASS" starttime="20240523 11:09:26.875" endtime="20240523 11:09:26.875"></status>
</kw>
<kw name="Catenate" library="BuiltIn">
<doc>Catenates the given items together and returns the resulted string.</doc>
<arguments>
<arg>session_${randomNumber}</arg>
<arg>disable_warnings=1</arg>
</arguments>
<assign>
<var>${sessionName}</var>
</assign>
<msg timestamp="20240523 11:09:26.876" level="INFO">${sessionName} = session_3469 disable_warnings=1</msg>
<status status="PASS" starttime="20240523 11:09:26.876" endtime="20240523 11:09:26.876"></status>
</kw>
<kw name="Set Global Variable" library="BuiltIn">
<doc>Makes a variable available globally in all tests and suites.</doc>
<arguments>
<arg>${sessionName}</arg>
</arguments>
<msg timestamp="20240523 11:09:26.876" level="INFO">${sessionName} = session_3469 disable_warnings=1</msg>
<status status="PASS" starttime="20240523 11:09:26.876" endtime="20240523 11:09:26.876"></status>
</kw>
<kw name="Create Session" library="RequestsLibrary">
<doc>Create Session: create a HTTP session to a server</doc>
<arguments>
<arg>${sessionName}</arg>
<arg>${Base_Url}</arg>
<arg>timeout=30</arg>
<arg>disable_warnings=1</arg>
</arguments>
<msg timestamp="20240523 11:09:26.877" level="INFO">Creating Session using : alias=session_3469 disable_warnings=1, url=http://claimsapi-qc.rasan.co, headers={},                     cookies={}, auth=None, timeout=30, proxies=None, verify=False,                     debug=0 </msg>
<status status="PASS" starttime="20240523 11:09:26.876" endtime="20240523 11:09:26.877"></status>
</kw>
<status status="PASS" starttime="20240523 11:09:26.875" endtime="20240523 11:09:26.877"></status>
</kw>
[...]
    "lastName": "string",
    "fullNameEn": "string",
    "firstNameEn": "string",
    "secondNameEn": "string",
    "thirdNameEn": "string",
    "lastNameEn": "string",
    "commercialRegistrationNo": "string",
    "holderNumber": "string",
    "holderExpiryDate": "12-12-2005",
    "phonenumber": "0512345678",
    "nationalAddress": "iiii",
    "emailAddress": "jhjhjhj@wwwww.com",
    "policyHolderOccupationId": null
},
   "vehicleData": {
    "plateNumber": "234",
    "firstPlateLetterId": 1,
    "secondPlateLetterId": 1,
    "thirdPlateLetterId": 1,
    "plateTypeId": 1,
    "registrationNumber": "ssss",
    "registrationExpiryDate": "12-12-2005",
    "capacityId": 1,
    "bodyCodeId": 1,
    "makeId": 1,
    "modelId": 1,
    "manufacureYear": 1,
    "colorId": 1,
    "chassisTypeId": 1,
    "chassisNumber": "sss",
    "sequenceNumber": "xx"
  },
 "lesseeData": {
    "nationalNumber": "1234567891",
    "nationalNumberExpiryDate": "02-12-2008",
    "fullName": "عبدالله",
    "firstName": "string",
    "secondName": "string",
    "thirdName": "string",
    "lastName": "string",
    "fullNameEn": "string",
    "firstNameEn": "string",
    "secondNameEn": "string",
    "thirdNameEn": "string",
    "lastNameEn": "string",
    "socialStatusId": 1,
    "genderId": 1,
    "nationalityID": 1,
    "dateOfBirth": "12-12-1990",
    "nationalAddress": "string",
    "mobilenumber": "0512345678",
    "emailAddress": "hhh@www.com",
    "lesseeOccupationId": 1
  },
  "attachementFiles": [
    {
      "filePath": ".png"
    },
{
      "filePath": ".png"
    },
{
      "filePath": ".png"
    },
{
      "filePath": ".png"
    }

  ]
}</arg>
<arg>200</arg>
<arg>["model"]["data"]["apiErrorOutputDTO"]["errorCode"]</arg>
<arg>1</arg>
</arguments>
<kw name="Create API session" library="API_Preferences">
<arguments>
<arg>${URL}</arg>
</arguments>
<kw name="Generate Random String" library="String">
<doc>Generates a string with a desired ``length`` from the given ``chars``.</doc>
<arguments>
<arg>4</arg>
<arg>[NUMBERS]</arg>
</arguments>
<assign>
<var>${randomNumber}</var>
</assign>
<msg timestamp="20240523 11:09:29.069" level="INFO">${randomNumber} = 6629</msg>
<status status="PASS" starttime="20240523 11:09:29.068" endtime="20240523 11:09:29.069"></status>
</kw>
<kw name="Catenate" library="BuiltIn">
<doc>Catenates the given items together and returns the resulted string.</doc>
<arguments>
<arg>session_${randomNumber}</arg>
<arg>disable_warnings=1</arg>
</arguments>
<assign>
<var>${sessionName}</var>
</assign>
<msg timestamp="20240523 11:09:29.069" level="INFO">${sessionName} = session_6629 disable_warnings=1</msg>
<status status="PASS" starttime="20240523 11:09:29.069" endtime="20240523 11:09:29.069"></status>
</kw>
<kw name="Set Global Variable" library="BuiltIn">
<doc>Makes a variable available globally in all tests and suites.</doc>
<arguments>
<arg>${sessionName}</arg>
</arguments>
<msg timestamp="20240523 11:09:29.070" level="INFO">${sessionName} = session_6629 disable_warnings=1</msg>
<status status="PASS" starttime="20240523 11:09:29.069" endtime="20240523 11:09:29.070"></status>
</kw>
<kw name="Create Session" library="RequestsLibrary">
<doc>Create Session: create a HTTP session to a server</doc>
<arguments>
<arg>${sessionName}</arg>
<arg>${Base_Url}</arg>
<arg>timeout=30</arg>
<arg>disable_warnings=1</arg>
</arguments>
<msg timestamp="20240523 11:09:29.071" level="INFO">Creating Session using : alias=session_6629 disable_warnings=1, url=http://claimsapi-qc.rasan.co, headers={},                     cookies={}, auth=None, timeout=30, proxies=None, verify=False,                     debug=0 </msg>
<status status="PASS" starttime="20240523 11:09:29.070" endtime="20240523 11:09:29.071"></status>
</kw>
<status status="PASS" starttime="20240523 11:09:29.068" endtime="20240523 11:09:29.071"></status>
</kw>
<kw name="Post Request claim" library="API_Preferences">
<arguments>
<arg>${sessionName}</arg>
<arg>${URI}</arg>
<arg>${body}</arg>
<arg>${StatusCode}</arg>
<arg>${actual}</arg>
<arg>${Expected}</arg>
<arg>${RandomData}</arg>
</arguments>
<kw name="Post Request using data Driven Structure" library="API_Preferences">
<doc>Post request with DataDriven structure</doc>
<arguments>
<arg>${sessionName}</arg>
<arg>${Url}</arg>
<arg>${body}</arg>
<arg>${StatusCode}</arg>
</arguments>
<kw name="Create Dictionary" library="BuiltIn">
<doc>Creates and returns a dictionary based on the given ``items``.</doc>
<arguments>
<arg>Content-Type=application/json</arg>
</arguments>
<assign>
<var>${headers}</var>
</assign>
<msg timestamp="20240523 11:09:29.073" level="INFO">${headers} = {'Content-Type': 'application/json'}</msg>
<status status="PASS" starttime="20240523 11:09:29.072" endtime="20240523 11:09:29.073"></status>
</kw>
<kw name="Post Request" library="RequestsLibrary">
<doc>*DEPRECATED* Please use `POST On Session` instead.</doc>
<arguments>
<arg>${sessionName}</arg>
<arg>${URI}</arg>
<arg>${data}</arg>
<arg>headers=${headers}</arg>
<arg>timeout=10</arg>
</arguments>
<assign>
<var>${resp}</var>
</assign>
<msg timestamp="20240523 11:09:29.073" level="WARN">Keyword 'RequestsLibrary.Post Request' is deprecated. Please use `POST On Session` instead.</msg>
<msg timestamp="20240523 11:09:30.069" level="INFO">POST Request : url=http://claimsapi-qc.rasan.co/api/Claim/Create 
 path_url=/api/Claim/Create 
 headers={'User-Agent': 'python-requests/2.31.0', 'Accept-Encoding': 'gzip, deflate', 'Accept': '*/*', 'Connection': 'keep-alive', 'Content-Type': 'application/json', 'Content-Length': '4849'} 
 body=b'{\n  "isLessor": true,\n  "referenceTypeId": 1,\n  "channelId": 1,\n  "submitedBy": "string",\n  "customerIBANNo": "string",\n  "customerIBANBank": "string",\n  "vehiclePickupLocationLatitude": "string",\n  "vehiclePickupLocationLongitude": "string",\n  "vehiclePickupLocationAddress": "string",\n  "ClaimDescription":"desc",\n  "cityId": 1,\n  "taqdeerReportNo": "string",\n  "accidentReportNo": "string",\n  "authorityId": 1,\n  "policyData": {\n    "insuranceCompanyId": 712,\n    "policyNumber": "string",\n    "annualDepreciationVehicle": "string",\n    "rateAndPremium": 0,\n    "deductible": 0,\n    "percentageTotalLost": 0,\n    "sumInsured": 0,\n    "repairMethod": "string",\n    "coverageFrom": "12-12-2005",\n    "coverageTo": "12-12-2006",\n    "featureId": 1,\n    "featureTypeId": 1,\n    "featureAmount": 0,\n    "featureTaxableAmount": 0\n  },\n  "driverData": [\n    {\n      "nationalNumber": "1234567891",\n      "fullName": "string",\n      "firstName": "string",\n      "secondName": "string",\n      "thirdName": "string",\n      "lastName": "string",\n      "fullNameEn": "string",\n      "firstNameEn": "string",\n      "secondNameEn": "string",\n      "thirdNameEn": "string",\n      "lastNameEn": "string",\n      "relationId": null,\n      "nationalityId": null,\n      "ispolicyHolder": true,\n      "isUser": true,\n      "usagePercentage": 0,\n      "driverDateofBirth": "12-12-1990",\n      "genderId": null,\n      "educationId": null,\n      "driverProfession": "string",\n      "maritalStatusId": null,\n      "workCityId": null,\n      "licenseTypeId": null,\n      "licenseOwnYears": 0,\n      "ncdRefrence": "string",\n      "accidentsNo": 0,\n      "claimsNo": 0,\n      "ncdCodeId": null,\n      "trafficViolationId": null,\n      "healthConditionId": null,\n      "driverCountryLicence": [\n        {\n          "countryId": 1\n        }\n      ],\n      "driverAccidentLicence": [\n        {\n          "accidentDetail": "string"\n        }\n      ]\n    }\n  ],\n  "accidentData": {\n    "attendedId": 1,\n    "accidentDate": "",\n    "fullName": "string",\n    "nationalNumer": "string",\n    "licenseNumber": "string",\n    "licenseExpiryDate": "",\n    "liability": 0,\n    "vehicleDamageAreaPhoto": ".png",\n    "accidentDescription": "string",\n    "accidentDrawing": ".png",\n    "taqdeerCenterName": "string",\n    "taqdeerCenterCityId": null,\n    "taqdeerDate": "12-12-2005",\n    "taqdeerCompletedDate": "12-12-2006",\n    "estimatedBy": "string",\n    "estimationCost": 0,\n    "estimationCostVAT": 0,\n    "sparePartsCost": 0,\n    "sparePartsCostVAT": 0,\n    "totalCost": 0,\n    "totalCostincludingVAT": 0,\n    "accidentComment": "string",\n    "paymentMethodId": null,\n    "paymentBy": "string",\n    "sparePartDealer": "string",\n    "overallDiscount": 0,\n    "sparePartsCostAfterDiscount": 0,\n    "sparepartsVatAfterDiscount": 0,\n    "sparePartFinalvaluewithVAT": 0\n  },\n  "accidentSparePart": [\n    {\n      "sparePartName": "string",\n      "sparePartCode": "string",\n      "quantity": 0,\n      "unitprice": 0,\n      "total": 0,\n      "discount": 0,\n      "consumption": 0,\n      "finalTotal": 0\n    }\n  ],\n"policyHolder": {\n    "fullName": "string",\n    "firstName": "string",\n    "secondName": "string",\n    "thirdName": "string",\n    "lastName": "string",\n    "fullNameEn": "string",\n    "firstNameEn": "string",\n    "secondNameEn": "string",\n    "thirdNameEn": "string",\n    "lastNameEn": "string",\n    "commercialRegistrationNo": "string",\n    "holderNumber": "string",\n    "holderExpiryDate": "12-12-2005",\n    "phonenumber": "0512345678",\n    "nationalAddress": "iiii",\n    "emailAddress": "jhjhjhj@wwwww.com",\n    "policyHolderOccupationId": null\n},\n   "vehicleData": {\n    "plateNumber": "234",\n    "firstPlateLetterId": 1,\n    "secondPlateLetterId": 1,\n    "thirdPlateLetterId": 1,\n    "plateTypeId": 1,\n    "registrationNumber": "ssss",\n    "registrationExpiryDate": "12-12-2005",\n    "capacityId": 1,\n    "bodyCodeId": 1,\n    "makeId": 1,\n    "modelId": 1,\n    "manufacureYear": 1,\n    "colorId": 1,\n    "chassisTypeId": 1,\n    "chassisNumber": "sss",\n    "sequenceNumber": "xx"\n  },\n "lesseeData": {\n    "nationalNumber": "1234567891",\n    "nationalNumberExpiryDate": "02-12-2008",\n    "fullName": "\xd8\xb9\xd8\xa8\xd8\xaf\xd8\xa7\xd9\x84\xd9\x84\xd9\x87",\n    "firstName": "string",\n    "secondName": "string",\n    "thirdName": "string",\n    "lastName": "string",\n    "fullNameEn": "string",\n    "firstNameEn": "string",\n    "secondNameEn": "string",\n    "thirdNameEn": "string",\n    "lastNameEn": "string",\n    "socialStatusId": 1,\n    "genderId": 1,\n    "nationalityID": 1,\n    "dateOfBirth": "12-12-1990",\n    "nationalAddress": "string",\n    "mobilenumber": "0512345678",\n    "emailAddress": "hhh@www.com",\n    "lesseeOccupationId": 1\n  },\n  "attachementFiles": [\n    {\n      "filePath": ".png"\n    },\n{\n      "filePath": ".png"\n    },\n{\n      "filePath": ".png"\n    },\n{\n      "filePath": ".png"\n    }\n\n  ]\n}' 
 </msg>
<msg timestamp="20240523 11:09:30.069" level="INFO">POST Response : url=http://claimsapi-qc.rasan.co/api/Claim/Create 
 status=200, reason=OK 
 headers={'Server': 'nginx/1.25.1', 'Date': 'Thu, 23 May 2024 08:10:24 GMT', 'Content-Type': 'application/json; charset=utf-8', 'Transfer-Encoding': 'chunked', 'Connection': 'keep-alive'} 
 body={"model":{"is_succeeded":true,"method_name":"Handle","status":{"code":1,"message":"Process Completed Successfully"},"exception":null,"data":{"apiErrorOutputDTO":{"errorCode":1,"errorMessage":"success"},"data":{"submissionDate":"23/05/2024","statusId":11,"statusDescription":"Submitted","claimNumber":"2024_5_23_89676042"}}}} 
 </msg>
<msg timestamp="20240523 11:09:30.070" level="INFO">${resp} = &lt;Response [200]&gt;</msg>
<status status="PASS" starttime="20240523 11:09:29.073" endtime="20240523 11:09:30.070"></status>
</kw>
<kw name="Status Should Be" library="RequestsLibrary">
<doc>Fails if response status code is different than the expected.</doc>
<arguments>
<arg>${statuscode}</arg>
<arg>${resp}</arg>
</arguments>
<status status="PASS" starttime="20240523 11:09:30.070" endtime="20240523 11:09:30.070"></status>
</kw>
<kw name="To Json" library="RequestsLibrary">
<doc>*DEPRECATED* Please use ${resp.json()} instead. Have a look at the improved HTML output as pretty printing replacement.</doc>
<arguments>
<arg>${resp.content}</arg>
</arguments>
<assign>
<var>${actualResult}</var>
</assign>
<msg timestamp="20240523 11:09:30.071" level="WARN">Keyword 'RequestsLibrary.To Json' is deprecated. Please use ${resp.json()} instead. Have a look at the improved HTML output as pretty printing replacement.</msg>
<msg timestamp="20240523 11:09:30.071" level="INFO">To JSON using : content={"model":{"is_succeeded":true,"method_name":"Handle","status":{"code":1,"message":"Process Completed Successfully"},"exception":null,"data":{"apiErrorOutputDTO":{"errorCode":1,"errorMessage":"success"},"data":{"submissionDate":"23/05/2024","statusId":11,"statusDescription":"Submitted","claimNumber":"2024_5_23_89676042"}}}} </msg>
<msg timestamp="20240523 11:09:30.071" level="INFO">To JSON using : pretty_print=False </msg>
<msg timestamp="20240523 11:09:30.072" level="INFO">${actualResult} = {'model': {'is_succeeded': True, 'method_name': 'Handle', 'status': {'code': 1, 'message': 'Process Completed Successfully'}, 'exception': None, 'data': {'apiErrorOutputDTO': {'errorCode': 1, 'errorMe...</msg>
<status status="PASS" starttime="20240523 11:09:30.071" endtime="20240523 11:09:30.072"></status>
</kw>
<kw name="Set Test Variable" library="BuiltIn">
<doc>Makes a variable available everywhere within the scope of the current test.</doc>
<arguments>
<arg>${actualResult}</arg>
</arguments>
<msg timestamp="20240523 11:09:30.072" level="INFO">${actualResult} = {'model': {'is_succeeded': True, 'method_name': 'Handle', 'status': {'code': 1, 'message': 'Process Completed Successfully'}, 'exception': None, 'data': {'apiErrorOutputDTO': {'errorCode': 1, 'errorMe...</msg>
<status status="PASS" starttime="20240523 11:09:30.072" endtime="20240523 11:09:30.072"></status>
</kw>
<status status="PASS" starttime="20240523 11:09:29.072" endtime="20240523 11:09:30.072"></status>
</kw>
<kw name="Verify API Response" library="API_Preferences">
<doc>veriy actual resutls</doc>
<arguments>
<arg>${actual}</arg>
<arg>${Expected}</arg>
</arguments>
<kw name="Should Be Equal As Strings" library="BuiltIn">
<doc>Fails if objects are unequal after converting them to strings.</doc>
<arguments>
<arg>${actualResult${actual}}</arg>
<arg>${Expected}</arg>
<arg>ignore_case=True</arg>
</arguments>
<msg timestamp="20240523 11:09:30.074" level="INFO">Argument types are:
&lt;class 'int'&gt;
&lt;type 'unicode'&gt;</msg>
<status status="PASS" starttime="20240523 11:09:30.073" endtime="20240523 11:09:30.074"></status>
</kw>
<status status="PASS" starttime="20240523 11:09:30.073" endtime="20240523 11:09:30.074"></status>
</kw>
<status status="PASS" starttime="20240523 11:09:29.071" endtime="20240523 11:09:30.074"></status>
</kw>
<status status="PASS" starttime="20240523 11:09:29.067" endtime="20240523 11:09:30.075"></status>
</kw>
<tags>
<tag>smoke</tag>
</tags>
<status status="PASS" starttime="20240523 11:09:29.065" endtime="20240523 11:09:30.075" critical="yes"></status>
</test>
<test id="s1-s1-t9" name="Manual-Enter Lessee Arabic First Name AS blank">
<kw name="Create_Claim">
<arguments>
<arg>http://claimsapi-qc.rasan.co</arg>
<arg>/api/Claim/Create</arg>
<arg>{
  "isLessor": true,
  "referenceTypeId": 1,
  "channelId": 1,
  "submitedBy": "string",
  "customerIBANNo": "string",
  "customerIBANBank": "string",
  "vehiclePickupLocationLatitude": "string",
  "vehiclePickupLocationLongitude": "string",
  "vehiclePickupLocationAddress": "string",
  "ClaimDescription":"desc",
  "cityId": 1,
  "taqdeerReportNo": "string",
  "accidentReportNo": "string",
  "authorityId": 1,
  "policyData": {
    "insuranceCompanyId": 712,
    "policyNumber": "string",
    "annualDepreciationVehicle": "string",
    "rateAndPremium": 0,
    "deductible": 0,
    "percentageTotalLost": 0,
    "sumInsured": 0,
    "repairMethod": "string",
    "coverageFrom": "12-12-2005",
    "coverageTo": "12-12-2006",
    "featureId": 1,
    "featureTypeId": 1,
    "featureAmount": 0,
    "featureTaxableAmount": 0
  },
  "driverData": [
    {
      "nationalNumber": "1234567891",
      "fullName": "string",
      "firstName": "string",
      "secondName": "string",
      "thirdName": "string",
      "lastName": "string",
      "fullNameEn": "string",
      "firstNameEn": "string",
      "secondNameEn": "string",
      "thirdNameEn": "string",
      "lastNameEn": "string",
      "relationId": null,
      "nationalityId": null,
      "ispolicyHolder": true,
      "isUser": true,
      "usagePercentage": 0,
      "driverDateofBirth": "12-12-1990",
      "genderId": null,
      "educationId": null,
      "driverProfession": "string",
      "maritalStatusId": null,
      "workCityId": null,
      "licenseTypeId": null,
      "licenseOwnYears": 0,
      "ncdRefrence": "string",
      "accidentsNo": 0,
      "claimsNo": 0,
      "ncdCodeId": null,
      "trafficViolationId": null,
      "healthConditionId": null,
      "driverCountryLicence": [
        {
          "countryId": 1
        }
      ],
      "driverAccidentLicence": [
        {
          "accidentDetail": "string"
        }
      ]
    }
  ],
  "accidentData": {
    "attendedId": 1,
    "accidentDate": "",
    "fullName": "string",
    "nationalNumer": "string",
    "licenseNumber": "string",
    "licenseExpiryDate": "",
    "liability": 0,
    "vehicleDamageAreaPhoto": ".png",
    "accidentDescription": "string",
    "accidentDrawing": ".png",
    "taqdeerCenterName": "string",
    "taqdeerCenterCityId": null,
    "taqdeerDate": "12-12-2005",
    "taqdeerCompletedDate": "12-12-2006",
    "estimatedBy": "string",
    "estimationCost": 0,
    "estimationCostVAT": 0,
    "sparePartsCost": 0,
    "sparePartsCostVAT": 0,
    "totalCost": 0,
    "totalCostincludingVAT": 0,
    "accidentComment": "string",
    "paymentMethodId": null,
    "paymentBy": "string",
    "sparePartDealer": "string",
    "overallDiscount": 0,
    "sparePartsCostAfterDiscount": 0,
    "sparepartsVatAfterDiscount": 0,
    "sparePartFinalvaluewithVAT": 0
  },
  "accidentSparePart": [
    {
      "sparePartName": "string",
      "sparePartCode": "string",
      "quantity": 0,
      "unitprice": 0,
      "total": 0,
      "discount": 0,
      "consumption": 0,
      "finalTotal": 0
    }
  ],
"policyHolder": {
    "fullName": "string",
    "firstName": "string",
    "secondName": "string",
    "thirdName": "string",
    "lastName": "string",
    "fullNameEn": "string",
    "firstNameEn": "string",
    "secondNameEn": "string",
    "thirdNameEn": "string",
    "lastNameEn": "string",
    "commercialRegistrationNo": "string",
    "holderNumber": "string",
    "holderExpiryDate": "12-12-2005",
    "phonenumber": "0512345678",
    "nationalAddress": "iiii",
    "emailAddress": "jhjhjhj@wwwww.com",
    "policyHolderOccupationId": null
},
   "vehicleData": {
    "plateNumber": "234",
    "firstPlateLetterId": 1,
    "secondPlateLetterId": 1,
    "thirdPlateLetterId": 1,
    "plateTypeId": 1,
    "registrationNumber": "ssss",
    "registrationExpiryDate": "12-12-2005",
    "capacityId": 1,
    "bodyCodeId": 1,
    "makeId": 1,
    "modelId": 1,
    "manufacureYear": 1,
    "colorId": 1,
    "chassisTypeId": 1,
    "chassisNumber": "sss",
    "sequenceNumber": "xx"
  },
 "lesseeData": {
    "nationalNumber": "1234567891",
    "nationalNumberExpiryDate": "02-12-2008",
    "fullName": "String",
    "firstName": "",
    "secondName": "string",
    "thirdName": "string",
    "lastName": "string",
    "fullNameEn": "string",
    "firstNameEn": "string",
    "secondNameEn": "string",
    "thirdNameEn": "string",
    "lastNameEn": "string",
    "socialStatusId": 1,
    "genderId": 1,
    "nationalityID": 1,
    "dateOfBirth": "12-12-1990",
    "nationalAddress": "string",
    "mobilenumber": "0512345678",
    "emailAddress": "hhh@www.com",
    "lesseeOccupationId": 1
  },
  "attachementFiles": [
    {
      "filePath": ".png"
    },
{
      "filePath": ".png"
    },
{
      "filePath": ".png"
    },
{
      "filePath": ".png"
    }

  ]
}