<?xml version="1.0" encoding="UTF-8"?>
<robot generator="Robot 3.2.2 (Python 3.8.3 on win32)" generated="20231130 16:37:04.324" rpa="false">
<suite id="s1" name="Suites">
<suite id="s1-s1" name="UpdateIC" source="C:\Users\AGebril\PycharmProjects\QC_Automation_Claim\Tests\UpdateIC.robot">
<test id="s1-s1-t1" name="Enter ID as blank">
<kw name="Update_IC">
<arguments>
<arg>http://claimsapi-qc.rasan.co/</arg>
<arg>/api/Claim/UpdateIC</arg>
<arg>{"id": null,
  "name": "رسن",
  "nameEn": "Rasan",
  "address": "Cairo",
  "phone": "0178888888",
  "mobile": "0578888888",
  "logo": "claimdev/2023/08/istockphoto-1410828106-612x612.jpg_1453_16_fc7f3f3e-5c01-45b9-8a34-f330b3944006.jpg",
  "serviceId": 7,
  "repairWorkshopId": 27,
  "submissionModeId": 8,
  "emailAddress": "ahmed@gmail.com",
  "emailAddressNotes": "String",

  "portalLink": "https://cliam.com",
  "portalLinkNotes": "string",

  "models": [
    1
  ],
  "insuranceCompanyConnections": [
    {
      "apiType": 2,
      "connectionLink": "string"
    }
  ],
  "insuranceCompanyLetter": {
    "photoHeader": "claimdev/2023/08/istockphoto-691262818-612x612.jpg_1453_16_efc7894e-60b2-482e-ba37-b0af68c8a9e9.jpg",
    "photoFooter": "claimdev/2023/08/istockphoto-1181233245-612x612.jpg_1453_16_433803e6-ef13-4be8-9f37-365ba59e4578.jpg",
    "photoStamp": "claimdev/2023/08/istockphoto-1181433165-612x612.jpg_1453_16_b908b6d7-dc80-459b-b31d-d9574bc91807.jpg",
    "photoSignature": "claimdev/2023/08/istockphoto-1388548812-612x612.jpg_1453_16_3c938aba-9001-4a5e-9ffe-d1b0857a2e0a.jpg" 
  }
}</arg>
<arg>400</arg>
<arg>["model"]["data"]["apiErrorOutputDTO"]["errorCode"]</arg>
<arg>233</arg>
</arguments>
<kw name="Create API session" library="API_Preferences">
<arguments>
<arg>${URL}</arg>
</arguments>
<kw name="Generate Random String" library="String">
<doc>Generates a string with a desired ``length`` from the given ``chars``.</doc>
<arguments>
<arg>4</arg>
<arg>[NUMBERS]</arg>
</arguments>
<assign>
<var>${randomNumber}</var>
</assign>
<msg timestamp="20231130 16:37:25.964" level="INFO">${randomNumber} = 1839</msg>
<status status="PASS" starttime="20231130 16:37:25.964" endtime="20231130 16:37:25.964"></status>
</kw>
<kw name="Catenate" library="BuiltIn">
<doc>Catenates the given items together and returns the resulted string.</doc>
<arguments>
<arg>session_${randomNumber}</arg>
</arguments>
<assign>
<var>${sessionName}</var>
</assign>
<msg timestamp="20231130 16:37:25.965" level="INFO">${sessionName} = session_1839</msg>
<status status="PASS" starttime="20231130 16:37:25.964" endtime="20231130 16:37:25.965"></status>
</kw>
<kw name="Set Global Variable" library="BuiltIn">
<doc>Makes a variable available globally in all tests and suites.</doc>
<arguments>
<arg>${sessionName}</arg>
</arguments>
<msg timestamp="20231130 16:37:25.965" level="INFO">${sessionName} = session_1839</msg>
<status status="PASS" starttime="20231130 16:37:25.965" endtime="20231130 16:37:25.965"></status>
</kw>
<kw name="Create Session" library="RequestsLibrary">
<doc>Create Session: create a HTTP session to a server</doc>
<arguments>
<arg>${sessionName}</arg>
<arg>${Base_Url}</arg>
<arg>timeout=30</arg>
<arg>disable_warnings=1</arg>
</arguments>
<msg timestamp="20231130 16:37:25.965" level="INFO">Creating Session using : alias=session_1839, url=http://claimsapi-qc.rasan.co/, headers={},                     cookies={}, auth=None, timeout=30, proxies=None, verify=False,                     debug=0 </msg>
<status status="PASS" starttime="20231130 16:37:25.965" endtime="20231130 16:37:25.966"></status>
</kw>
<status status="PASS" starttime="20231130 16:37:25.964" endtime="20231130 16:37:25.966"></status>
</kw>
<kw name="Put Request claim" library="API_Preferences">
<arguments>
<arg>${sessionName}</arg>
<arg>${URI}</arg>
<arg>${body}</arg>
<arg>${StatusCode}</arg>
<arg>${actual}</arg>
<arg>${Expected}</arg>
<arg>${RandomData}</arg>
</arguments>
<kw name="Put Request using data Driven Structure" library="API_Preferences">
<doc>Put request with DataDriven structure</doc>
<arguments>
<arg>${sessionName}</arg>
<arg>${Url}</arg>
<arg>${body}</arg>
<arg>${StatusCode}</arg>
</arguments>
<kw name="Create Dictionary" library="BuiltIn">
<doc>Creates and returns a dictionary based on the given ``items``.</doc>
<arguments>
<arg>Content-Type=application/json</arg>
</arguments>
<assign>
<var>${headers}</var>
</assign>
<msg timestamp="20231130 16:37:25.967" level="INFO">${headers} = {'Content-Type': 'application/json'}</msg>
<status status="PASS" starttime="20231130 16:37:25.967" endtime="20231130 16:37:25.967"></status>
</kw>
<kw name="Put Request" library="RequestsLibrary">
<doc>*DEPRECATED* Please use `PUT On Session` instead.</doc>
<arguments>
<arg>${sessionName}</arg>
<arg>${URI}</arg>
<arg>${data}</arg>
<arg>headers=${headers}</arg>
<arg>timeout=10</arg>
</arguments>
<assign>
<var>${resp}</var>
</assign>
<msg timestamp="20231130 16:37:25.967" level="WARN">Keyword 'RequestsLibrary.Put Request' is deprecated. Please use `PUT On Session` instead.</msg>
<msg timestamp="20231130 16:37:26.811" level="INFO">PUT Request : url=http://claimsapi-qc.rasan.co/api/Claim/UpdateIC 
 path_url=/api/Claim/UpdateIC 
 headers={'User-Agent': 'python-requests/2.31.0', 'Accept-Encoding': 'gzip, deflate', 'Accept': '*/*', 'Connection': 'keep-alive', 'Content-Type': 'application/json', 'Content-Length': '1108'} 
 body=b'{"id": null,\n  "name": "\xd8\xb1\xd8\xb3\xd9\x86",\n  "nameEn": "Rasan",\n  "address": "Cairo",\n  "phone": "0178888888",\n  "mobile": "0578888888",\n  "logo": "claimdev/2023/08/istockphoto-1410828106-612x612.jpg_1453_16_fc7f3f3e-5c01-45b9-8a34-f330b3944006.jpg",\n  "serviceId": 7,\n  "repairWorkshopId": 27,\n  "submissionModeId": 8,\n  "emailAddress": "ahmed@gmail.com",\n  "emailAddressNotes": "String",\n\n  "portalLink": "https://cliam.com",\n  "portalLinkNotes": "string",\n\n  "models": [\n    1\n  ],\n  "insuranceCompanyConnections": [\n    {\n      "apiType": 2,\n      "connectionLink": "string"\n    }\n  ],\n  "insuranceCompanyLetter": {\n    "photoHeader": "claimdev/2023/08/istockphoto-691262818-612x612.jpg_1453_16_efc7894e-60b2-482e-ba37-b0af68c8a9e9.jpg",\n    "photoFooter": "claimdev/2023/08/istockphoto-1181233245-612x612.jpg_1453_16_433803e6-ef13-4be8-9f37-365ba59e4578.jpg",\n    "photoStamp": "claimdev/2023/08/istockphoto-1181433165-612x612.jpg_1453_16_b908b6d7-dc80-459b-b31d-d9574bc91807.jpg",\n    "photoSignature": "claimdev/2023/08/istockphoto-1388548812-612x612.jpg_1453_16_3c938aba-9001-4a5e-9ffe-d1b0857a2e0a.jpg" \n  }\n}' 
 </msg>
<msg timestamp="20231130 16:37:26.811" level="INFO">PUT Response : url=http://claimsapi-qc.rasan.co/api/Claim/UpdateIC 
 status=400, reason=Bad Request 
 headers={'Server': 'nginx/1.25.1', 'Date': 'Thu, 30 Nov 2023 14:38:57 GMT', 'Content-Type': 'application/json; charset=utf-8', 'Transfer-Encoding': 'chunked', 'Connection': 'keep-alive'} 
 body={"model":{"is_succeeded":false,"method_name":"Handle","status":{"code":2,"message":"Failed"},"exception":null,"data":{"apiErrorOutputDTO":{"errorCode":233,"errorMessage":"EnterInsuranceCompanyId"},"data":null}}} 
 </msg>
<msg timestamp="20231130 16:37:26.811" level="INFO">${resp} = &lt;Response [400]&gt;</msg>
<status status="PASS" starttime="20231130 16:37:25.967" endtime="20231130 16:37:26.811"></status>
</kw>
<kw name="Status Should Be" library="RequestsLibrary">
<doc>Fails if response status code is different than the expected.</doc>
<arguments>
<arg>${statuscode}</arg>
<arg>${resp}</arg>
</arguments>
<status status="PASS" starttime="20231130 16:37:26.812" endtime="20231130 16:37:26.813"></status>
</kw>
<kw name="To Json" library="RequestsLibrary">
<doc>*DEPRECATED* Please use ${resp.json()} instead. Have a look at the improved HTML output as pretty printing replacement.</doc>
<arguments>
<arg>${resp.content}</arg>
</arguments>
<assign>
<var>${actualResult}</var>
</assign>
<msg timestamp="20231130 16:37:26.814" level="WARN">Keyword 'RequestsLibrary.To Json' is deprecated. Please use ${resp.json()} instead. Have a look at the improved HTML output as pretty printing replacement.</msg>
<msg timestamp="20231130 16:37:26.816" level="INFO">To JSON using : content={"model":{"is_succeeded":false,"method_name":"Handle","status":{"code":2,"message":"Failed"},"exception":null,"data":{"apiErrorOutputDTO":{"errorCode":233,"errorMessage":"EnterInsuranceCompanyId"},"data":null}}} </msg>
<msg timestamp="20231130 16:37:26.816" level="INFO">To JSON using : pretty_print=False </msg>
<msg timestamp="20231130 16:37:26.816" level="INFO">${actualResult} = {'model': {'is_succeeded': False, 'method_name': 'Handle', 'status': {'code': 2, 'message': 'Failed'}, 'exception': None, 'data': {'apiErrorOutputDTO': {'errorCode': 233, 'errorMessage': 'EnterInsuran...</msg>
<status status="PASS" starttime="20231130 16:37:26.813" endtime="20231130 16:37:26.816"></status>
</kw>
<kw name="Set Test Variable" library="BuiltIn">
<doc>Makes a variable available everywhere within the scope of the current test.</doc>
<arguments>
<arg>${actualResult}</arg>
</arguments>
<msg timestamp="20231130 16:37:26.817" level="INFO">${actualResult} = {'model': {'is_succeeded': False, 'method_name': 'Handle', 'status': {'code': 2, 'message': 'Failed'}, 'exception': None, 'data': {'apiErrorOutputDTO': {'errorCode': 233, 'errorMessage': 'EnterInsuran...</msg>
<status status="PASS" starttime="20231130 16:37:26.816" endtime="20231130 16:37:26.817"></status>
</kw>
<status status="PASS" starttime="20231130 16:37:25.966" endtime="20231130 16:37:26.818"></status>
</kw>
<kw name="Verify Response" library="API_Preferences">
<doc>veriy actual resutls</doc>
<arguments>
<arg>${actual}</arg>
<arg>${Expected}</arg>
</arguments>
<kw name="Should Be Equal As Strings" library="BuiltIn">
<doc>Fails if objects are unequal after converting them to strings.</doc>
<arguments>
<arg>${actualResult${actual}}</arg>
<arg>${Expected}</arg>
<arg>ignore_case=True</arg>
</arguments>
<msg timestamp="20231130 16:37:26.821" level="INFO">Argument types are:
&lt;class 'int'&gt;
&lt;type 'unicode'&gt;</msg>
<status status="PASS" starttime="20231130 16:37:26.819" endtime="20231130 16:37:26.821"></status>
</kw>
<status status="PASS" starttime="20231130 16:37:26.818" endtime="20231130 16:37:26.821"></status>
</kw>
<status status="PASS" starttime="20231130 16:37:25.966" endtime="20231130 16:37:26.821"></status>
</kw>
<status status="PASS" starttime="20231130 16:37:25.963" endtime="20231130 16:37:26.822"></status>
</kw>
<tags>
<tag>regression</tag>
<tag>smoke</tag>
</tags>
<status status="PASS" starttime="20231130 16:37:25.962" endtime="20231130 16:37:26.822" critical="yes"></status>
</test>
<test id="s1-s1-t2" name="Enter ID as not found">
<kw name="Update_IC">
<arguments>
<arg>http://claimsapi-qc.rasan.co/</arg>
<arg>/api/Claim/UpdateIC</arg>
<arg>{"id": 7000,
  "name": "رسن",
  "nameEn": "Rasan",
  "address": "Cairo",
  "phone": "0178888888",
  "mobile": "0578888888",
  "logo": "claimdev/2023/08/istockphoto-1410828106-612x612.jpg_1453_16_fc7f3f3e-5c01-45b9-8a34-f330b3944006.jpg",
  "serviceId": 7,
  "repairWorkshopId": 27,
  "submissionModeId": 8,
  "emailAddress": "ahmed@gmail.com",
  "emailAddressNotes": "String",

  "portalLink": "https://cliam.com",
  "portalLinkNotes": "string",

  "models": [
    1
  ],
  "insuranceCompanyConnections": [
    {
      "apiType": 2,
      "connectionLink": "string"
    }
  ],
  "insuranceCompanyLetter": {
    "photoHeader": "claimdev/2023/08/istockphoto-691262818-612x612.jpg_1453_16_efc7894e-60b2-482e-ba37-b0af68c8a9e9.jpg",
    "photoFooter": "claimdev/2023/08/istockphoto-1181233245-612x612.jpg_1453_16_433803e6-ef13-4be8-9f37-365ba59e4578.jpg",
    "photoStamp": "claimdev/2023/08/istockphoto-1181433165-612x612.jpg_1453_16_b908b6d7-dc80-459b-b31d-d9574bc91807.jpg",
    "photoSignature": "claimdev/2023/08/istockphoto-1388548812-612x612.jpg_1453_16_3c938aba-9001-4a5e-9ffe-d1b0857a2e0a.jpg" 
  }
}</arg>
<arg>400</arg>
<arg>["model"]["data"]["apiErrorOutputDTO"]["errorCode"]</arg>
<arg>232</arg>
</arguments>
<kw name="Create API session" library="API_Preferences">
<arguments>
<arg>${URL}</arg>
</arguments>
<kw name="Generate Random String" library="String">
<doc>Generates a string with a desired ``length`` from the given ``chars``.</doc>
<arguments>
<arg>4</arg>
<arg>[NUMBERS]</arg>
</arguments>
<assign>
<var>${randomNumber}</var>
</assign>
<msg timestamp="20231130 16:37:26.836" level="INFO">${randomNumber} = 0911</msg>
<status status="PASS" starttime="20231130 16:37:26.835" endtime="20231130 16:37:26.836"></status>
</kw>
<kw name="Catenate" library="BuiltIn">
<doc>Catenates the given items together and returns the resulted string.</doc>
<arguments>
<arg>session_${randomNumber}</arg>
</arguments>
<assign>
<var>${sessionName}</var>
</assign>
<msg timestamp="20231130 16:37:26.837" level="INFO">${sessionName} = session_0911</msg>
<status status="PASS" starttime="20231130 16:37:26.836" endtime="20231130 16:37:26.837"></status>
</kw>
<kw name="Set Global Variable" library="BuiltIn">
<doc>Makes a variable available globally in all tests and suites.</doc>
<arguments>
<arg>${sessionName}</arg>
</arguments>
<msg timestamp="20231130 16:37:26.839" level="INFO">${sessionName} = session_0911</msg>
<status status="PASS" starttime="20231130 16:37:26.838" endtime="20231130 16:37:26.839"></status>
</kw>
<kw name="Create Session" library="RequestsLibrary">
<doc>Create Session: create a HTTP session to a server</doc>
<arguments>
<arg>${sessionName}</arg>
<arg>${Base_Url}</arg>
<arg>timeout=30</arg>
<arg>disable_warnings=1</arg>
</arguments>
<msg timestamp="20231130 16:37:26.840" level="INFO">Creating Session using : alias=session_0911, url=http://claimsapi-qc.rasan.co/, headers={},                     cookies={}, auth=None, timeout=30, proxies=None, verify=False,                     debug=0 </msg>
<status status="PASS" starttime="20231130 16:37:26.840" endtime="20231130 16:37:26.841"></status>
</kw>
<status status="PASS" starttime="20231130 16:37:26.834" endtime="20231130 16:37:26.841"></status>
</kw>
<kw name="Put Request claim" library="API_Preferences">
<arguments>
<arg>${sessionName}</arg>
<arg>${URI}</arg>
<arg>${body}</arg>
<arg>${StatusCode}</arg>
<arg>${actual}</arg>
<arg>${Expected}</arg>
<arg>${RandomData}</arg>
</arguments>
<kw name="Put Request using data Driven Structure" library="API_Preferences">
<doc>Put request with DataDriven structure</doc>
<arguments>
<arg>${sessionName}</arg>
<arg>${Url}</arg>
<arg>${body}</arg>
<arg>${StatusCode}</arg>
</arguments>
<kw name="Create Dictionary" library="BuiltIn">
<doc>Creates and returns a dictionary based on the given ``items``.</doc>
<arguments>
<arg>Content-Type=application/json</arg>
</arguments>
<assign>
<var>${headers}</var>
</assign>
<msg timestamp="20231130 16:37:26.843" level="INFO">${headers} = {'Content-Type': 'application/json'}</msg>
<status status="PASS" starttime="20231130 16:37:26.843" endtime="20231130 16:37:26.843"></status>
</kw>
<kw name="Put Request" library="RequestsLibrary">
<doc>*DEPRECATED* Please use `PUT On Session` instead.</doc>
<arguments>
<arg>${sessionName}</arg>
<arg>${URI}</arg>
<arg>${data}</arg>
<arg>headers=${headers}</arg>
<arg>timeout=10</arg>
</arguments>
<assign>
<var>${resp}</var>
</assign>
<msg timestamp="20231130 16:37:26.844" level="WARN">Keyword 'RequestsLibrary.Put Request' is deprecated. Please use `PUT On Session` instead.</msg>
<msg timestamp="20231130 16:37:28.091" level="INFO">PUT Request : url=http://claimsapi-qc.rasan.co/api/Claim/UpdateIC 
 path_url=/api/Claim/UpdateIC 
 headers={'User-Agent': 'python-requests/2.31.0', 'Accept-Encoding': 'gzip, deflate', 'Accept': '*/*', 'Connection': 'keep-alive', 'Content-Type': 'application/json', 'Content-Length': '1108'} 
 body=b'{"id": 7000,\n  "name": "\xd8\xb1\xd8\xb3\xd9\x86",\n  "nameEn": "Rasan",\n  "address": "Cairo",\n  "phone": "0178888888",\n  "mobile": "0578888888",\n  "logo": "claimdev/2023/08/istockphoto-1410828106-612x612.jpg_1453_16_fc7f3f3e-5c01-45b9-8a34-f330b3944006.jpg",\n  "serviceId": 7,\n  "repairWorkshopId": 27,\n  "submissionModeId": 8,\n  "emailAddress": "ahmed@gmail.com",\n  "emailAddressNotes": "String",\n\n  "portalLink": "https://cliam.com",\n  "portalLinkNotes": "string",\n\n  "models": [\n    1\n  ],\n  "insuranceCompanyConnections": [\n    {\n      "apiType": 2,\n      "connectionLink": "string"\n    }\n  ],\n  "insuranceCompanyLetter": {\n    "photoHeader": "claimdev/2023/08/istockphoto-691262818-612x612.jpg_1453_16_efc7894e-60b2-482e-ba37-b0af68c8a9e9.jpg",\n    "photoFooter": "claimdev/2023/08/istockphoto-1181233245-612x612.jpg_1453_16_433803e6-ef13-4be8-9f37-365ba59e4578.jpg",\n    "photoStamp": "claimdev/2023/08/istockphoto-1181433165-612x612.jpg_1453_16_b908b6d7-dc80-459b-b31d-d9574bc91807.jpg",\n    "photoSignature": "claimdev/2023/08/istockphoto-1388548812-612x612.jpg_1453_16_3c938aba-9001-4a5e-9ffe-d1b0857a2e0a.jpg" \n  }\n}' 
 </msg>
<msg timestamp="20231130 16:37:28.093" level="INFO">PUT Response : url=http://claimsapi-qc.rasan.co/api/Claim/UpdateIC 
 status=400, reason=Bad Request 
 headers={'Server': 'nginx/1.25.1', 'Date': 'Thu, 30 Nov 2023 14:38:57 GMT', 'Content-Type': 'application/json; charset=utf-8', 'Transfer-Encoding': 'chunked', 'Connection': 'keep-alive'} 
 body={"model":{"is_succeeded":false,"method_name":"Handle","status":{"code":2,"message":"Failed"},"exception":null,"data":{"apiErrorOutputDTO":{"errorCode":232,"errorMessage":"InsuranceCompanyNotFound"},"data":null}}} 
 </msg>
<msg timestamp="20231130 16:37:28.093" level="INFO">${resp} = &lt;Response [400]&gt;</msg>
<status status="PASS" starttime="20231130 16:37:26.844" endtime="20231130 16:37:28.093"></status>
</kw>
<kw name="Status Should Be" library="RequestsLibrary">
<doc>Fails if response status code is different than the expected.</doc>
<arguments>
<arg>${statuscode}</arg>
<arg>${resp}</arg>
</arguments>
<status status="PASS" starttime="20231130 16:37:28.094" endtime="20231130 16:37:28.095"></status>
</kw>
<kw name="To Json" library="RequestsLibrary">
<doc>*DEPRECATED* Please use ${resp.json()} instead. Have a look at the improved HTML output as pretty printing replacement.</doc>
<arguments>
<arg>${resp.content}</arg>
</arguments>
<assign>
<var>${actualResult}</var>
</assign>
<msg timestamp="20231130 16:37:28.096" level="WARN">Keyword 'RequestsLibrary.To Json' is deprecated. Please use ${resp.json()} instead. Have a look at the improved HTML output as pretty printing replacement.</msg>
<msg timestamp="20231130 16:37:28.097" level="INFO">To JSON using : content={"model":{"is_succeeded":false,"method_name":"Handle","status":{"code":2,"message":"Failed"},"exception":null,"data":{"apiErrorOutputDTO":{"errorCode":232,"errorMessage":"InsuranceCompanyNotFound"},"data":null}}} </msg>
<msg timestamp="20231130 16:37:28.097" level="INFO">To JSON using : pretty_print=False </msg>
<msg timestamp="20231130 16:37:28.097" level="INFO">${actualResult} = {'model': {'is_succeeded': False, 'method_name': 'Handle', 'status': {'code': 2, 'message': 'Failed'}, 'exception': None, 'data': {'apiErrorOutputDTO': {'errorCode': 232, 'errorMessage': 'InsuranceCom...</msg>
<status status="PASS" starttime="20231130 16:37:28.095" endtime="20231130 16:37:28.097"></status>
</kw>
<kw name="Set Test Variable" library="BuiltIn">
<doc>Makes a variable available everywhere within the scope of the current test.</doc>
<arguments>
<arg>${actualResult}</arg>
</arguments>
<msg timestamp="20231130 16:37:28.097" level="INFO">${actualResult} = {'model': {'is_succeeded': False, 'method_name': 'Handle', 'status': {'code': 2, 'message': 'Failed'}, 'exception': None, 'data': {'apiErrorOutputDTO': {'errorCode': 232, 'errorMessage': 'InsuranceCom...</msg>
<status status="PASS" starttime="20231130 16:37:28.097" endtime="20231130 16:37:28.097"></status>
</kw>
<status status="PASS" starttime="20231130 16:37:26.842" endtime="20231130 16:37:28.097"></status>
</kw>
<kw name="Verify Response" library="API_Preferences">
<doc>veriy actual resutls</doc>
<arguments>
<arg>${actual}</arg>
<arg>${Expected}</arg>
</arguments>
<kw name="Should Be Equal As Strings" library="BuiltIn">
<doc>Fails if objects are unequal after converting them to strings.</doc>
<arguments>
<arg>${actualResult${actual}}</arg>
<arg>${Expected}</arg>
<arg>ignore_case=True</arg>
</arguments>
<msg timestamp="20231130 16:37:28.098" level="INFO">Argument types are:
&lt;class 'int'&gt;
&lt;type 'unicode'&gt;</msg>
<status status="PASS" starttime="20231130 16:37:28.098" endtime="20231130 16:37:28.098"></status>
</kw>
<status status="PASS" starttime="20231130 16:37:28.097" endtime="20231130 16:37:28.098"></status>
</kw>
<status status="PASS" starttime="20231130 16:37:26.841" endtime="20231130 16:37:28.098"></status>
</kw>
<status status="PASS" starttime="20231130 16:37:26.833" endtime="20231130 16:37:28.098"></status>
</kw>
<tags>
<tag>smoke</tag>
</tags>
<status status="PASS" starttime="20231130 16:37:26.824" endtime="20231130 16:37:28.098" critical="yes"></status>
</test>
<test id="s1-s1-t3" name=" Enter Insurance Arabic Name AS blank">
<kw name="Update_IC">
<arguments>
<arg>http://claimsapi-qc.rasan.co/</arg>
<arg>/api/Claim/UpdateIC</arg>
<arg>{"id": 9,
  "name": "",
  "nameEn": "string",
  "address": "string",
  "phone": "0178888888",
  "mobile": "0578888888",
  "logo": "claimdev/2023/08/istockphoto-1410828106-612x612.jpg_1453_16_fc7f3f3e-5c01-45b9-8a34-f330b3944006.jpg",
  "serviceId": 7,
  "repairWorkshopId": 27,
  "submissionModeId": 8,
  "emailAddress": "string",
  "emailAddressNotes": "string",

  "portalLink": "https://cliam.com",
  "portalLinkNotes": "string",

  "models": [
    1
  ],
  "insuranceCompanyConnections": [
    {
      "apiType": 2,
      "connectionLink": "string"
    }
  ],
  "insuranceCompanyLetter": {
    "photoHeader": "claimdev/2023/08/istockphoto-691262818-612x612.jpg_1453_16_efc7894e-60b2-482e-ba37-b0af68c8a9e9.jpg",
    "photoFooter": "claimdev/2023/08/istockphoto-1181233245-612x612.jpg_1453_16_433803e6-ef13-4be8-9f37-365ba59e4578.jpg",
    "photoStamp": "claimdev/2023/08/istockphoto-1181433165-612x612.jpg_1453_16_b908b6d7-dc80-459b-b31d-d9574bc91807.jpg",
    "photoSignature": "claimdev/2023/08/istockphoto-1388548812-612x612.jpg_1453_16_3c938aba-9001-4a5e-9ffe-d1b0857a2e0a.jpg" 
  }
}</arg>
<arg>400</arg>
<arg>["model"]["data"]["apiErrorOutputDTO"]["errorCode"]</arg>
<arg>145</arg>
</arguments>
<kw name="Create API session" library="API_Preferences">
<arguments>
<arg>${URL}</arg>
</arguments>
<kw name="Generate Random String" library="String">
<doc>Generates a string with a desired ``length`` from the given ``chars``.</doc>
<arguments>
<arg>4</arg>
<arg>[NUMBERS]</arg>
</arguments>
<assign>
<var>${randomNumber}</var>
</assign>
<msg timestamp="20231130 16:37:28.100" level="INFO">${randomNumber} = 3967</msg>
<status status="PASS" starttime="20231130 16:37:28.100" endtime="20231130 16:37:28.100"></status>
</kw>
<kw name="Catenate" library="BuiltIn">
<doc>Catenates the given items together and returns the resulted string.</doc>
<arguments>
<arg>session_${randomNumber}</arg>
</arguments>
<assign>
<var>${sessionName}</var>
</assign>
<msg timestamp="20231130 16:37:28.100" level="INFO">${sessionName} = session_3967</msg>
<status status="PASS" starttime="20231130 16:37:28.100" endtime="20231130 16:37:28.100"></status>
</kw>
<kw name="Set Global Variable" library="BuiltIn">
<doc>Makes a variable available globally in all tests and suites.</doc>
<arguments>
<arg>${sessionName}</arg>
</arguments>
<msg timestamp="20231130 16:37:28.101" level="INFO">${sessionName} = session_3967</msg>
<status status="PASS" starttime="20231130 16:37:28.100" endtime="20231130 16:37:28.101"></status>
</kw>
<kw name="Create Session" library="RequestsLibrary">
<doc>Create Session: create a HTTP session to a server</doc>
<arguments>
<arg>${sessionName}</arg>
<arg>${Base_Url}</arg>
<arg>timeout=30</arg>
<arg>disable_warnings=1</arg>
</arguments>
<msg timestamp="20231130 16:37:28.101" level="INFO">Creating Session using : alias=session_3967, url=http://claimsapi-qc.rasan.co/, headers={},                     cookies={}, auth=None, timeout=30, proxies=None, verify=False,                     debug=0 </msg>
<status status="PASS" starttime="20231130 16:37:28.101" endtime="20231130 16:37:28.101"></status>
</kw>
<status status="PASS" starttime="20231130 16:37:28.100" endtime="20231130 16:37:28.101"></status>
</kw>
<kw name="Put Request claim" library="API_Preferences">
<arguments>
<arg>${sessionName}</arg>
<arg>${URI}</arg>
<arg>${body}</arg>
<arg>${StatusCode}</arg>
<arg>${actual}</arg>
<arg>${Expected}</arg>
<arg>${RandomData}</arg>
</arguments>
<kw name="Put Request using data Driven Structure" library="API_Preferences">
<doc>Put request with DataDriven structure</doc>
<arguments>
<arg>${sessionName}</arg>
<arg>${Url}</arg>
<arg>${body}</arg>
<arg>${StatusCode}</arg>
</arguments>
<kw name="Create Dictionary" library="BuiltIn">
<doc>Creates and returns a dictionary based on the given ``items``.</doc>
<arguments>
<arg>Content-Type=application/json</arg>
</arguments>
<assign>
<var>${headers}</var>
</assign>
<msg timestamp="20231130 16:37:28.102" level="INFO">${headers} = {'Content-Type': 'application/json'}</msg>
<status status="PASS" starttime="20231130 16:37:28.102" endtime="20231130 16:37:28.102"></status>
</kw>
<kw name="Put Request" library="RequestsLibrary">
<doc>*DEPRECATED* Please use `PUT On Session` instead.</doc>
<arguments>
<arg>${sessionName}</arg>
<arg>${URI}</arg>
<arg>${data}</arg>
<arg>headers=${headers}</arg>
<arg>timeout=10</arg>
</arguments>
<assign>
<var>${resp}</var>
</assign>
<msg timestamp="20231130 16:37:28.102" level="WARN">Keyword 'RequestsLibrary.Put Request' is deprecated. Please use `PUT On Session` instead.</msg>
<msg timestamp="20231130 16:37:28.640" level="INFO">PUT Request : url=http://claimsapi-qc.rasan.co/api/Claim/UpdateIC 
 path_url=/api/Claim/UpdateIC 
 headers={'User-Agent': 'python-requests/2.31.0', 'Accept-Encoding': 'gzip, deflate', 'Accept': '*/*', 'Connection': 'keep-alive', 'Content-Type': 'application/json', 'Content-Length': '1092'} 
 body=b'{"id": 9,\n  "name": "",\n  "nameEn": "string",\n  "address": "string",\n  "phone": "0178888888",\n  "mobile": "0578888888",\n  "logo": "claimdev/2023/08/istockphoto-1410828106-612x612.jpg_1453_16_fc7f3f3e-5c01-45b9-8a34-f330b3944006.jpg",\n  "serviceId": 7,\n  "repairWorkshopId": 27,\n  "submissionModeId": 8,\n  "emailAddress": "string",\n  "emailAddressNotes": "string",\n\n  "portalLink": "https://cliam.com",\n  "portalLinkNotes": "string",\n\n  "models": [\n    1\n  ],\n  "insuranceCompanyConnections": [\n    {\n      "apiType": 2,\n      "connectionLink": "string"\n    }\n  ],\n  "insuranceCompanyLetter": {\n    "photoHeader": "claimdev/2023/08/istockphoto-691262818-612x612.jpg_1453_16_efc7894e-60b2-482e-ba37-b0af68c8a9e9.jpg",\n    "photoFooter": "claimdev/2023/08/istockphoto-1181233245-612x612.jpg_1453_16_433803e6-ef13-4be8-9f37-365ba59e4578.jpg",\n    "photoStamp": "claimdev/2023/08/istockphoto-1181433165-612x612.jpg_1453_16_b908b6d7-dc80-459b-b31d-d9574bc91807.jpg",\n    "photoSignature": "claimdev/2023/08/istockphoto-1388548812-612x612.jpg_1453_16_3c938aba-9001-4a5e-9ffe-d1b0857a2e0a.jpg" \n  }\n}' 
 </msg>
<msg timestamp="20231130 16:37:28.641" level="INFO">PUT Response : url=http://claimsapi-qc.rasan.co/api/Claim/UpdateIC 
 status=400, reason=Bad Request 
 headers={'Server': 'nginx/1.25.1', 'Date': 'Thu, 30 Nov 2023 14:38:58 GMT', 'Content-Type': 'application/json; charset=utf-8', 'Transfer-Encoding': 'chunked', 'Connection': 'keep-alive'} 
 body={"model":{"is_succeeded":false,"method_name":"Handle","status":{"code":2,"message":"Failed"},"exception":null,"data":{"apiErrorOutputDTO":{"errorCode":145,"errorMessage":"EnterInsuranceCompanyName"},"data":null}}} 
 </msg>
<msg timestamp="20231130 16:37:28.641" level="INFO">${resp} = &lt;Response [400]&gt;</msg>
<status status="PASS" starttime="20231130 16:37:28.102" endtime="20231130 16:37:28.641"></status>
</kw>
<kw name="Status Should Be" library="RequestsLibrary">
<doc>Fails if response status code is different than the expected.</doc>
<arguments>
<arg>${statuscode}</arg>
<arg>${resp}</arg>
</arguments>
<status status="PASS" starttime="20231130 16:37:28.641" endtime="20231130 16:37:28.642"></status>
</kw>
<kw name="To Json" library="RequestsLibrary">
<doc>*DEPRECATED* Please use ${resp.json()} instead. Have a look at the improved HTML output as pretty printing replacement.</doc>
<arguments>
<arg>${resp.content}</arg>
</arguments>
<assign>
<var>${actualResult}</var>
</assign>
<msg timestamp="20231130 16:37:28.643" level="WARN">Keyword 'RequestsLibrary.To Json' is deprecated. Please use ${resp.json()} instead. Have a look at the improved HTML output as pretty printing replacement.</msg>
<msg timestamp="20231130 16:37:28.644" level="INFO">To JSON using : content={"model":{"is_succeeded":false,"method_name":"Handle","status":{"code":2,"message":"Failed"},"exception":null,"data":{"apiErrorOutputDTO":{"errorCode":145,"errorMessage":"EnterInsuranceCompanyName"},"data":null}}} </msg>
<msg timestamp="20231130 16:37:28.644" level="INFO">To JSON using : pretty_print=False </msg>
<msg timestamp="20231130 16:37:28.644" level="INFO">${actualResult} = {'model': {'is_succeeded': False, 'method_name': 'Handle', 'status': {'code': 2, 'message': 'Failed'}, 'exception': None, 'data': {'apiErrorOutputDTO': {'errorCode': 145, 'errorMessage': 'EnterInsuran...</msg>
<status status="PASS" starttime="20231130 16:37:28.643" endtime="20231130 16:37:28.644"></status>
</kw>
<kw name="Set Test Variable" library="BuiltIn">
<doc>Makes a variable available everywhere within the scope of the current test.</doc>
<arguments>
<arg>${actualResult}</arg>
</arguments>
<msg timestamp="20231130 16:37:28.645" level="INFO">${actualResult} = {'model': {'is_succeeded': False, 'method_name': 'Handle', 'status': {'code': 2, 'message': 'Failed'}, 'exception': None, 'data': {'apiErrorOutputDTO': {'errorCode': 145, 'errorMessage': 'EnterInsuran...</msg>
<status status="PASS" starttime="20231130 16:37:28.644" endtime="20231130 16:37:28.645"></status>
</kw>
<status status="PASS" starttime="20231130 16:37:28.102" endtime="20231130 16:37:28.646"></status>
</kw>
<kw name="Verify Response" library="API_Preferences">
<doc>veriy actual resutls</doc>
<arguments>
<arg>${actual}</arg>
<arg>${Expected}</arg>
</arguments>
<kw name="Should Be Equal As Strings" library="BuiltIn">
<doc>Fails if objects are unequal after converting them to strings.</doc>
<arguments>
<arg>${actualResult${actual}}</arg>
<arg>${Expected}</arg>
<arg>ignore_case=True</arg>
</arguments>
<msg timestamp="20231130 16:37:28.647" level="INFO">Argument types are:
&lt;class 'int'&gt;
&lt;type 'unicode'&gt;</msg>
<status status="PASS" starttime="20231130 16:37:28.646" endtime="20231130 16:37:28.647"></status>
</kw>
<status status="PASS" starttime="20231130 16:37:28.646" endtime="20231130 16:37:28.647"></status>
</kw>
<status status="PASS" starttime="20231130 16:37:28.101" endtime="20231130 16:37:28.648"></status>
</kw>
<status status="PASS" starttime="20231130 16:37:28.100" endtime="20231130 16:37:28.648"></status>
</kw>
<tags>
<tag>regression</tag>
<tag>smoke</tag>
</tags>
<status status="PASS" starttime="20231130 16:37:28.099" endtime="20231130 16:37:28.648" critical="yes"></status>
</test>
<test id="s1-s1-t4" name="Enter Insurance Arabic Name AS EN">
<kw name="Update_IC">
<arguments>
<arg>http://claimsapi-qc.rasan.co/</arg>
<arg>/api/Claim/UpdateIC</arg>
<arg>{"id": 9,
  "name": "ahmed",
  "nameEn": "string",
  "address": "string",
  "phone": "0178888888",
  "mobile": "0578888888",
  "logo": "claimdev/2023/08/istockphoto-1410828106-612x612.jpg_1453_16_fc7f3f3e-5c01-45b9-8a34-f330b3944006.jpg",
  "serviceId": 7,
  "repairWorkshopId": 27,
  "submissionModeId": 8,
  "emailAddress": "ahmed@gmail.com",
  "emailAddressNotes": "String",

  "portalLink": "https://cliam.com",
  "portalLinkNotes": "string",

  "models": [
    1
  ],
  "insuranceCompanyConnections": [
    {
      "apiType": 2,
      "connectionLink": "string"
    }
  ],
  "insuranceCompanyLetter": {
    "photoHeader": "claimdev/2023/08/istockphoto-691262818-612x612.jpg_1453_16_efc7894e-60b2-482e-ba37-b0af68c8a9e9.jpg",
    "photoFooter": "claimdev/2023/08/istockphoto-1181233245-612x612.jpg_1453_16_433803e6-ef13-4be8-9f37-365ba59e4578.jpg",
    "photoStamp": "claimdev/2023/08/istockphoto-1181433165-612x612.jpg_1453_16_b908b6d7-dc80-459b-b31d-d9574bc91807.jpg",
    "photoSignature": "claimdev/2023/08/istockphoto-1388548812-612x612.jpg_1453_16_3c938aba-9001-4a5e-9ffe-d1b0857a2e0a.jpg" 
  }
}</arg>
<arg>400</arg>
<arg>["model"]["data"]["apiErrorOutputDTO"]["errorCode"]</arg>
<arg>148</arg>
</arguments>
<kw name="Create API session" library="API_Preferences">
<arguments>
<arg>${URL}</arg>
</arguments>
<kw name="Generate Random String" library="String">
<doc>Generates a string with a desired ``length`` from the given ``chars``.</doc>
<arguments>
<arg>4</arg>
<arg>[NUMBERS]</arg>
</arguments>
<assign>
<var>${randomNumber}</var>
</assign>
<msg timestamp="20231130 16:37:28.655" level="INFO">${randomNumber} = 1353</msg>
<status status="PASS" starttime="20231130 16:37:28.654" endtime="20231130 16:37:28.655"></status>
</kw>
<kw name="Catenate" library="BuiltIn">
<doc>Catenates the given items together and returns the resulted string.</doc>
<arguments>
<arg>session_${randomNumber}</arg>
</arguments>
<assign>
<var>${sessionName}</var>
</assign>
<msg timestamp="20231130 16:37:28.656" level="INFO">${sessionName} = session_1353</msg>
<status status="PASS" starttime="20231130 16:37:28.656" endtime="20231130 16:37:28.656"></status>
</kw>
<kw name="Set Global Variable" library="BuiltIn">
<doc>Makes a variable available globally in all tests and suites.</doc>
<arguments>
<arg>${sessionName}</arg>
</arguments>
<msg timestamp="20231130 16:37:28.657" level="INFO">${sessionName} = session_1353</msg>
<status status="PASS" starttime="20231130 16:37:28.656" endtime="20231130 16:37:28.657"></status>
</kw>
<kw name="Create Session" library="RequestsLibrary">
<doc>Create Session: create a HTTP session to a server</doc>
<arguments>
<arg>${sessionName}</arg>
<arg>${Base_Url}</arg>
<arg>timeout=30</arg>
<arg>disable_warnings=1</arg>
</arguments>
<msg timestamp="20231130 16:37:28.657" level="INFO">Creating Session using : alias=session_1353, url=http://claimsapi-qc.rasan.co/, headers={},                     cookies={}, auth=None, timeout=30, proxies=None, verify=False,                     debug=0 </msg>
<status status="PASS" starttime="20231130 16:37:28.657" endtime="20231130 16:37:28.657"></status>
</kw>
<status status="PASS" starttime="20231130 16:37:28.653" endtime="20231130 16:37:28.657"></status>
</kw>
<kw name="Put Request claim" library="API_Preferences">
<arguments>
<arg>${sessionName}</arg>
<arg>${URI}</arg>
<arg>${body}</arg>
<arg>${StatusCode}</arg>
<arg>${actual}</arg>
<arg>${Expected}</arg>
<arg>${RandomData}</arg>
</arguments>
<kw name="Put Request using data Driven Structure" library="API_Preferences">
<doc>Put request with DataDriven structure</doc>
<arguments>
<arg>${sessionName}</arg>
<arg>${Url}</arg>
<arg>${body}</arg>
<arg>${StatusCode}</arg>
</arguments>
<kw name="Create Dictionary" library="BuiltIn">
<doc>Creates and returns a dictionary based on the given ``items``.</doc>
<arguments>
<arg>Content-Type=application/json</arg>
</arguments>
<assign>
<var>${headers}</var>
</assign>
<msg timestamp="20231130 16:37:28.659" level="INFO">${headers} = {'Content-Type': 'application/json'}</msg>
<status status="PASS" starttime="20231130 16:37:28.658" endtime="20231130 16:37:28.659"></status>
</kw>
<kw name="Put Request" library="RequestsLibrary">
<doc>*DEPRECATED* Please use `PUT On Session` instead.</doc>
<arguments>
<arg>${sessionName}</arg>
<arg>${URI}</arg>
<arg>${data}</arg>
<arg>headers=${headers}</arg>
<arg>timeout=10</arg>
</arguments>
<assign>
<var>${resp}</var>
</assign>
<msg timestamp="20231130 16:37:28.659" level="WARN">Keyword 'RequestsLibrary.Put Request' is deprecated. Please use `PUT On Session` instead.</msg>
<msg timestamp="20231130 16:37:29.116" level="INFO">PUT Request : url=http://claimsapi-qc.rasan.co/api/Claim/UpdateIC 
 path_url=/api/Claim/UpdateIC 
 headers={'User-Agent': 'python-requests/2.31.0', 'Accept-Encoding': 'gzip, deflate', 'Accept': '*/*', 'Connection': 'keep-alive', 'Content-Type': 'application/json', 'Content-Length': '1106'} 
 body=b'{"id": 9,\n  "name": "ahmed",\n  "nameEn": "string",\n  "address": "string",\n  "phone": "0178888888",\n  "mobile": "0578888888",\n  "logo": "claimdev/2023/08/istockphoto-1410828106-612x612.jpg_1453_16_fc7f3f3e-5c01-45b9-8a34-f330b3944006.jpg",\n  "serviceId": 7,\n  "repairWorkshopId": 27,\n  "submissionModeId": 8,\n  "emailAddress": "ahmed@gmail.com",\n  "emailAddressNotes": "String",\n\n  "portalLink": "https://cliam.com",\n  "portalLinkNotes": "string",\n\n  "models": [\n    1\n  ],\n  "insuranceCompanyConnections": [\n    {\n      "apiType": 2,\n      "connectionLink": "string"\n    }\n  ],\n  "insuranceCompanyLetter": {\n    "photoHeader": "claimdev/2023/08/istockphoto-691262818-612x612.jpg_1453_16_efc7894e-60b2-482e-ba37-b0af68c8a9e9.jpg",\n    "photoFooter": "claimdev/2023/08/istockphoto-1181233245-612x612.jpg_1453_16_433803e6-ef13-4be8-9f37-365ba59e4578.jpg",\n    "photoStamp": "claimdev/2023/08/istockphoto-1181433165-612x612.jpg_1453_16_b908b6d7-dc80-459b-b31d-d9574bc91807.jpg",\n    "photoSignature": "claimdev/2023/08/istockphoto-1388548812-612x612.jpg_1453_16_3c938aba-9001-4a5e-9ffe-d1b0857a2e0a.jpg" \n  }\n}' 
 </msg>
<msg timestamp="20231130 16:37:29.116" level="INFO">PUT Response : url=http://claimsapi-qc.rasan.co/api/Claim/UpdateIC 
 status=400, reason=Bad Request 
 headers={'Server': 'nginx/1.25.1', 'Date': 'Thu, 30 Nov 2023 14:38:59 GMT', 'Content-Type': 'application/json; charset=utf-8', 'Transfer-Encoding': 'chunked', 'Connection': 'keep-alive'} 
 body={"model":{"is_succeeded":false,"method_name":"Handle","status":{"code":2,"message":"Failed"},"exception":null,"data":{"apiErrorOutputDTO":{"errorCode":148,"errorMessage":"InsuranceCompanyNameFormatMustBeInArabicLettersOnly"},"data":null}}} 
 </msg>
<msg timestamp="20231130 16:37:29.116" level="INFO">${resp} = &lt;Response [400]&gt;</msg>
<status status="PASS" starttime="20231130 16:37:28.659" endtime="20231130 16:37:29.116"></status>
</kw>
<kw name="Status Should Be" library="RequestsLibrary">
<doc>Fails if response status code is different than the expected.</doc>
<arguments>
<arg>${statuscode}</arg>
<arg>${resp}</arg>
</arguments>
<status status="PASS" starttime="20231130 16:37:29.117" endtime="20231130 16:37:29.117"></status>
</kw>
<kw name="To Json" library="RequestsLibrary">
<doc>*DEPRECATED* Please use ${resp.json()} instead. Have a look at the improved HTML output as pretty printing replacement.</doc>
<arguments>
<arg>${resp.content}</arg>
</arguments>
<assign>
<var>${actualResult}</var>
</assign>
<msg timestamp="20231130 16:37:29.117" level="WARN">Keyword 'RequestsLibrary.To Json' is deprecated. Please use ${resp.json()} instead. Have a look at the improved HTML output as pretty printing replacement.</msg>
<msg timestamp="20231130 16:37:29.118" level="INFO">To JSON using : content={"model":{"is_succeeded":false,"method_name":"Handle","status":{"code":2,"message":"Failed"},"exception":null,"data":{"apiErrorOutputDTO":{"errorCode":148,"errorMessage":"InsuranceCompanyNameFormatMustBeInArabicLettersOnly"},"data":null}}} </msg>
<msg timestamp="20231130 16:37:29.118" level="INFO">To JSON using : pretty_print=False </msg>
<msg timestamp="20231130 16:37:29.118" level="INFO">${actualResult} = {'model': {'is_succeeded': False, 'method_name': 'Handle', 'status': {'code': 2, 'message': 'Failed'}, 'exception': None, 'data': {'apiErrorOutputDTO': {'errorCode': 148, 'errorMessage': 'InsuranceCom...</msg>
<status status="PASS" starttime="20231130 16:37:29.117" endtime="20231130 16:37:29.118"></status>
</kw>
<kw name="Set Test Variable" library="BuiltIn">
<doc>Makes a variable available everywhere within the scope of the current test.</doc>
<arguments>
<arg>${actualResult}</arg>
</arguments>
<msg timestamp="20231130 16:37:29.120" level="INFO">${actualResult} = {'model': {'is_succeeded': False, 'method_name': 'Handle', 'status': {'code': 2, 'message': 'Failed'}, 'exception': None, 'data': {'apiErrorOutputDTO': {'errorCode': 148, 'errorMessage': 'InsuranceCom...</msg>
<status status="PASS" starttime="20231130 16:37:29.120" endtime="20231130 16:37:29.120"></status>
</kw>
<status status="PASS" starttime="20231130 16:37:28.658" endtime="20231130 16:37:29.121"></status>
</kw>
<kw name="Verify Response" library="API_Preferences">
<doc>veriy actual resutls</doc>
<arguments>
<arg>${actual}</arg>
<arg>${Expected}</arg>
</arguments>
<kw name="Should Be Equal As Strings" library="BuiltIn">
<doc>Fails if objects are unequal after converting them to strings.</doc>
<arguments>
<arg>${actualResult${actual}}</arg>
<arg>${Expected}</arg>
<arg>ignore_case=True</arg>
</arguments>
<msg timestamp="20231130 16:37:29.122" level="INFO">Argument types are:
&lt;class 'int'&gt;
&lt;type 'unicode'&gt;</msg>
<status status="PASS" starttime="20231130 16:37:29.121" endtime="20231130 16:37:29.122"></status>
</kw>
<status status="PASS" starttime="20231130 16:37:29.121" endtime="20231130 16:37:29.122"></status>
</kw>
<status status="PASS" starttime="20231130 16:37:28.657" endtime="20231130 16:37:29.123"></status>
</kw>
<status status="PASS" starttime="20231130 16:37:28.652" endtime="20231130 16:37:29.123"></status>
</kw>
<tags>
<tag>regression</tag>
<tag>smoke</tag>
</tags>
<status status="PASS" starttime="20231130 16:37:28.649" endtime="20231130 16:37:29.123" critical="yes"></status>
</test>
<test id="s1-s1-t5" name=" Enter Insurance Arabic Name AS AR">
<kw name="Update_IC">
<arguments>
<arg>http://claimsapi-qc.rasan.co/</arg>
<arg>/api/Claim/UpdateIC</arg>
<arg>{"id": 9,
  "name": "رسن",
  "nameEn": "Rasan",
  "address": "Cairo",
  "phone": "0178888888",
  "mobile": "0578888888",
  "logo": "claimdev/2023/08/istockphoto-1410828106-612x612.jpg_1453_16_fc7f3f3e-5c01-45b9-8a34-f330b3944006.jpg",
  "serviceId": 7,
  "repairWorkshopId": 27,
  "submissionModeId": 8,
  "emailAddress": "ahmed@gmail.com",
  "emailAddressNotes": "String",

  "portalLink": "https://cliam.com",
  "portalLinkNotes": "string",

  "models": [
    1
  ],
  "insuranceCompanyConnections": [
    {
      "apiType": 2,
      "connectionLink": "string"
    }
  ],
  "insuranceCompanyLetter": {
    "photoHeader": "claimdev/2023/08/istockphoto-691262818-612x612.jpg_1453_16_efc7894e-60b2-482e-ba37-b0af68c8a9e9.jpg",
    "photoFooter": "claimdev/2023/08/istockphoto-1181233245-612x612.jpg_1453_16_433803e6-ef13-4be8-9f37-365ba59e4578.jpg",
    "photoStamp": "claimdev/2023/08/istockphoto-1181433165-612x612.jpg_1453_16_b908b6d7-dc80-459b-b31d-d9574bc91807.jpg",
    "photoSignature": "claimdev/2023/08/istockphoto-1388548812-612x612.jpg_1453_16_3c938aba-9001-4a5e-9ffe-d1b0857a2e0a.jpg" 
  }
}</arg>
<arg>200</arg>
<arg>["model"]["data"]["apiErrorOutputDTO"]["errorCode"]</arg>
<arg>1</arg>
</arguments>
<kw name="Create API session" library="API_Preferences">
<arguments>
<arg>${URL}</arg>
</arguments>
<kw name="Generate Random String" library="String">
<doc>Generates a string with a desired ``length`` from the given ``chars``.</doc>
<arguments>
<arg>4</arg>
<arg>[NUMBERS]</arg>
</arguments>
<assign>
<var>${randomNumber}</var>
</assign>
<msg timestamp="20231130 16:37:29.128" level="INFO">${randomNumber} = 9679</msg>
<status status="PASS" starttime="20231130 16:37:29.128" endtime="20231130 16:37:29.128"></status>
</kw>
<kw name="Catenate" library="BuiltIn">
<doc>Catenates the given items together and returns the resulted string.</doc>
<arguments>
<arg>session_${randomNumber}</arg>
</arguments>
<assign>
<var>${sessionName}</var>
</assign>
<msg timestamp="20231130 16:37:29.128" level="INFO">${sessionName} = session_9679</msg>
<status status="PASS" starttime="20231130 16:37:29.128" endtime="20231130 16:37:29.128"></status>
</kw>
<kw name="Set Global Variable" library="BuiltIn">
<doc>Makes a variable available globally in all tests and suites.</doc>
<arguments>
<arg>${sessionName}</arg>
</arguments>
<msg timestamp="20231130 16:37:29.129" level="INFO">${sessionName} = session_9679</msg>
<status status="PASS" starttime="20231130 16:37:29.129" endtime="20231130 16:37:29.130"></status>
</kw>
<kw name="Create Session" library="RequestsLibrary">
<doc>Create Session: create a HTTP session to a server</doc>
<arguments>
<arg>${sessionName}</arg>
<arg>${Base_Url}</arg>
<arg>timeout=30</arg>
<arg>disable_warnings=1</arg>
</arguments>
<msg timestamp="20231130 16:37:29.131" level="INFO">Creating Session using : alias=session_9679, url=http://claimsapi-qc.rasan.co/, headers={},                     cookies={}, auth=None, timeout=30, proxies=None, verify=False,                     debug=0 </msg>
<status status="PASS" starttime="20231130 16:37:29.130" endtime="20231130 16:37:29.131"></status>
</kw>
<status status="PASS" starttime="20231130 16:37:29.127" endtime="20231130 16:37:29.131"></status>
</kw>
<kw name="Put Request claim" library="API_Preferences">
<arguments>
<arg>${sessionName}</arg>
<arg>${URI}</arg>
<arg>${body}</arg>
<arg>${StatusCode}</arg>
<arg>${actual}</arg>
<arg>${Expected}</arg>
<arg>${RandomData}</arg>
</arguments>
<kw name="Put Request using data Driven Structure" library="API_Preferences">
<doc>Put request with DataDriven structure</doc>
<arguments>
<arg>${sessionName}</arg>
<arg>${Url}</arg>
<arg>${body}</arg>
<arg>${StatusCode}</arg>
</arguments>
<kw name="Create Dictionary" library="BuiltIn">
<doc>Creates and returns a dictionary based on the given ``items``.</doc>
<arguments>
<arg>Content-Type=application/json</arg>
</arguments>
<assign>
<var>${headers}</var>
</assign>
<msg timestamp="20231130 16:37:29.132" level="INFO">${headers} = {'Content-Type': 'application/json'}</msg>
<status status="PASS" starttime="20231130 16:37:29.132" endtime="20231130 16:37:29.133"></status>
</kw>
<kw name="Put Request" library="RequestsLibrary">
<doc>*DEPRECATED* Please use `PUT On Session` instead.</doc>
<arguments>
<arg>${sessionName}</arg>
<arg>${URI}</arg>
<arg>${data}</arg>
<arg>headers=${headers}</arg>
<arg>timeout=10</arg>
</arguments>
<assign>
<var>${resp}</var>
</assign>
<msg timestamp="20231130 16:37:29.133" level="WARN">Keyword 'RequestsLibrary.Put Request' is deprecated. Please use `PUT On Session` instead.</msg>
<msg timestamp="20231130 16:37:29.585" level="INFO">PUT Request : url=http://claimsapi-qc.rasan.co/api/Claim/UpdateIC 
 path_url=/api/Claim/UpdateIC 
 headers={'User-Agent': 'python-requests/2.31.0', 'Accept-Encoding': 'gzip, deflate', 'Accept': '*/*', 'Connection': 'keep-alive', 'Content-Type': 'application/json', 'Content-Length': '1105'} 
 body=b'{"id": 9,\n  "name": "\xd8\xb1\xd8\xb3\xd9\x86",\n  "nameEn": "Rasan",\n  "address": "Cairo",\n  "phone": "0178888888",\n  "mobile": "0578888888",\n  "logo": "claimdev/2023/08/istockphoto-1410828106-612x612.jpg_1453_16_fc7f3f3e-5c01-45b9-8a34-f330b3944006.jpg",\n  "serviceId": 7,\n  "repairWorkshopId": 27,\n  "submissionModeId": 8,\n  "emailAddress": "ahmed@gmail.com",\n  "emailAddressNotes": "String",\n\n  "portalLink": "https://cliam.com",\n  "portalLinkNotes": "string",\n\n  "models": [\n    1\n  ],\n  "insuranceCompanyConnections": [\n    {\n      "apiType": 2,\n      "connectionLink": "string"\n    }\n  ],\n  "insuranceCompanyLetter": {\n    "photoHeader": "claimdev/2023/08/istockphoto-691262818-612x612.jpg_1453_16_efc7894e-60b2-482e-ba37-b0af68c8a9e9.jpg",\n    "photoFooter": "claimdev/2023/08/istockphoto-1181233245-612x612.jpg_1453_16_433803e6-ef13-4be8-9f37-365ba59e4578.jpg",\n    "photoStamp": "claimdev/2023/08/istockphoto-1181433165-612x612.jpg_1453_16_b908b6d7-dc80-459b-b31d-d9574bc91807.jpg",\n    "photoSignature": "claimdev/2023/08/istockphoto-1388548812-612x612.jpg_1453_16_3c938aba-9001-4a5e-9ffe-d1b0857a2e0a.jpg" \n  }\n}' 
 </msg>
<msg timestamp="20231130 16:37:29.585" level="INFO">PUT Response : url=http://claimsapi-qc.rasan.co/api/Claim/UpdateIC 
 status=200, reason=OK 
 headers={'Server': 'nginx/1.25.1', 'Date': 'Thu, 30 Nov 2023 14:38:59 GMT', 'Content-Type': 'application/json; charset=utf-8', 'Transfer-Encoding': 'chunked', 'Connection': 'keep-alive'} 
 body={"model":{"is_succeeded":true,"method_name":"Handle","status":{"code":1,"message":"Process Completed Successfully"},"exception":null,"data":{"apiErrorOutputDTO":{"errorCode":1,"errorMessage":"success"},"data":{"isAdded":true}}}} 
 </msg>
<msg timestamp="20231130 16:37:29.586" level="INFO">${resp} = &lt;Response [200]&gt;</msg>
<status status="PASS" starttime="20231130 16:37:29.133" endtime="20231130 16:37:29.586"></status>
</kw>
<kw name="Status Should Be" library="RequestsLibrary">
<doc>Fails if response status code is different than the expected.</doc>
<arguments>
<arg>${statuscode}</arg>
<arg>${resp}</arg>
</arguments>
<status status="PASS" starttime="20231130 16:37:29.586" endtime="20231130 16:37:29.587"></status>
</kw>
<kw name="To Json" library="RequestsLibrary">
<doc>*DEPRECATED* Please use ${resp.json()} instead. Have a look at the improved HTML output as pretty printing replacement.</doc>
<arguments>
<arg>${resp.content}</arg>
</arguments>
<assign>
<var>${actualResult}</var>
</assign>
<msg timestamp="20231130 16:37:29.588" level="WARN">Keyword 'RequestsLibrary.To Json' is deprecated. Please use ${resp.json()} instead. Have a look at the improved HTML output as pretty printing replacement.</msg>
<msg timestamp="20231130 16:37:29.589" level="INFO">To JSON using : content={"model":{"is_succeeded":true,"method_name":"Handle","status":{"code":1,"message":"Process Completed Successfully"},"exception":null,"data":{"apiErrorOutputDTO":{"errorCode":1,"errorMessage":"success"},"data":{"isAdded":true}}}} </msg>
<msg timestamp="20231130 16:37:29.589" level="INFO">To JSON using : pretty_print=False </msg>
<msg timestamp="20231130 16:37:29.589" level="INFO">${actualResult} = {'model': {'is_succeeded': True, 'method_name': 'Handle', 'status': {'code': 1, 'message': 'Process Completed Successfully'}, 'exception': None, 'data': {'apiErrorOutputDTO': {'errorCode': 1, 'errorMe...</msg>
<status status="PASS" starttime="20231130 16:37:29.588" endtime="20231130 16:37:29.589"></status>
</kw>
<kw name="Set Test Variable" library="BuiltIn">
<doc>Makes a variable available everywhere within the scope of the current test.</doc>
<arguments>
<arg>${actualResult}</arg>
</arguments>
<msg timestamp="20231130 16:37:29.590" level="INFO">${actualResult} = {'model': {'is_succeeded': True, 'method_name': 'Handle', 'status': {'code': 1, 'message': 'Process Completed Successfully'}, 'exception': None, 'data': {'apiErrorOutputDTO': {'errorCode': 1, 'errorMe...</msg>
<status status="PASS" starttime="20231130 16:37:29.589" endtime="20231130 16:37:29.590"></status>
</kw>
<status status="PASS" starttime="20231130 16:37:29.132" endtime="20231130 16:37:29.590"></status>
</kw>
<kw name="Verify Response" library="API_Preferences">
<doc>veriy actual resutls</doc>
<arguments>
<arg>${actual}</arg>
<arg>${Expected}</arg>
</arguments>
<kw name="Should Be Equal As Strings" library="BuiltIn">
<doc>Fails if objects are unequal after converting them to strings.</doc>
<arguments>
<arg>${actualResult${actual}}</arg>
<arg>${Expected}</arg>
<arg>ignore_case=True</arg>
</arguments>
<msg timestamp="20231130 16:37:29.592" level="INFO">Argument types are:
&lt;class 'int'&gt;
&lt;type 'unicode'&gt;</msg>
<status status="PASS" starttime="20231130 16:37:29.592" endtime="20231130 16:37:29.592"></status>
</kw>
<status status="PASS" starttime="20231130 16:37:29.590" endtime="20231130 16:37:29.592"></status>
</kw>
<status status="PASS" starttime="20231130 16:37:29.131" endtime="20231130 16:37:29.592"></status>
</kw>
<status status="PASS" starttime="20231130 16:37:29.126" endtime="20231130 16:37:29.592"></status>
</kw>
<tags>
<tag>regression</tag>
<tag>smoke</tag>
</tags>
<status status="PASS" starttime="20231130 16:37:29.124" endtime="20231130 16:37:29.593" critical="yes"></status>
</test>
<test id="s1-s1-t6" name=" Enter Insurance Arabic Name AS numbers">
<kw name="Update_IC">
<arguments>
<arg>http://claimsapi-qc.rasan.co/</arg>
<arg>/api/Claim/UpdateIC</arg>
<arg>{"id": 9,
  "name": "12345",
  "nameEn": "string",
  "address": "string",
  "phone": "0178888888",
  "mobile": "0578888888",
  "logo": "claimdev/2023/08/istockphoto-1410828106-612x612.jpg_1453_16_fc7f3f3e-5c01-45b9-8a34-f330b3944006.jpg",
  "serviceId": 7,
  "repairWorkshopId": 27,
  "submissionModeId": 8,
  "emailAddress": "ahmed@gmail.com",
  "emailAddressNotes": "String",

  "portalLink": "https://cliam.com",
  "portalLinkNotes": "string",

  "models": [
    1
  ],
  "insuranceCompanyConnections": [
    {
      "apiType": 2,
      "connectionLink": "string"
    }
  ],
  "insuranceCompanyLetter": {
    "photoHeader": "claimdev/2023/08/istockphoto-691262818-612x612.jpg_1453_16_efc7894e-60b2-482e-ba37-b0af68c8a9e9.jpg",
    "photoFooter": "claimdev/2023/08/istockphoto-1181233245-612x612.jpg_1453_16_433803e6-ef13-4be8-9f37-365ba59e4578.jpg",
    "photoStamp": "claimdev/2023/08/istockphoto-1181433165-612x612.jpg_1453_16_b908b6d7-dc80-459b-b31d-d9574bc91807.jpg",
    "photoSignature": "claimdev/2023/08/istockphoto-1388548812-612x612.jpg_1453_16_3c938aba-9001-4a5e-9ffe-d1b0857a2e0a.jpg" 
  }
}</arg>
<arg>400</arg>
<arg>["model"]["data"]["apiErrorOutputDTO"]["errorCode"]</arg>
<arg>148</arg>
</arguments>
<kw name="Create API session" library="API_Preferences">
<arguments>
<arg>${URL}</arg>
</arguments>
<kw name="Generate Random String" library="String">
<doc>Generates a string with a desired ``length`` from the given ``chars``.</doc>
<arguments>
<arg>4</arg>
<arg>[NUMBERS]</arg>
</arguments>
<assign>
<var>${randomNumber}</var>
</assign>
<msg timestamp="20231130 16:37:29.596" level="INFO">${randomNumber} = 4487</msg>
<status status="PASS" starttime="20231130 16:37:29.596" endtime="20231130 16:37:29.596"></status>
</kw>
<kw name="Catenate" library="BuiltIn">
<doc>Catenates the given items together and returns the resulted string.</doc>
<arguments>
<arg>session_${randomNumber}</arg>
</arguments>
<assign>
<var>${sessionName}</var>
</assign>
<msg timestamp="20231130 16:37:29.596" level="INFO">${sessionName} = session_4487</msg>
<status status="PASS" starttime="20231130 16:37:29.596" endtime="20231130 16:37:29.596"></status>
</kw>
<kw name="Set Global Variable" library="BuiltIn">
<doc>Makes a variable available globally in all tests and suites.</doc>
<arguments>
<arg>${sessionName}</arg>
</arguments>
<msg timestamp="20231130 16:37:29.598" level="INFO">${sessionName} = session_4487</msg>
<status status="PASS" starttime="20231130 16:37:29.596" endtime="20231130 16:37:29.598"></status>
</kw>
<kw name="Create Session" library="RequestsLibrary">
<doc>Create Session: create a HTTP session to a server</doc>
<arguments>
<arg>${sessionName}</arg>
<arg>${Base_Url}</arg>
<arg>timeout=30</arg>
<arg>disable_warnings=1</arg>
</arguments>
<msg timestamp="20231130 16:37:29.598" level="INFO">Creating Session using : alias=session_4487, url=http://claimsapi-qc.rasan.co/, headers={},                     cookies={}, auth=None, timeout=30, proxies=None, verify=False,                     debug=0 </msg>
<status status="PASS" starttime="20231130 16:37:29.598" endtime="20231130 16:37:29.598"></status>
</kw>
<status status="PASS" starttime="20231130 16:37:29.595" endtime="20231130 16:37:29.598"></status>
</kw>
<kw name="Put Request claim" library="API_Preferences">
<arguments>
<arg>${sessionName}</arg>
<arg>${URI}</arg>
<arg>${body}</arg>
<arg>${StatusCode}</arg>
<arg>${actual}</arg>
<arg>${Expected}</arg>
<arg>${RandomData}</arg>
</arguments>
<kw name="Put Request using data Driven Structure" library="API_Preferences">
<doc>Put request with DataDriven structure</doc>
<arguments>
<arg>${sessionName}</arg>
<arg>${Url}</arg>
<arg>${body}</arg>
<arg>${StatusCode}</arg>
</arguments>
<kw name="Create Dictionary" library="BuiltIn">
<doc>Creates and returns a dictionary based on the given ``items``.</doc>
<arguments>
<arg>Content-Type=application/json</arg>
</arguments>
<assign>
<var>${headers}</var>
</assign>
<msg timestamp="20231130 16:37:29.600" level="INFO">${headers} = {'Content-Type': 'application/json'}</msg>
<status status="PASS" starttime="20231130 16:37:29.600" endtime="20231130 16:37:29.600"></status>
</kw>
<kw name="Put Request" library="RequestsLibrary">
<doc>*DEPRECATED* Please use `PUT On Session` instead.</doc>
<arguments>
<arg>${sessionName}</arg>
<arg>${URI}</arg>
<arg>${data}</arg>
<arg>headers=${headers}</arg>
<arg>timeout=10</arg>
</arguments>
<assign>
<var>${resp}</var>
</assign>
<msg timestamp="20231130 16:37:29.601" level="WARN">Keyword 'RequestsLibrary.Put Request' is deprecated. Please use `PUT On Session` instead.</msg>
<msg timestamp="20231130 16:37:30.037" level="INFO">PUT Request : url=http://claimsapi-qc.rasan.co/api/Claim/UpdateIC 
 path_url=/api/Claim/UpdateIC 
 headers={'User-Agent': 'python-requests/2.31.0', 'Accept-Encoding': 'gzip, deflate', 'Accept': '*/*', 'Connection': 'keep-alive', 'Content-Type': 'application/json', 'Content-Length': '1106'} 
 body=b'{"id": 9,\n  "name": "12345",\n  "nameEn": "string",\n  "address": "string",\n  "phone": "0178888888",\n  "mobile": "0578888888",\n  "logo": "claimdev/2023/08/istockphoto-1410828106-612x612.jpg_1453_16_fc7f3f3e-5c01-45b9-8a34-f330b3944006.jpg",\n  "serviceId": 7,\n  "repairWorkshopId": 27,\n  "submissionModeId": 8,\n  "emailAddress": "ahmed@gmail.com",\n  "emailAddressNotes": "String",\n\n  "portalLink": "https://cliam.com",\n  "portalLinkNotes": "string",\n\n  "models": [\n    1\n  ],\n  "insuranceCompanyConnections": [\n    {\n      "apiType": 2,\n      "connectionLink": "string"\n    }\n  ],\n  "insuranceCompanyLetter": {\n    "photoHeader": "claimdev/2023/08/istockphoto-691262818-612x612.jpg_1453_16_efc7894e-60b2-482e-ba37-b0af68c8a9e9.jpg",\n    "photoFooter": "claimdev/2023/08/istockphoto-1181233245-612x612.jpg_1453_16_433803e6-ef13-4be8-9f37-365ba59e4578.jpg",\n    "photoStamp": "claimdev/2023/08/istockphoto-1181433165-612x612.jpg_1453_16_b908b6d7-dc80-459b-b31d-d9574bc91807.jpg",\n    "photoSignature": "claimdev/2023/08/istockphoto-1388548812-612x612.jpg_1453_16_3c938aba-9001-4a5e-9ffe-d1b0857a2e0a.jpg" \n  }\n}' 
 </msg>
<msg timestamp="20231130 16:37:30.037" level="INFO">PUT Response : url=http://claimsapi-qc.rasan.co/api/Claim/UpdateIC 
 status=400, reason=Bad Request 
 headers={'Server': 'nginx/1.25.1', 'Date': 'Thu, 30 Nov 2023 14:39:00 GMT', 'Content-Type': 'application/json; charset=utf-8', 'Transfer-Encoding': 'chunked', 'Connection': 'keep-alive'} 
 body={"model":{"is_succeeded":false,"method_name":"Handle","status":{"code":2,"message":"Failed"},"exception":null,"data":{"apiErrorOutputDTO":{"errorCode":148,"errorMessage":"InsuranceCompanyNameFormatMustBeInArabicLettersOnly"},"data":null}}} 
 </msg>
<msg timestamp="20231130 16:37:30.037" level="INFO">${resp} = &lt;Response [400]&gt;</msg>
<status status="PASS" starttime="20231130 16:37:29.601" endtime="20231130 16:37:30.037"></status>
</kw>
<kw name="Status Should Be" library="RequestsLibrary">
<doc>Fails if response status code is different than the expected.</doc>
<arguments>
<arg>${statuscode}</arg>
<arg>${resp}</arg>
</arguments>
<status status="PASS" starttime="20231130 16:37:30.039" endtime="20231130 16:37:30.039"></status>
</kw>
<kw name="To Json" library="RequestsLibrary">
<doc>*DEPRECATED* Please use ${resp.json()} instead. Have a look at the improved HTML output as pretty printing replacement.</doc>
<arguments>
<arg>${resp.content}</arg>
</arguments>
<assign>
<var>${actualResult}</var>
</assign>
<msg timestamp="20231130 16:37:30.040" level="WARN">Keyword 'RequestsLibrary.To Json' is deprecated. Please use ${resp.json()} instead. Have a look at the improved HTML output as pretty printing replacement.</msg>
<msg timestamp="20231130 16:37:30.040" level="INFO">To JSON using : content={"model":{"is_succeeded":false,"method_name":"Handle","status":{"code":2,"message":"Failed"},"exception":null,"data":{"apiErrorOutputDTO":{"errorCode":148,"errorMessage":"InsuranceCompanyNameFormatMustBeInArabicLettersOnly"},"data":null}}} </msg>
<msg timestamp="20231130 16:37:30.040" level="INFO">To JSON using : pretty_print=False </msg>
<msg timestamp="20231130 16:37:30.041" level="INFO">${actualResult} = {'model': {'is_succeeded': False, 'method_name': 'Handle', 'status': {'code': 2, 'message': 'Failed'}, 'exception': None, 'data': {'apiErrorOutputDTO': {'errorCode': 148, 'errorMessage': 'InsuranceCom...</msg>
<status status="PASS" starttime="20231130 16:37:30.039" endtime="20231130 16:37:30.041"></status>
</kw>
<kw name="Set Test Variable" library="BuiltIn">
<doc>Makes a variable available everywhere within the scope of the current test.</doc>
<arguments>
<arg>${actualResult}</arg>
</arguments>
<msg timestamp="20231130 16:37:30.041" level="INFO">${actualResult} = {'model': {'is_succeeded': False, 'method_name': 'Handle', 'status': {'code': 2, 'message': 'Failed'}, 'exception': None, 'data': {'apiErrorOutputDTO': {'errorCode': 148, 'errorMessage': 'InsuranceCom...</msg>
<status status="PASS" starttime="20231130 16:37:30.041" endtime="20231130 16:37:30.041"></status>
</kw>
<status status="PASS" starttime="20231130 16:37:29.599" endtime="20231130 16:37:30.042"></status>
</kw>
<kw name="Verify Response" library="API_Preferences">
<doc>veriy actual resutls</doc>
<arguments>
<arg>${actual}</arg>
<arg>${Expected}</arg>
</arguments>
<kw name="Should Be Equal As Strings" library="BuiltIn">
<doc>Fails if objects are unequal after converting them to strings.</doc>
<arguments>
<arg>${actualResult${actual}}</arg>
<arg>${Expected}</arg>
<arg>ignore_case=True</arg>
</arguments>
<msg timestamp="20231130 16:37:30.044" level="INFO">Argument types are:
&lt;class 'int'&gt;
&lt;type 'unicode'&gt;</msg>
<status status="PASS" starttime="20231130 16:37:30.043" endtime="20231130 16:37:30.044"></status>
</kw>
<status status="PASS" starttime="20231130 16:37:30.042" endtime="20231130 16:37:30.044"></status>
</kw>
<status status="PASS" starttime="20231130 16:37:29.598" endtime="20231130 16:37:30.044"></status>
</kw>
<status status="PASS" starttime="20231130 16:37:29.595" endtime="20231130 16:37:30.044"></status>
</kw>
<tags>
<tag>regression</tag>
<tag>smoke</tag>
</tags>
<status status="PASS" starttime="20231130 16:37:29.593" endtime="20231130 16:37:30.044" critical="yes"></status>
</test>
<test id="s1-s1-t7" name=" Enter Insurance Arabic Name AS Special Characters and spaces">
<kw name="Update_IC">
<arguments>
<arg>http://claimsapi-qc.rasan.co/</arg>
<arg>/api/Claim/UpdateIC</arg>
<arg>{"id": 9,
  "name": "$#$%*",
  "nameEn": "string",
  "address": "string",
  "phone": "0178888888",
  "mobile": "0578888888",
  "logo": "claimdev/2023/08/istockphoto-1410828106-612x612.jpg_1453_16_fc7f3f3e-5c01-45b9-8a34-f330b3944006.jpg",
  "serviceId": 7,
  "repairWorkshopId": 27,
  "submissionModeId": 8,
  "emailAddress": "ahmed@gmail.com",
  "emailAddressNotes": "string",
  "portalLink": "https://cliam.com",
  "portalLinkNotes": "string",

  "models": [
    1
  ],
  "insuranceCompanyConnections": [
    {
      "apiType": 2,
      "connectionLink": "string"
    }
  ],
  "insuranceCompanyLetter": {
    "photoHeader": "claimdev/2023/08/istockphoto-691262818-612x612.jpg_1453_16_efc7894e-60b2-482e-ba37-b0af68c8a9e9.jpg",
    "photoFooter": "claimdev/2023/08/istockphoto-1181233245-612x612.jpg_1453_16_433803e6-ef13-4be8-9f37-365ba59e4578.jpg",
    "photoStamp": "claimdev/2023/08/istockphoto-1181433165-612x612.jpg_1453_16_b908b6d7-dc80-459b-b31d-d9574bc91807.jpg",
    "photoSignature": "claimdev/2023/08/istockphoto-1388548812-612x612.jpg_1453_16_3c938aba-9001-4a5e-9ffe-d1b0857a2e0a.jpg" 
  }
}</arg>
<arg>400</arg>
<arg>["model"]["data"]["apiErrorOutputDTO"]["errorCode"]</arg>
<arg>148</arg>
</arguments>
<kw name="Create API session" library="API_Preferences">
<arguments>
<arg>${URL}</arg>
</arguments>
<kw name="Generate Random String" library="String">
<doc>Generates a string with a desired ``length`` from the given ``chars``.</doc>
<arguments>
<arg>4</arg>
<arg>[NUMBERS]</arg>
</arguments>
<assign>
<var>${randomNumber}</var>
</assign>
<msg timestamp="20231130 16:37:30.049" level="INFO">${randomNumber} = 9380</msg>
<status status="PASS" starttime="20231130 16:37:30.048" endtime="20231130 16:37:30.049"></status>
</kw>
<kw name="Catenate" library="BuiltIn">
<doc>Catenates the given items together and returns the resulted string.</doc>
<arguments>
<arg>session_${randomNumber}</arg>
</arguments>
<assign>
<var>${sessionName}</var>
</assign>
<msg timestamp="20231130 16:37:30.049" level="INFO">${sessionName} = session_9380</msg>
<status status="PASS" starttime="20231130 16:37:30.049" endtime="20231130 16:37:30.049"></status>
</kw>
<kw name="Set Global Variable" library="BuiltIn">
<doc>Makes a variable available globally in all tests and suites.</doc>
<arguments>
<arg>${sessionName}</arg>
</arguments>
<msg timestamp="20231130 16:37:30.050" level="INFO">${sessionName} = session_9380</msg>
<status status="PASS" starttime="20231130 16:37:30.049" endtime="20231130 16:37:30.050"></status>
</kw>
<kw name="Create Session" library="RequestsLibrary">
<doc>Create Session: create a HTTP session to a server</doc>
<arguments>
<arg>${sessionName}</arg>
<arg>${Base_Url}</arg>
<arg>timeout=30</arg>
<arg>disable_warnings=1</arg>
</arguments>
<msg timestamp="20231130 16:37:30.051" level="INFO">Creating Session using : alias=session_9380, url=http://claimsapi-qc.rasan.co/, headers={},                     cookies={}, auth=None, timeout=30, proxies=None, verify=False,                     debug=0 </msg>
<status status="PASS" starttime="20231130 16:37:30.050" endtime="20231130 16:37:30.051"></status>
</kw>
<status status="PASS" starttime="20231130 16:37:30.047" endtime="20231130 16:37:30.051"></status>
</kw>
<kw name="Put Request claim" library="API_Preferences">
<arguments>
<arg>${sessionName}</arg>
<arg>${URI}</arg>
<arg>${body}</arg>
<arg>${StatusCode}</arg>
<arg>${actual}</arg>
<arg>${Expected}</arg>
<arg>${RandomData}</arg>
</arguments>
<kw name="Put Request using data Driven Structure" library="API_Preferences">
<doc>Put request with DataDriven structure</doc>
<arguments>
<arg>${sessionName}</arg>
<arg>${Url}</arg>
<arg>${body}</arg>
<arg>${StatusCode}</arg>
</arguments>
<kw name="Create Dictionary" library="BuiltIn">
<doc>Creates and returns a dictionary based on the given ``items``.</doc>
<arguments>
<arg>Content-Type=application/json</arg>
</arguments>
<assign>
<var>${headers}</var>
</assign>
<msg timestamp="20231130 16:37:30.054" level="INFO">${headers} = {'Content-Type': 'application/json'}</msg>
<status status="PASS" starttime="20231130 16:37:30.053" endtime="20231130 16:37:30.054"></status>
</kw>
<kw name="Put Request" library="RequestsLibrary">
<doc>*DEPRECATED* Please use `PUT On Session` instead.</doc>
<arguments>
<arg>${sessionName}</arg>
<arg>${URI}</arg>
<arg>${data}</arg>
<arg>headers=${headers}</arg>
<arg>timeout=10</arg>
</arguments>
<assign>
<var>${resp}</var>
</assign>
<msg timestamp="20231130 16:37:30.055" level="WARN">Keyword 'RequestsLibrary.Put Request' is deprecated. Please use `PUT On Session` instead.</msg>
<msg timestamp="20231130 16:37:30.490" level="INFO">PUT Request : url=http://claimsapi-qc.rasan.co/api/Claim/UpdateIC 
 path_url=/api/Claim/UpdateIC 
 headers={'User-Agent': 'python-requests/2.31.0', 'Accept-Encoding': 'gzip, deflate', 'Accept': '*/*', 'Connection': 'keep-alive', 'Content-Type': 'application/json', 'Content-Length': '1105'} 
 body=b'{"id": 9,\n  "name": "$#$%*",\n  "nameEn": "string",\n  "address": "string",\n  "phone": "0178888888",\n  "mobile": "0578888888",\n  "logo": "claimdev/2023/08/istockphoto-1410828106-612x612.jpg_1453_16_fc7f3f3e-5c01-45b9-8a34-f330b3944006.jpg",\n  "serviceId": 7,\n  "repairWorkshopId": 27,\n  "submissionModeId": 8,\n  "emailAddress": "ahmed@gmail.com",\n  "emailAddressNotes": "string",\n  "portalLink": "https://cliam.com",\n  "portalLinkNotes": "string",\n\n  "models": [\n    1\n  ],\n  "insuranceCompanyConnections": [\n    {\n      "apiType": 2,\n      "connectionLink": "string"\n    }\n  ],\n  "insuranceCompanyLetter": {\n    "photoHeader": "claimdev/2023/08/istockphoto-691262818-612x612.jpg_1453_16_efc7894e-60b2-482e-ba37-b0af68c8a9e9.jpg",\n    "photoFooter": "claimdev/2023/08/istockphoto-1181233245-612x612.jpg_1453_16_433803e6-ef13-4be8-9f37-365ba59e4578.jpg",\n    "photoStamp": "claimdev/2023/08/istockphoto-1181433165-612x612.jpg_1453_16_b908b6d7-dc80-459b-b31d-d9574bc91807.jpg",\n    "photoSignature": "claimdev/2023/08/istockphoto-1388548812-612x612.jpg_1453_16_3c938aba-9001-4a5e-9ffe-d1b0857a2e0a.jpg" \n  }\n}' 
 </msg>
<msg timestamp="20231130 16:37:30.490" level="INFO">PUT Response : url=http://claimsapi-qc.rasan.co/api/Claim/UpdateIC 
 status=400, reason=Bad Request 
 headers={'Server': 'nginx/1.25.1', 'Date': 'Thu, 30 Nov 2023 14:39:00 GMT', 'Content-Type': 'application/json; charset=utf-8', 'Transfer-Encoding': 'chunked', 'Connection': 'keep-alive'} 
 body={"model":{"is_succeeded":false,"method_name":"Handle","status":{"code":2,"message":"Failed"},"exception":null,"data":{"apiErrorOutputDTO":{"errorCode":148,"errorMessage":"InsuranceCompanyNameFormatMustBeInArabicLettersOnly"},"data":null}}} 
 </msg>
<msg timestamp="20231130 16:37:30.490" level="INFO">${resp} = &lt;Response [400]&gt;</msg>
<status status="PASS" starttime="20231130 16:37:30.054" endtime="20231130 16:37:30.490"></status>
</kw>
<kw name="Status Should Be" library="RequestsLibrary">
<doc>Fails if response status code is different than the expected.</doc>
<arguments>
<arg>${statuscode}</arg>
<arg>${resp}</arg>
</arguments>
<status status="PASS" starttime="20231130 16:37:30.490" endtime="20231130 16:37:30.491"></status>
</kw>
<kw name="To Json" library="RequestsLibrary">
<doc>*DEPRECATED* Please use ${resp.json()} instead. Have a look at the improved HTML output as pretty printing replacement.</doc>
<arguments>
<arg>${resp.content}</arg>
</arguments>
<assign>
<var>${actualResult}</var>
</assign>
<msg timestamp="20231130 16:37:30.492" level="WARN">Keyword 'RequestsLibrary.To Json' is deprecated. Please use ${resp.json()} instead. Have a look at the improved HTML output as pretty printing replacement.</msg>
<msg timestamp="20231130 16:37:30.492" level="INFO">To JSON using : content={"model":{"is_succeeded":false,"method_name":"Handle","status":{"code":2,"message":"Failed"},"exception":null,"data":{"apiErrorOutputDTO":{"errorCode":148,"errorMessage":"InsuranceCompanyNameFormatMustBeInArabicLettersOnly"},"data":null}}} </msg>
<msg timestamp="20231130 16:37:30.492" level="INFO">To JSON using : pretty_print=False </msg>
<msg timestamp="20231130 16:37:30.492" level="INFO">${actualResult} = {'model': {'is_succeeded': False, 'method_name': 'Handle', 'status': {'code': 2, 'message': 'Failed'}, 'exception': None, 'data': {'apiErrorOutputDTO': {'errorCode': 148, 'errorMessage': 'InsuranceCom...</msg>
<status status="PASS" starttime="20231130 16:37:30.491" endtime="20231130 16:37:30.492"></status>
</kw>
<kw name="Set Test Variable" library="BuiltIn">
<doc>Makes a variable available everywhere within the scope of the current test.</doc>
<arguments>
<arg>${actualResult}</arg>
</arguments>
<msg timestamp="20231130 16:37:30.493" level="INFO">${actualResult} = {'model': {'is_succeeded': False, 'method_name': 'Handle', 'status': {'code': 2, 'message': 'Failed'}, 'exception': None, 'data': {'apiErrorOutputDTO': {'errorCode': 148, 'errorMessage': 'InsuranceCom...</msg>
<status status="PASS" starttime="20231130 16:37:30.492" endtime="20231130 16:37:30.493"></status>
</kw>
<status status="PASS" starttime="20231130 16:37:30.052" endtime="20231130 16:37:30.493"></status>
</kw>
<kw name="Verify Response" library="API_Preferences">
<doc>veriy actual resutls</doc>
<arguments>
<arg>${actual}</arg>
<arg>${Expected}</arg>
</arguments>
<kw name="Should Be Equal As Strings" library="BuiltIn">
<doc>Fails if objects are unequal after converting them to strings.</doc>
<arguments>
<arg>${actualResult${actual}}</arg>
<arg>${Expected}</arg>
<arg>ignore_case=True</arg>
</arguments>
<msg timestamp="20231130 16:37:30.496" level="INFO">Argument types are:
&lt;class 'int'&gt;
&lt;type 'unicode'&gt;</msg>
<status status="PASS" starttime="20231130 16:37:30.494" endtime="20231130 16:37:30.496"></status>
</kw>
<status status="PASS" starttime="20231130 16:37:30.494" endtime="20231130 16:37:30.496"></status>
</kw>
<status status="PASS" starttime="20231130 16:37:30.051" endtime="20231130 16:37:30.496"></status>
</kw>
<status status="PASS" starttime="20231130 16:37:30.047" endtime="20231130 16:37:30.496"></status>
</kw>
<tags>
<tag>regression</tag>
<tag>smoke</tag>
</tags>
<status status="PASS" starttime="20231130 16:37:30.045" endtime="20231130 16:37:30.497" critical="yes"></status>
</test>
<test id="s1-s1-t8" name="Enter Insurance English Name AS blank">
<kw name="Update_IC">
<arguments>
<arg>http://claimsapi-qc.rasan.co/</arg>
<arg>/api/Claim/UpdateIC</arg>
<arg>{"id": 9,
  "name": "أحمد",
  "nameEn": "",
  "address": "string",
  "phone": "0178888888",
  "mobile": "0578888888",
  "logo": "claimdev/2023/08/istockphoto-1410828106-612x612.jpg_1453_16_fc7f3f3e-5c01-45b9-8a34-f330b3944006.jpg",
  "serviceId": 7,
  "repairWorkshopId": 27,
  "submissionModeId": 8,
  "emailAddress": "ahmed@gmail.com",
  "emailAddressNotes": "string",
  "portalLink": "https://claim.com",
  "portalLinkNotes": "string",

  "models": [
    1
  ],
  "insuranceCompanyConnections": [
    {
      "apiType": 2,
      "connectionLink": "string"
    }
  ],
  "insuranceCompanyLetter": {
    "photoHeader": "claimdev/2023/08/istockphoto-691262818-612x612.jpg_1453_16_efc7894e-60b2-482e-ba37-b0af68c8a9e9.jpg",
    "photoFooter": "claimdev/2023/08/istockphoto-1181233245-612x612.jpg_1453_16_433803e6-ef13-4be8-9f37-365ba59e4578.jpg",
    "photoStamp": "claimdev/2023/08/istockphoto-1181433165-612x612.jpg_1453_16_b908b6d7-dc80-459b-b31d-d9574bc91807.jpg",
    "photoSignature": "claimdev/2023/08/istockphoto-1388548812-612x612.jpg_1453_16_3c938aba-9001-4a5e-9ffe-d1b0857a2e0a.jpg" 
  }
}</arg>
<arg>400</arg>
<arg>["model"]["data"]["apiErrorOutputDTO"]["errorCode"]</arg>
<arg>150</arg>
</arguments>
<kw name="Create API session" library="API_Preferences">
<arguments>
<arg>${URL}</arg>
</arguments>
<kw name="Generate Random String" library="String">
<doc>Generates a string with a desired ``length`` from the given ``chars``.</doc>
<arguments>
<arg>4</arg>
<arg>[NUMBERS]</arg>
</arguments>
<assign>
<var>${randomNumber}</var>
</assign>
<msg timestamp="20231130 16:37:30.500" level="INFO">${randomNumber} = 3773</msg>
<status status="PASS" starttime="20231130 16:37:30.500" endtime="20231130 16:37:30.500"></status>
</kw>
<kw name="Catenate" library="BuiltIn">
<doc>Catenates the given items together and returns the resulted string.</doc>
<arguments>
<arg>session_${randomNumber}</arg>
</arguments>
<assign>
<var>${sessionName}</var>
</assign>
<msg timestamp="20231130 16:37:30.501" level="INFO">${sessionName} = session_3773</msg>
<status status="PASS" starttime="20231130 16:37:30.501" endtime="20231130 16:37:30.501"></status>
</kw>
<kw name="Set Global Variable" library="BuiltIn">
<doc>Makes a variable available globally in all tests and suites.</doc>
<arguments>
<arg>${sessionName}</arg>
</arguments>
<msg timestamp="20231130 16:37:30.503" level="INFO">${sessionName} = session_3773</msg>
<status status="PASS" starttime="20231130 16:37:30.501" endtime="20231130 16:37:30.503"></status>
</kw>
<kw name="Create Session" library="RequestsLibrary">
<doc>Create Session: create a HTTP session to a server</doc>
<arguments>
<arg>${sessionName}</arg>
<arg>${Base_Url}</arg>
<arg>timeout=30</arg>
<arg>disable_warnings=1</arg>
</arguments>
<msg timestamp="20231130 16:37:30.504" level="INFO">Creating Session using : alias=session_3773, url=http://claimsapi-qc.rasan.co/, headers={},                     cookies={}, auth=None, timeout=30, proxies=None, verify=False,                     debug=0 </msg>
<status status="PASS" starttime="20231130 16:37:30.503" endtime="20231130 16:37:30.504"></status>
</kw>
<status status="PASS" starttime="20231130 16:37:30.499" endtime="20231130 16:37:30.504"></status>
</kw>
<kw name="Put Request claim" library="API_Preferences">
<arguments>
<arg>${sessionName}</arg>
<arg>${URI}</arg>
<arg>${body}</arg>
<arg>${StatusCode}</arg>
<arg>${actual}</arg>
<arg>${Expected}</arg>
<arg>${RandomData}</arg>
</arguments>
<kw name="Put Request using data Driven Structure" library="API_Preferences">
<doc>Put request with DataDriven structure</doc>
<arguments>
<arg>${sessionName}</arg>
<arg>${Url}</arg>
<arg>${body}</arg>
<arg>${StatusCode}</arg>
</arguments>
<kw name="Create Dictionary" library="BuiltIn">
<doc>Creates and returns a dictionary based on the given ``items``.</doc>
<arguments>
<arg>Content-Type=application/json</arg>
</arguments>
<assign>
<var>${headers}</var>
</assign>
<msg timestamp="20231130 16:37:30.506" level="INFO">${headers} = {'Content-Type': 'application/json'}</msg>
<status status="PASS" starttime="20231130 16:37:30.506" endtime="20231130 16:37:30.506"></status>
</kw>
<kw name="Put Request" library="RequestsLibrary">
<doc>*DEPRECATED* Please use `PUT On Session` instead.</doc>
<arguments>
<arg>${sessionName}</arg>
<arg>${URI}</arg>
<arg>${data}</arg>
<arg>headers=${headers}</arg>
<arg>timeout=10</arg>
</arguments>
<assign>
<var>${resp}</var>
</assign>
<msg timestamp="20231130 16:37:30.507" level="WARN">Keyword 'RequestsLibrary.Put Request' is deprecated. Please use `PUT On Session` instead.</msg>
<msg timestamp="20231130 16:37:30.970" level="INFO">PUT Request : url=http://claimsapi-qc.rasan.co/api/Claim/UpdateIC 
 path_url=/api/Claim/UpdateIC 
 headers={'User-Agent': 'python-requests/2.31.0', 'Accept-Encoding': 'gzip, deflate', 'Accept': '*/*', 'Connection': 'keep-alive', 'Content-Type': 'application/json', 'Content-Length': '1102'} 
 body=b'{"id": 9,\n  "name": "\xd8\xa3\xd8\xad\xd9\x85\xd8\xaf",\n  "nameEn": "",\n  "address": "string",\n  "phone": "0178888888",\n  "mobile": "0578888888",\n  "logo": "claimdev/2023/08/istockphoto-1410828106-612x612.jpg_1453_16_fc7f3f3e-5c01-45b9-8a34-f330b3944006.jpg",\n  "serviceId": 7,\n  "repairWorkshopId": 27,\n  "submissionModeId": 8,\n  "emailAddress": "ahmed@gmail.com",\n  "emailAddressNotes": "string",\n  "portalLink": "https://claim.com",\n  "portalLinkNotes": "string",\n\n  "models": [\n    1\n  ],\n  "insuranceCompanyConnections": [\n    {\n      "apiType": 2,\n      "connectionLink": "string"\n    }\n  ],\n  "insuranceCompanyLetter": {\n    "photoHeader": "claimdev/2023/08/istockphoto-691262818-612x612.jpg_1453_16_efc7894e-60b2-482e-ba37-b0af68c8a9e9.jpg",\n    "photoFooter": "claimdev/2023/08/istockphoto-1181233245-612x612.jpg_1453_16_433803e6-ef13-4be8-9f37-365ba59e4578.jpg",\n    "photoStamp": "claimdev/2023/08/istockphoto-1181433165-612x612.jpg_1453_16_b908b6d7-dc80-459b-b31d-d9574bc91807.jpg",\n    "photoSignature": "claimdev/2023/08/istockphoto-1388548812-612x612.jpg_1453_16_3c938aba-9001-4a5e-9ffe-d1b0857a2e0a.jpg" \n  }\n}' 
 </msg>
<msg timestamp="20231130 16:37:30.970" level="INFO">PUT Response : url=http://claimsapi-qc.rasan.co/api/Claim/UpdateIC 
 status=400, reason=Bad Request 
 headers={'Server': 'nginx/1.25.1', 'Date': 'Thu, 30 Nov 2023 14:39:01 GMT', 'Content-Type': 'application/json; charset=utf-8', 'Transfer-Encoding': 'chunked', 'Connection': 'keep-alive'} 
 body={"model":{"is_succeeded":false,"method_name":"Handle","status":{"code":2,"message":"Failed"},"exception":null,"data":{"apiErrorOutputDTO":{"errorCode":150,"errorMessage":"EnterInsuranceCompanyNameEn"},"data":null}}} 
 </msg>
[...]
 path_url=/api/Claim/UpdateIC 
 headers={'User-Agent': 'python-requests/2.31.0', 'Accept-Encoding': 'gzip, deflate', 'Accept': '*/*', 'Connection': 'keep-alive', 'Content-Type': 'application/json', 'Content-Length': '1107'} 
 body=b'{"id": 9,\n  "name": "\xd8\xb1\xd8\xb3\xd9\x86",\n  "nameEn": "Rasan",\n  "address": "Cairo",\n  "phone": "0178888888",\n  "mobile": "0578888888",\n  "logo": "claimdev/2023/08/istockphoto-1410828106-612x612.jpg_1453_16_fc7f3f3e-5c01-45b9-8a34-f330b3944006.jpg",\n  "serviceId": 7,\n  "repairWorkshopId": 27,\n  "submissionModeId": null,\n  "emailAddress": "ahmed@gmail.com",\n  "emailAddressNotes": "String",\n  "portalLink": "https://claim.com",\n  "portalLinkNotes": "string",\n\n  "models": [\n    1\n  ],\n  "insuranceCompanyConnections": [\n    {\n      "apiType": 2,\n      "connectionLink": "string"\n    }\n  ],\n  "insuranceCompanyLetter": {\n    "photoHeader": "claimdev/2023/08/istockphoto-691262818-612x612.jpg_1453_16_efc7894e-60b2-482e-ba37-b0af68c8a9e9.jpg",\n    "photoFooter": "claimdev/2023/08/istockphoto-1181233245-612x612.jpg_1453_16_433803e6-ef13-4be8-9f37-365ba59e4578.jpg",\n    "photoStamp": "claimdev/2023/08/istockphoto-1181433165-612x612.jpg_1453_16_b908b6d7-dc80-459b-b31d-d9574bc91807.jpg",\n    "photoSignature": "claimdev/2023/08/istockphoto-1388548812-612x612.jpg_1453_16_3c938aba-9001-4a5e-9ffe-d1b0857a2e0a.jpg" \n  }\n}' 
 </msg>
<msg timestamp="20231130 16:37:46.420" level="INFO">PUT Response : url=http://claimsapi-qc.rasan.co/api/Claim/UpdateIC 
 status=400, reason=Bad Request 
 headers={'Server': 'nginx/1.25.1', 'Date': 'Thu, 30 Nov 2023 14:39:16 GMT', 'Content-Type': 'application/json; charset=utf-8', 'Transfer-Encoding': 'chunked', 'Connection': 'keep-alive'} 
 body={"model":{"is_succeeded":false,"method_name":"Handle","status":{"code":2,"message":"Failed"},"exception":null,"data":{"apiErrorOutputDTO":{"errorCode":173,"errorMessage":"EnterInsuranceCompanyRepairSubmissionModeId"},"data":null}}} 
 </msg>
<msg timestamp="20231130 16:37:46.420" level="INFO">${resp} = &lt;Response [400]&gt;</msg>
<status status="PASS" starttime="20231130 16:37:45.714" endtime="20231130 16:37:46.420"></status>
</kw>
<kw name="Status Should Be" library="RequestsLibrary">
<doc>Fails if response status code is different than the expected.</doc>
<arguments>
<arg>${statuscode}</arg>
<arg>${resp}</arg>
</arguments>
<status status="PASS" starttime="20231130 16:37:46.420" endtime="20231130 16:37:46.420"></status>
</kw>
<kw name="To Json" library="RequestsLibrary">
<doc>*DEPRECATED* Please use ${resp.json()} instead. Have a look at the improved HTML output as pretty printing replacement.</doc>
<arguments>
<arg>${resp.content}</arg>
</arguments>
<assign>
<var>${actualResult}</var>
</assign>
<msg timestamp="20231130 16:37:46.422" level="WARN">Keyword 'RequestsLibrary.To Json' is deprecated. Please use ${resp.json()} instead. Have a look at the improved HTML output as pretty printing replacement.</msg>
<msg timestamp="20231130 16:37:46.422" level="INFO">To JSON using : content={"model":{"is_succeeded":false,"method_name":"Handle","status":{"code":2,"message":"Failed"},"exception":null,"data":{"apiErrorOutputDTO":{"errorCode":173,"errorMessage":"EnterInsuranceCompanyRepairSubmissionModeId"},"data":null}}} </msg>
<msg timestamp="20231130 16:37:46.422" level="INFO">To JSON using : pretty_print=False </msg>
<msg timestamp="20231130 16:37:46.422" level="INFO">${actualResult} = {'model': {'is_succeeded': False, 'method_name': 'Handle', 'status': {'code': 2, 'message': 'Failed'}, 'exception': None, 'data': {'apiErrorOutputDTO': {'errorCode': 173, 'errorMessage': 'EnterInsuran...</msg>
<status status="PASS" starttime="20231130 16:37:46.420" endtime="20231130 16:37:46.422"></status>
</kw>
<kw name="Set Test Variable" library="BuiltIn">
<doc>Makes a variable available everywhere within the scope of the current test.</doc>
<arguments>
<arg>${actualResult}</arg>
</arguments>
<msg timestamp="20231130 16:37:46.423" level="INFO">${actualResult} = {'model': {'is_succeeded': False, 'method_name': 'Handle', 'status': {'code': 2, 'message': 'Failed'}, 'exception': None, 'data': {'apiErrorOutputDTO': {'errorCode': 173, 'errorMessage': 'EnterInsuran...</msg>
<status status="PASS" starttime="20231130 16:37:46.423" endtime="20231130 16:37:46.423"></status>
</kw>
<status status="PASS" starttime="20231130 16:37:45.713" endtime="20231130 16:37:46.423"></status>
</kw>
<kw name="Verify Response" library="API_Preferences">
<doc>veriy actual resutls</doc>
<arguments>
<arg>${actual}</arg>
<arg>${Expected}</arg>
</arguments>
<kw name="Should Be Equal As Strings" library="BuiltIn">
<doc>Fails if objects are unequal after converting them to strings.</doc>
<arguments>
<arg>${actualResult${actual}}</arg>
<arg>${Expected}</arg>
<arg>ignore_case=True</arg>
</arguments>
<msg timestamp="20231130 16:37:46.425" level="INFO">Argument types are:
&lt;class 'int'&gt;
&lt;type 'unicode'&gt;</msg>
<status status="PASS" starttime="20231130 16:37:46.424" endtime="20231130 16:37:46.425"></status>
</kw>
<status status="PASS" starttime="20231130 16:37:46.423" endtime="20231130 16:37:46.425"></status>
</kw>
<status status="PASS" starttime="20231130 16:37:45.712" endtime="20231130 16:37:46.425"></status>
</kw>
<status status="PASS" starttime="20231130 16:37:45.708" endtime="20231130 16:37:46.425"></status>
</kw>
<tags>
<tag>smoke</tag>
</tags>
<status status="PASS" starttime="20231130 16:37:45.707" endtime="20231130 16:37:46.425" critical="yes"></status>
</test>
<doc>Suite description</doc>
<status status="PASS" starttime="20231130 16:37:04.361" endtime="20231130 16:37:46.428"></status>
</suite>
<status status="PASS" starttime="20231130 16:37:04.335" endtime="20231130 16:37:46.439"></status>
</suite>
<statistics>
<total>
<stat pass="38" fail="0">Critical Tests</stat>
<stat pass="38" fail="0">All Tests</stat>
</total>
<tag>
<stat pass="14" fail="0">regression</stat>
<stat pass="38" fail="0">smoke</stat>
</tag>
<suite>
<stat pass="38" fail="0" id="s1" name="Suites">Suites</stat>
<stat pass="38" fail="0" id="s1-s1" name="UpdateIC">Suites.UpdateIC</stat>
</suite>
</statistics>
<errors>
<msg timestamp="20231130 16:37:25.967" level="WARN">Keyword 'RequestsLibrary.Put Request' is deprecated. Please use `PUT On Session` instead.</msg>
<msg timestamp="20231130 16:37:26.814" level="WARN">Keyword 'RequestsLibrary.To Json' is deprecated. Please use ${resp.json()} instead. Have a look at the improved HTML output as pretty printing replacement.</msg>
<msg timestamp="20231130 16:37:26.844" level="WARN">Keyword 'RequestsLibrary.Put Request' is deprecated. Please use `PUT On Session` instead.</msg>
<msg timestamp="20231130 16:37:28.096" level="WARN">Keyword 'RequestsLibrary.To Json' is deprecated. Please use ${resp.json()} instead. Have a look at the improved HTML output as pretty printing replacement.</msg>
<msg timestamp="20231130 16:37:28.102" level="WARN">Keyword 'RequestsLibrary.Put Request' is deprecated. Please use `PUT On Session` instead.</msg>
<msg timestamp="20231130 16:37:28.643" level="WARN">Keyword 'RequestsLibrary.To Json' is deprecated. Please use ${resp.json()} instead. Have a look at the improved HTML output as pretty printing replacement.</msg>
<msg timestamp="20231130 16:37:28.659" level="WARN">Keyword 'RequestsLibrary.Put Request' is deprecated. Please use `PUT On Session` instead.</msg>
<msg timestamp="20231130 16:37:29.117" level="WARN">Keyword 'RequestsLibrary.To Json' is deprecated. Please use ${resp.json()} instead. Have a look at the improved HTML output as pretty printing replacement.</msg>
<msg timestamp="20231130 16:37:29.133" level="WARN">Keyword 'RequestsLibrary.Put Request' is deprecated. Please use `PUT On Session` instead.</msg>
<msg timestamp="20231130 16:37:29.588" level="WARN">Keyword 'RequestsLibrary.To Json' is deprecated. Please use ${resp.json()} instead. Have a look at the improved HTML output as pretty printing replacement.</msg>
<msg timestamp="20231130 16:37:29.601" level="WARN">Keyword 'RequestsLibrary.Put Request' is deprecated. Please use `PUT On Session` instead.</msg>
<msg timestamp="20231130 16:37:30.040" level="WARN">Keyword 'RequestsLibrary.To Json' is deprecated. Please use ${resp.json()} instead. Have a look at the improved HTML output as pretty printing replacement.</msg>
<msg timestamp="20231130 16:37:30.055" level="WARN">Keyword 'RequestsLibrary.Put Request' is deprecated. Please use `PUT On Session` instead.</msg>
<msg timestamp="20231130 16:37:30.492" level="WARN">Keyword 'RequestsLibrary.To Json' is deprecated. Please use ${resp.json()} instead. Have a look at the improved HTML output as pretty printing replacement.</msg>
<msg timestamp="20231130 16:37:30.507" level="WARN">Keyword 'RequestsLibrary.Put Request' is deprecated. Please use `PUT On Session` instead.</msg>
<msg timestamp="20231130 16:37:30.974" level="WARN">Keyword 'RequestsLibrary.To Json' is deprecated. Please use ${resp.json()} instead. Have a look at the improved HTML output as pretty printing replacement.</msg>
<msg timestamp="20231130 16:37:30.986" level="WARN">Keyword 'RequestsLibrary.Put Request' is deprecated. Please use `PUT On Session` instead.</msg>
<msg timestamp="20231130 16:37:31.577" level="WARN">Keyword 'RequestsLibrary.To Json' is deprecated. Please use ${resp.json()} instead. Have a look at the improved HTML output as pretty printing replacement.</msg>
<msg timestamp="20231130 16:37:31.586" level="WARN">Keyword 'RequestsLibrary.Put Request' is deprecated. Please use `PUT On Session` instead.</msg>
<msg timestamp="20231130 16:37:32.067" level="WARN">Keyword 'RequestsLibrary.To Json' is deprecated. Please use ${resp.json()} instead. Have a look at the improved HTML output as pretty printing replacement.</msg>
<msg timestamp="20231130 16:37:32.083" level="WARN">Keyword 'RequestsLibrary.Put Request' is deprecated. Please use `PUT On Session` instead.</msg>
<msg timestamp="20231130 16:37:32.568" level="WARN">Keyword 'RequestsLibrary.To Json' is deprecated. Please use ${resp.json()} instead. Have a look at the improved HTML output as pretty printing replacement.</msg>
<msg timestamp="20231130 16:37:32.583" level="WARN">Keyword 'RequestsLibrary.Put Request' is deprecated. Please use `PUT On Session` instead.</msg>
<msg timestamp="20231130 16:37:33.003" level="WARN">Keyword 'RequestsLibrary.To Json' is deprecated. Please use ${resp.json()} instead. Have a look at the improved HTML output as pretty printing replacement.</msg>
<msg timestamp="20231130 16:37:33.020" level="WARN">Keyword 'RequestsLibrary.Put Request' is deprecated. Please use `PUT On Session` instead.</msg>
<msg timestamp="20231130 16:37:33.464" level="WARN">Keyword 'RequestsLibrary.To Json' is deprecated. Please use ${resp.json()} instead. Have a look at the improved HTML output as pretty printing replacement.</msg>
<msg timestamp="20231130 16:37:33.476" level="WARN">Keyword 'RequestsLibrary.Put Request' is deprecated. Please use `PUT On Session` instead.</msg>
<msg timestamp="20231130 16:37:33.914" level="WARN">Keyword 'RequestsLibrary.To Json' is deprecated. Please use ${resp.json()} instead. Have a look at the improved HTML output as pretty printing replacement.</msg>
<msg timestamp="20231130 16:37:33.932" level="WARN">Keyword 'RequestsLibrary.Put Request' is deprecated. Please use `PUT On Session` instead.</msg>
<msg timestamp="20231130 16:37:34.426" level="WARN">Keyword 'RequestsLibrary.To Json' is deprecated. Please use ${resp.json()} instead. Have a look at the improved HTML output as pretty printing replacement.</msg>
<msg timestamp="20231130 16:37:34.442" level="WARN">Keyword 'RequestsLibrary.Put Request' is deprecated. Please use `PUT On Session` instead.</msg>
<msg timestamp="20231130 16:37:34.938" level="WARN">Keyword 'RequestsLibrary.To Json' is deprecated. Please use ${resp.json()} instead. Have a look at the improved HTML output as pretty printing replacement.</msg>
<msg timestamp="20231130 16:37:34.952" level="WARN">Keyword 'RequestsLibrary.Put Request' is deprecated. Please use `PUT On Session` instead.</msg>
<msg timestamp="20231130 16:37:35.433" level="WARN">Keyword 'RequestsLibrary.To Json' is deprecated. Please use ${resp.json()} instead. Have a look at the improved HTML output as pretty printing replacement.</msg>
<msg timestamp="20231130 16:37:35.445" level="WARN">Keyword 'RequestsLibrary.Put Request' is deprecated. Please use `PUT On Session` instead.</msg>
<msg timestamp="20231130 16:37:35.915" level="WARN">Keyword 'RequestsLibrary.To Json' is deprecated. Please use ${resp.json()} instead. Have a look at the improved HTML output as pretty printing replacement.</msg>
<msg timestamp="20231130 16:37:35.926" level="WARN">Keyword 'RequestsLibrary.Put Request' is deprecated. Please use `PUT On Session` instead.</msg>
<msg timestamp="20231130 16:37:36.344" level="WARN">Keyword 'RequestsLibrary.To Json' is deprecated. Please use ${resp.json()} instead. Have a look at the improved HTML output as pretty printing replacement.</msg>
<msg timestamp="20231130 16:37:36.361" level="WARN">Keyword 'RequestsLibrary.Put Request' is deprecated. Please use `PUT On Session` instead.</msg>
<msg timestamp="20231130 16:37:36.896" level="WARN">Keyword 'RequestsLibrary.To Json' is deprecated. Please use ${resp.json()} instead. Have a look at the improved HTML output as pretty printing replacement.</msg>
<msg timestamp="20231130 16:37:36.908" level="WARN">Keyword 'RequestsLibrary.Put Request' is deprecated. Please use `PUT On Session` instead.</msg>
<msg timestamp="20231130 16:37:37.436" level="WARN">Keyword 'RequestsLibrary.To Json' is deprecated. Please use ${resp.json()} instead. Have a look at the improved HTML output as pretty printing replacement.</msg>
<msg timestamp="20231130 16:37:37.452" level="WARN">Keyword 'RequestsLibrary.Put Request' is deprecated. Please use `PUT On Session` instead.</msg>
<msg timestamp="20231130 16:37:37.920" level="WARN">Keyword 'RequestsLibrary.To Json' is deprecated. Please use ${resp.json()} instead. Have a look at the improved HTML output as pretty printing replacement.</msg>
<msg timestamp="20231130 16:37:37.934" level="WARN">Keyword 'RequestsLibrary.Put Request' is deprecated. Please use `PUT On Session` instead.</msg>
<msg timestamp="20231130 16:37:38.413" level="WARN">Keyword 'RequestsLibrary.To Json' is deprecated. Please use ${resp.json()} instead. Have a look at the improved HTML output as pretty printing replacement.</msg>
<msg timestamp="20231130 16:37:38.421" level="WARN">Keyword 'RequestsLibrary.Put Request' is deprecated. Please use `PUT On Session` instead.</msg>
<msg timestamp="20231130 16:37:38.899" level="WARN">Keyword 'RequestsLibrary.To Json' is deprecated. Please use ${resp.json()} instead. Have a look at the improved HTML output as pretty printing replacement.</msg>
<msg timestamp="20231130 16:37:38.909" level="WARN">Keyword 'RequestsLibrary.Put Request' is deprecated. Please use `PUT On Session` instead.</msg>
<msg timestamp="20231130 16:37:39.356" level="WARN">Keyword 'RequestsLibrary.To Json' is deprecated. Please use ${resp.json()} instead. Have a look at the improved HTML output as pretty printing replacement.</msg>
<msg timestamp="20231130 16:37:39.375" level="WARN">Keyword 'RequestsLibrary.Put Request' is deprecated. Please use `PUT On Session` instead.</msg>
<msg timestamp="20231130 16:37:39.817" level="WARN">Keyword 'RequestsLibrary.To Json' is deprecated. Please use ${resp.json()} instead. Have a look at the improved HTML output as pretty printing replacement.</msg>
<msg timestamp="20231130 16:37:39.827" level="WARN">Keyword 'RequestsLibrary.Put Request' is deprecated. Please use `PUT On Session` instead.</msg>
<msg timestamp="20231130 16:37:40.282" level="WARN">Keyword 'RequestsLibrary.To Json' is deprecated. Please use ${resp.json()} instead. Have a look at the improved HTML output as pretty printing replacement.</msg>
<msg timestamp="20231130 16:37:40.292" level="WARN">Keyword 'RequestsLibrary.Put Request' is deprecated. Please use `PUT On Session` instead.</msg>
<msg timestamp="20231130 16:37:40.794" level="WARN">Keyword 'RequestsLibrary.To Json' is deprecated. Please use ${resp.json()} instead. Have a look at the improved HTML output as pretty printing replacement.</msg>
<msg timestamp="20231130 16:37:40.811" level="WARN">Keyword 'RequestsLibrary.Put Request' is deprecated. Please use `PUT On Session` instead.</msg>
<msg timestamp="20231130 16:37:41.407" level="WARN">Keyword 'RequestsLibrary.To Json' is deprecated. Please use ${resp.json()} instead. Have a look at the improved HTML output as pretty printing replacement.</msg>
<msg timestamp="20231130 16:37:41.418" level="WARN">Keyword 'RequestsLibrary.Put Request' is deprecated. Please use `PUT On Session` instead.</msg>
<msg timestamp="20231130 16:37:42.128" level="WARN">Keyword 'RequestsLibrary.To Json' is deprecated. Please use ${resp.json()} instead. Have a look at the improved HTML output as pretty printing replacement.</msg>
<msg timestamp="20231130 16:37:42.142" level="WARN">Keyword 'RequestsLibrary.Put Request' is deprecated. Please use `PUT On Session` instead.</msg>
<msg timestamp="20231130 16:37:42.685" level="WARN">Keyword 'RequestsLibrary.To Json' is deprecated. Please use ${resp.json()} instead. Have a look at the improved HTML output as pretty printing replacement.</msg>
<msg timestamp="20231130 16:37:42.702" level="WARN">Keyword 'RequestsLibrary.Put Request' is deprecated. Please use `PUT On Session` instead.</msg>
<msg timestamp="20231130 16:37:43.221" level="WARN">Keyword 'RequestsLibrary.To Json' is deprecated. Please use ${resp.json()} instead. Have a look at the improved HTML output as pretty printing replacement.</msg>
<msg timestamp="20231130 16:37:43.233" level="WARN">Keyword 'RequestsLibrary.Put Request' is deprecated. Please use `PUT On Session` instead.</msg>
<msg timestamp="20231130 16:37:43.716" level="WARN">Keyword 'RequestsLibrary.To Json' is deprecated. Please use ${resp.json()} instead. Have a look at the improved HTML output as pretty printing replacement.</msg>
<msg timestamp="20231130 16:37:43.733" level="WARN">Keyword 'RequestsLibrary.Put Request' is deprecated. Please use `PUT On Session` instead.</msg>
<msg timestamp="20231130 16:37:44.227" level="WARN">Keyword 'RequestsLibrary.To Json' is deprecated. Please use ${resp.json()} instead. Have a look at the improved HTML output as pretty printing replacement.</msg>
<msg timestamp="20231130 16:37:44.238" level="WARN">Keyword 'RequestsLibrary.Put Request' is deprecated. Please use `PUT On Session` instead.</msg>
<msg timestamp="20231130 16:37:44.842" level="WARN">Keyword 'RequestsLibrary.To Json' is deprecated. Please use ${resp.json()} instead. Have a look at the improved HTML output as pretty printing replacement.</msg>
<msg timestamp="20231130 16:37:44.855" level="WARN">Keyword 'RequestsLibrary.Put Request' is deprecated. Please use `PUT On Session` instead.</msg>
<msg timestamp="20231130 16:37:45.250" level="WARN">Keyword 'RequestsLibrary.To Json' is deprecated. Please use ${resp.json()} instead. Have a look at the improved HTML output as pretty printing replacement.</msg>
<msg timestamp="20231130 16:37:45.263" level="WARN">Keyword 'RequestsLibrary.Put Request' is deprecated. Please use `PUT On Session` instead.</msg>
<msg timestamp="20231130 16:37:45.701" level="WARN">Keyword 'RequestsLibrary.To Json' is deprecated. Please use ${resp.json()} instead. Have a look at the improved HTML output as pretty printing replacement.</msg>
<msg timestamp="20231130 16:37:45.714" level="WARN">Keyword 'RequestsLibrary.Put Request' is deprecated. Please use `PUT On Session` instead.</msg>
<msg timestamp="20231130 16:37:46.422" level="WARN">Keyword 'RequestsLibrary.To Json' is deprecated. Please use ${resp.json()} instead. Have a look at the improved HTML output as pretty printing replacement.</msg>
</errors>
</robot>
