<?xml version="1.0" encoding="UTF-8"?>
<robot generator="Robot 3.2.2 (Python 3.8.3 on win32)" generated="20231130 16:40:24.503" rpa="false">
<suite id="s1" name="Suites">
<suite id="s1-s1" name="UpdateIC" source="C:\Users\AGebril\PycharmProjects\QC_Automation_Claim\Tests\UpdateIC.robot">
<test id="s1-s1-t1" name="Enter ID as blank">
<kw name="Update_IC">
<arguments>
<arg>http://claimsapi-qc.rasan.co/</arg>
<arg>/api/Claim/UpdateIC</arg>
<arg>{"id": null,
  "name": "رسن",
  "nameEn": "Rasan",
  "address": "Cairo",
  "phone": "0178888888",
  "mobile": "0578888888",
  "logo": "claimdev/2023/08/istockphoto-1410828106-612x612.jpg_1453_16_fc7f3f3e-5c01-45b9-8a34-f330b3944006.jpg",
  "serviceId": 7,
  "repairWorkshopId": 27,
  "submissionModeId": 8,
  "emailAddress": "ahmed@gmail.com",
  "emailAddressNotes": "String",

  "portalLink": "https://cliam.com",
  "portalLinkNotes": "string",

  "models": [
    1
  ],
  "insuranceCompanyConnections": [
    {
      "apiType": 2,
      "connectionLink": "string"
    }
  ],
  "insuranceCompanyLetter": {
    "photoHeader": "claimdev/2023/08/istockphoto-691262818-612x612.jpg_1453_16_efc7894e-60b2-482e-ba37-b0af68c8a9e9.jpg",
    "photoFooter": "claimdev/2023/08/istockphoto-1181233245-612x612.jpg_1453_16_433803e6-ef13-4be8-9f37-365ba59e4578.jpg",
    "photoStamp": "claimdev/2023/08/istockphoto-1181433165-612x612.jpg_1453_16_b908b6d7-dc80-459b-b31d-d9574bc91807.jpg",
    "photoSignature": "claimdev/2023/08/istockphoto-1388548812-612x612.jpg_1453_16_3c938aba-9001-4a5e-9ffe-d1b0857a2e0a.jpg" 
  }
}</arg>
<arg>400</arg>
<arg>["model"]["data"]["apiErrorOutputDTO"]["errorCode"]</arg>
<arg>233</arg>
</arguments>
<kw name="Create API session" library="API_Preferences">
<arguments>
<arg>${URL}</arg>
</arguments>
<kw name="Generate Random String" library="String">
<doc>Generates a string with a desired ``length`` from the given ``chars``.</doc>
<arguments>
<arg>4</arg>
<arg>[NUMBERS]</arg>
</arguments>
<assign>
<var>${randomNumber}</var>
</assign>
<msg timestamp="20231130 16:40:46.807" level="INFO">${randomNumber} = 2042</msg>
<status status="PASS" starttime="20231130 16:40:46.807" endtime="20231130 16:40:46.807"></status>
</kw>
<kw name="Catenate" library="BuiltIn">
<doc>Catenates the given items together and returns the resulted string.</doc>
<arguments>
<arg>session_${randomNumber}</arg>
</arguments>
<assign>
<var>${sessionName}</var>
</assign>
<msg timestamp="20231130 16:40:46.808" level="INFO">${sessionName} = session_2042</msg>
<status status="PASS" starttime="20231130 16:40:46.807" endtime="20231130 16:40:46.808"></status>
</kw>
<kw name="Set Global Variable" library="BuiltIn">
<doc>Makes a variable available globally in all tests and suites.</doc>
<arguments>
<arg>${sessionName}</arg>
</arguments>
<msg timestamp="20231130 16:40:46.808" level="INFO">${sessionName} = session_2042</msg>
<status status="PASS" starttime="20231130 16:40:46.808" endtime="20231130 16:40:46.808"></status>
</kw>
<kw name="Create Session" library="RequestsLibrary">
<doc>Create Session: create a HTTP session to a server</doc>
<arguments>
<arg>${sessionName}</arg>
<arg>${Base_Url}</arg>
<arg>timeout=30</arg>
<arg>disable_warnings=1</arg>
</arguments>
<msg timestamp="20231130 16:40:46.809" level="INFO">Creating Session using : alias=session_2042, url=http://claimsapi-qc.rasan.co/, headers={},                     cookies={}, auth=None, timeout=30, proxies=None, verify=False,                     debug=0 </msg>
<status status="PASS" starttime="20231130 16:40:46.808" endtime="20231130 16:40:46.809"></status>
</kw>
<status status="PASS" starttime="20231130 16:40:46.807" endtime="20231130 16:40:46.809"></status>
</kw>
<kw name="Put Request claim" library="API_Preferences">
<arguments>
<arg>${sessionName}</arg>
<arg>${URI}</arg>
<arg>${body}</arg>
<arg>${StatusCode}</arg>
<arg>${actual}</arg>
<arg>${Expected}</arg>
<arg>${RandomData}</arg>
</arguments>
<kw name="Put Request using data Driven Structure" library="API_Preferences">
<doc>Put request with DataDriven structure</doc>
<arguments>
<arg>${sessionName}</arg>
<arg>${Url}</arg>
<arg>${body}</arg>
<arg>${StatusCode}</arg>
</arguments>
<kw name="Create Dictionary" library="BuiltIn">
<doc>Creates and returns a dictionary based on the given ``items``.</doc>
<arguments>
<arg>Content-Type=application/json</arg>
</arguments>
<assign>
<var>${headers}</var>
</assign>
<msg timestamp="20231130 16:40:46.810" level="INFO">${headers} = {'Content-Type': 'application/json'}</msg>
<status status="PASS" starttime="20231130 16:40:46.810" endtime="20231130 16:40:46.810"></status>
</kw>
<kw name="Put Request" library="RequestsLibrary">
<doc>*DEPRECATED* Please use `PUT On Session` instead.</doc>
<arguments>
<arg>${sessionName}</arg>
<arg>${URI}</arg>
<arg>${data}</arg>
<arg>headers=${headers}</arg>
<arg>timeout=10</arg>
</arguments>
<assign>
<var>${resp}</var>
</assign>
<msg timestamp="20231130 16:40:46.810" level="WARN">Keyword 'RequestsLibrary.Put Request' is deprecated. Please use `PUT On Session` instead.</msg>
<msg timestamp="20231130 16:40:47.188" level="INFO">PUT Request : url=http://claimsapi-qc.rasan.co/api/Claim/UpdateIC 
 path_url=/api/Claim/UpdateIC 
 headers={'User-Agent': 'python-requests/2.31.0', 'Accept-Encoding': 'gzip, deflate', 'Accept': '*/*', 'Connection': 'keep-alive', 'Content-Type': 'application/json', 'Content-Length': '1108'} 
 body=b'{"id": null,\n  "name": "\xd8\xb1\xd8\xb3\xd9\x86",\n  "nameEn": "Rasan",\n  "address": "Cairo",\n  "phone": "0178888888",\n  "mobile": "0578888888",\n  "logo": "claimdev/2023/08/istockphoto-1410828106-612x612.jpg_1453_16_fc7f3f3e-5c01-45b9-8a34-f330b3944006.jpg",\n  "serviceId": 7,\n  "repairWorkshopId": 27,\n  "submissionModeId": 8,\n  "emailAddress": "ahmed@gmail.com",\n  "emailAddressNotes": "String",\n\n  "portalLink": "https://cliam.com",\n  "portalLinkNotes": "string",\n\n  "models": [\n    1\n  ],\n  "insuranceCompanyConnections": [\n    {\n      "apiType": 2,\n      "connectionLink": "string"\n    }\n  ],\n  "insuranceCompanyLetter": {\n    "photoHeader": "claimdev/2023/08/istockphoto-691262818-612x612.jpg_1453_16_efc7894e-60b2-482e-ba37-b0af68c8a9e9.jpg",\n    "photoFooter": "claimdev/2023/08/istockphoto-1181233245-612x612.jpg_1453_16_433803e6-ef13-4be8-9f37-365ba59e4578.jpg",\n    "photoStamp": "claimdev/2023/08/istockphoto-1181433165-612x612.jpg_1453_16_b908b6d7-dc80-459b-b31d-d9574bc91807.jpg",\n    "photoSignature": "claimdev/2023/08/istockphoto-1388548812-612x612.jpg_1453_16_3c938aba-9001-4a5e-9ffe-d1b0857a2e0a.jpg" \n  }\n}' 
 </msg>
<msg timestamp="20231130 16:40:47.188" level="INFO">PUT Response : url=http://claimsapi-qc.rasan.co/api/Claim/UpdateIC 
 status=400, reason=Bad Request 
 headers={'Server': 'nginx/1.25.1', 'Date': 'Thu, 30 Nov 2023 14:42:17 GMT', 'Content-Type': 'application/json; charset=utf-8', 'Transfer-Encoding': 'chunked', 'Connection': 'keep-alive'} 
 body={"model":{"is_succeeded":false,"method_name":"Handle","status":{"code":2,"message":"Failed"},"exception":null,"data":{"apiErrorOutputDTO":{"errorCode":233,"errorMessage":"EnterInsuranceCompanyId"},"data":null}}} 
 </msg>
<msg timestamp="20231130 16:40:47.188" level="INFO">${resp} = &lt;Response [400]&gt;</msg>
<status status="PASS" starttime="20231130 16:40:46.810" endtime="20231130 16:40:47.188"></status>
</kw>
<kw name="Status Should Be" library="RequestsLibrary">
<doc>Fails if response status code is different than the expected.</doc>
<arguments>
<arg>${statuscode}</arg>
<arg>${resp}</arg>
</arguments>
<status status="PASS" starttime="20231130 16:40:47.188" endtime="20231130 16:40:47.189"></status>
</kw>
<kw name="To Json" library="RequestsLibrary">
<doc>*DEPRECATED* Please use ${resp.json()} instead. Have a look at the improved HTML output as pretty printing replacement.</doc>
<arguments>
<arg>${resp.content}</arg>
</arguments>
<assign>
<var>${actualResult}</var>
</assign>
<msg timestamp="20231130 16:40:47.189" level="WARN">Keyword 'RequestsLibrary.To Json' is deprecated. Please use ${resp.json()} instead. Have a look at the improved HTML output as pretty printing replacement.</msg>
<msg timestamp="20231130 16:40:47.190" level="INFO">To JSON using : content={"model":{"is_succeeded":false,"method_name":"Handle","status":{"code":2,"message":"Failed"},"exception":null,"data":{"apiErrorOutputDTO":{"errorCode":233,"errorMessage":"EnterInsuranceCompanyId"},"data":null}}} </msg>
<msg timestamp="20231130 16:40:47.190" level="INFO">To JSON using : pretty_print=False </msg>
<msg timestamp="20231130 16:40:47.190" level="INFO">${actualResult} = {'model': {'is_succeeded': False, 'method_name': 'Handle', 'status': {'code': 2, 'message': 'Failed'}, 'exception': None, 'data': {'apiErrorOutputDTO': {'errorCode': 233, 'errorMessage': 'EnterInsuran...</msg>
<status status="PASS" starttime="20231130 16:40:47.189" endtime="20231130 16:40:47.190"></status>
</kw>
<kw name="Set Test Variable" library="BuiltIn">
<doc>Makes a variable available everywhere within the scope of the current test.</doc>
<arguments>
<arg>${actualResult}</arg>
</arguments>
<msg timestamp="20231130 16:40:47.191" level="INFO">${actualResult} = {'model': {'is_succeeded': False, 'method_name': 'Handle', 'status': {'code': 2, 'message': 'Failed'}, 'exception': None, 'data': {'apiErrorOutputDTO': {'errorCode': 233, 'errorMessage': 'EnterInsuran...</msg>
<status status="PASS" starttime="20231130 16:40:47.190" endtime="20231130 16:40:47.191"></status>
</kw>
<status status="PASS" starttime="20231130 16:40:46.809" endtime="20231130 16:40:47.191"></status>
</kw>
<kw name="Verify Response" library="API_Preferences">
<doc>veriy actual resutls</doc>
<arguments>
<arg>${actual}</arg>
<arg>${Expected}</arg>
</arguments>
<kw name="Should Be Equal As Strings" library="BuiltIn">
<doc>Fails if objects are unequal after converting them to strings.</doc>
<arguments>
<arg>${actualResult${actual}}</arg>
<arg>${Expected}</arg>
<arg>ignore_case=True</arg>
</arguments>
<msg timestamp="20231130 16:40:47.192" level="INFO">Argument types are:
&lt;class 'int'&gt;
&lt;type 'unicode'&gt;</msg>
<status status="PASS" starttime="20231130 16:40:47.191" endtime="20231130 16:40:47.192"></status>
</kw>
<status status="PASS" starttime="20231130 16:40:47.191" endtime="20231130 16:40:47.192"></status>
</kw>
<status status="PASS" starttime="20231130 16:40:46.809" endtime="20231130 16:40:47.192"></status>
</kw>
<status status="PASS" starttime="20231130 16:40:46.806" endtime="20231130 16:40:47.192"></status>
</kw>
<tags>
<tag>regression</tag>
<tag>smoke</tag>
</tags>
<status status="PASS" starttime="20231130 16:40:46.805" endtime="20231130 16:40:47.193" critical="yes"></status>
</test>
<test id="s1-s1-t2" name="Enter ID as string">
<kw name="Update_IC">
<arguments>
<arg>http://claimsapi-qc.rasan.co/</arg>
<arg>/api/Claim/UpdateIC</arg>
<arg>{"id": ahmed,
  "name": "رسن",
  "nameEn": "Rasan",
  "address": "Cairo",
  "phone": "0178888888",
  "mobile": "0578888888",
  "logo": "claimdev/2023/08/istockphoto-1410828106-612x612.jpg_1453_16_fc7f3f3e-5c01-45b9-8a34-f330b3944006.jpg",
  "serviceId": 7,
  "repairWorkshopId": 27,
  "submissionModeId": 8,
  "emailAddress": "ahmed@gmail.com",
  "emailAddressNotes": "String",

  "portalLink": "https://cliam.com",
  "portalLinkNotes": "string",

  "models": [
    1
  ],
  "insuranceCompanyConnections": [
    {
      "apiType": 2,
      "connectionLink": "string"
    }
  ],
  "insuranceCompanyLetter": {
    "photoHeader": "claimdev/2023/08/istockphoto-691262818-612x612.jpg_1453_16_efc7894e-60b2-482e-ba37-b0af68c8a9e9.jpg",
    "photoFooter": "claimdev/2023/08/istockphoto-1181233245-612x612.jpg_1453_16_433803e6-ef13-4be8-9f37-365ba59e4578.jpg",
    "photoStamp": "claimdev/2023/08/istockphoto-1181433165-612x612.jpg_1453_16_b908b6d7-dc80-459b-b31d-d9574bc91807.jpg",
    "photoSignature": "claimdev/2023/08/istockphoto-1388548812-612x612.jpg_1453_16_3c938aba-9001-4a5e-9ffe-d1b0857a2e0a.jpg" 
  }
}</arg>
<arg>422</arg>
<arg>["errorCode"]</arg>
<arg>ValidationErrorCode</arg>
</arguments>
<kw name="Create API session" library="API_Preferences">
<arguments>
<arg>${URL}</arg>
</arguments>
<kw name="Generate Random String" library="String">
<doc>Generates a string with a desired ``length`` from the given ``chars``.</doc>
<arguments>
<arg>4</arg>
<arg>[NUMBERS]</arg>
</arguments>
<assign>
<var>${randomNumber}</var>
</assign>
<msg timestamp="20231130 16:40:47.198" level="INFO">${randomNumber} = 3286</msg>
<status status="PASS" starttime="20231130 16:40:47.198" endtime="20231130 16:40:47.198"></status>
</kw>
<kw name="Catenate" library="BuiltIn">
<doc>Catenates the given items together and returns the resulted string.</doc>
<arguments>
<arg>session_${randomNumber}</arg>
</arguments>
<assign>
<var>${sessionName}</var>
</assign>
<msg timestamp="20231130 16:40:47.199" level="INFO">${sessionName} = session_3286</msg>
<status status="PASS" starttime="20231130 16:40:47.199" endtime="20231130 16:40:47.199"></status>
</kw>
<kw name="Set Global Variable" library="BuiltIn">
<doc>Makes a variable available globally in all tests and suites.</doc>
<arguments>
<arg>${sessionName}</arg>
</arguments>
<msg timestamp="20231130 16:40:47.199" level="INFO">${sessionName} = session_3286</msg>
<status status="PASS" starttime="20231130 16:40:47.199" endtime="20231130 16:40:47.199"></status>
</kw>
<kw name="Create Session" library="RequestsLibrary">
<doc>Create Session: create a HTTP session to a server</doc>
<arguments>
<arg>${sessionName}</arg>
<arg>${Base_Url}</arg>
<arg>timeout=30</arg>
<arg>disable_warnings=1</arg>
</arguments>
<msg timestamp="20231130 16:40:47.200" level="INFO">Creating Session using : alias=session_3286, url=http://claimsapi-qc.rasan.co/, headers={},                     cookies={}, auth=None, timeout=30, proxies=None, verify=False,                     debug=0 </msg>
<status status="PASS" starttime="20231130 16:40:47.200" endtime="20231130 16:40:47.200"></status>
</kw>
<status status="PASS" starttime="20231130 16:40:47.198" endtime="20231130 16:40:47.200"></status>
</kw>
<kw name="Put Request claim" library="API_Preferences">
<arguments>
<arg>${sessionName}</arg>
<arg>${URI}</arg>
<arg>${body}</arg>
<arg>${StatusCode}</arg>
<arg>${actual}</arg>
<arg>${Expected}</arg>
<arg>${RandomData}</arg>
</arguments>
<kw name="Put Request using data Driven Structure" library="API_Preferences">
<doc>Put request with DataDriven structure</doc>
<arguments>
<arg>${sessionName}</arg>
<arg>${Url}</arg>
<arg>${body}</arg>
<arg>${StatusCode}</arg>
</arguments>
<kw name="Create Dictionary" library="BuiltIn">
<doc>Creates and returns a dictionary based on the given ``items``.</doc>
<arguments>
<arg>Content-Type=application/json</arg>
</arguments>
<assign>
<var>${headers}</var>
</assign>
<msg timestamp="20231130 16:40:47.203" level="INFO">${headers} = {'Content-Type': 'application/json'}</msg>
<status status="PASS" starttime="20231130 16:40:47.202" endtime="20231130 16:40:47.203"></status>
</kw>
<kw name="Put Request" library="RequestsLibrary">
<doc>*DEPRECATED* Please use `PUT On Session` instead.</doc>
<arguments>
<arg>${sessionName}</arg>
<arg>${URI}</arg>
<arg>${data}</arg>
<arg>headers=${headers}</arg>
<arg>timeout=10</arg>
</arguments>
<assign>
<var>${resp}</var>
</assign>
<msg timestamp="20231130 16:40:47.203" level="WARN">Keyword 'RequestsLibrary.Put Request' is deprecated. Please use `PUT On Session` instead.</msg>
<msg timestamp="20231130 16:40:47.901" level="INFO">PUT Request : url=http://claimsapi-qc.rasan.co/api/Claim/UpdateIC 
 path_url=/api/Claim/UpdateIC 
 headers={'User-Agent': 'python-requests/2.31.0', 'Accept-Encoding': 'gzip, deflate', 'Accept': '*/*', 'Connection': 'keep-alive', 'Content-Type': 'application/json', 'Content-Length': '1230'} 
 body="{\"id\": ahmed,\n  \"name\": \"\u0631\u0633\u0646\",\n  \"nameEn\": \"Rasan\",\n  \"address\": \"Cairo\",\n  \"phone\": \"0178888888\",\n  \"mobile\": \"0578888888\",\n  \"logo\": \"claimdev/2023/08/istockphoto-1410828106-612x612.jpg_1453_16_fc7f3f3e-5c01-45b9-8a34-f330b3944006.jpg\",\n  \"serviceId\": 7,\n  \"repairWorkshopId\": 27,\n  \"submissionModeId\": 8,\n  \"emailAddress\": \"ahmed@gmail.com\",\n  \"emailAddressNotes\": \"String\",\n\n  \"portalLink\": \"https://cliam.com\",\n  \"portalLinkNotes\": \"string\",\n\n  \"models\": [\n    1\n  ],\n  \"insuranceCompanyConnections\": [\n    {\n      \"apiType\": 2,\n      \"connectionLink\": \"string\"\n    }\n  ],\n  \"insuranceCompanyLetter\": {\n    \"photoHeader\": \"claimdev/2023/08/istockphoto-691262818-612x612.jpg_1453_16_efc7894e-60b2-482e-ba37-b0af68c8a9e9.jpg\",\n    \"photoFooter\": \"claimdev/2023/08/istockphoto-1181233245-612x612.jpg_1453_16_433803e6-ef13-4be8-9f37-365ba59e4578.jpg\",\n    \"photoStamp\": \"claimdev/2023/08/istockphoto-1181433165-612x612.jpg_1453_16_b908b6d7-dc80-459b-b31d-d9574bc91807.jpg\",\n    \"photoSignature\": \"claimdev/2023/08/istockphoto-1388548812-612x612.jpg_1453_16_3c938aba-9001-4a5e-9ffe-d1b0857a2e0a.jpg\" \n  }\n}" 
 </msg>
<msg timestamp="20231130 16:40:47.902" level="INFO">PUT Response : url=http://claimsapi-qc.rasan.co/api/Claim/UpdateIC 
 status=422, reason=Unprocessable Entity 
 headers={'Server': 'nginx/1.25.1', 'Date': 'Thu, 30 Nov 2023 14:42:17 GMT', 'Content-Type': 'application/json; charset=utf-8', 'Transfer-Encoding': 'chunked', 'Connection': 'keep-alive'} 
 body={"traceId":null,"errorCode":"ValidationErrorCode","errors":["The JSON value could not be converted to WarshtiClaim.Models.UpdateInsuranceCompanyInput. Path: $ | LineNumber: 0 | BytePositionInLine: 1230.","The model field is required."]} 
 </msg>
<msg timestamp="20231130 16:40:47.902" level="INFO">${resp} = &lt;Response [422]&gt;</msg>
<status status="PASS" starttime="20231130 16:40:47.203" endtime="20231130 16:40:47.902"></status>
</kw>
<kw name="Status Should Be" library="RequestsLibrary">
<doc>Fails if response status code is different than the expected.</doc>
<arguments>
<arg>${statuscode}</arg>
<arg>${resp}</arg>
</arguments>
<status status="PASS" starttime="20231130 16:40:47.902" endtime="20231130 16:40:47.903"></status>
</kw>
<kw name="To Json" library="RequestsLibrary">
<doc>*DEPRECATED* Please use ${resp.json()} instead. Have a look at the improved HTML output as pretty printing replacement.</doc>
<arguments>
<arg>${resp.content}</arg>
</arguments>
<assign>
<var>${actualResult}</var>
</assign>
<msg timestamp="20231130 16:40:47.903" level="WARN">Keyword 'RequestsLibrary.To Json' is deprecated. Please use ${resp.json()} instead. Have a look at the improved HTML output as pretty printing replacement.</msg>
<msg timestamp="20231130 16:40:47.904" level="INFO">To JSON using : content={"traceId":null,"errorCode":"ValidationErrorCode","errors":["The JSON value could not be converted to WarshtiClaim.Models.UpdateInsuranceCompanyInput. Path: $ | LineNumber: 0 | BytePositionInLine: 1230.","The model field is required."]} </msg>
<msg timestamp="20231130 16:40:47.904" level="INFO">To JSON using : pretty_print=False </msg>
<msg timestamp="20231130 16:40:47.904" level="INFO">${actualResult} = {'traceId': None, 'errorCode': 'ValidationErrorCode', 'errors': ['The JSON value could not be converted to WarshtiClaim.Models.UpdateInsuranceCompanyInput. Path: $ | LineNumber: 0 | BytePositionInLine...</msg>
<status status="PASS" starttime="20231130 16:40:47.903" endtime="20231130 16:40:47.904"></status>
</kw>
<kw name="Set Test Variable" library="BuiltIn">
<doc>Makes a variable available everywhere within the scope of the current test.</doc>
<arguments>
<arg>${actualResult}</arg>
</arguments>
<msg timestamp="20231130 16:40:47.905" level="INFO">${actualResult} = {'traceId': None, 'errorCode': 'ValidationErrorCode', 'errors': ['The JSON value could not be converted to WarshtiClaim.Models.UpdateInsuranceCompanyInput. Path: $ | LineNumber: 0 | BytePositionInLine...</msg>
<status status="PASS" starttime="20231130 16:40:47.905" endtime="20231130 16:40:47.905"></status>
</kw>
<status status="PASS" starttime="20231130 16:40:47.201" endtime="20231130 16:40:47.905"></status>
</kw>
<kw name="Verify Response" library="API_Preferences">
<doc>veriy actual resutls</doc>
<arguments>
<arg>${actual}</arg>
<arg>${Expected}</arg>
</arguments>
<kw name="Should Be Equal As Strings" library="BuiltIn">
<doc>Fails if objects are unequal after converting them to strings.</doc>
<arguments>
<arg>${actualResult${actual}}</arg>
<arg>${Expected}</arg>
<arg>ignore_case=True</arg>
</arguments>
<status status="PASS" starttime="20231130 16:40:47.906" endtime="20231130 16:40:47.907"></status>
</kw>
<status status="PASS" starttime="20231130 16:40:47.906" endtime="20231130 16:40:47.907"></status>
</kw>
<status status="PASS" starttime="20231130 16:40:47.200" endtime="20231130 16:40:47.907"></status>
</kw>
<status status="PASS" starttime="20231130 16:40:47.197" endtime="20231130 16:40:47.907"></status>
</kw>
<tags>
<tag>regression</tag>
</tags>
<status status="PASS" starttime="20231130 16:40:47.193" endtime="20231130 16:40:47.907" critical="yes"></status>
</test>
<test id="s1-s1-t3" name=" Enter Insurance Arabic Name AS blank">
<kw name="Update_IC">
<arguments>
<arg>http://claimsapi-qc.rasan.co/</arg>
<arg>/api/Claim/UpdateIC</arg>
<arg>{"id": 9,
  "name": "",
  "nameEn": "string",
  "address": "string",
  "phone": "0178888888",
  "mobile": "0578888888",
  "logo": "claimdev/2023/08/istockphoto-1410828106-612x612.jpg_1453_16_fc7f3f3e-5c01-45b9-8a34-f330b3944006.jpg",
  "serviceId": 7,
  "repairWorkshopId": 27,
  "submissionModeId": 8,
  "emailAddress": "string",
  "emailAddressNotes": "string",

  "portalLink": "https://cliam.com",
  "portalLinkNotes": "string",

  "models": [
    1
  ],
  "insuranceCompanyConnections": [
    {
      "apiType": 2,
      "connectionLink": "string"
    }
  ],
  "insuranceCompanyLetter": {
    "photoHeader": "claimdev/2023/08/istockphoto-691262818-612x612.jpg_1453_16_efc7894e-60b2-482e-ba37-b0af68c8a9e9.jpg",
    "photoFooter": "claimdev/2023/08/istockphoto-1181233245-612x612.jpg_1453_16_433803e6-ef13-4be8-9f37-365ba59e4578.jpg",
    "photoStamp": "claimdev/2023/08/istockphoto-1181433165-612x612.jpg_1453_16_b908b6d7-dc80-459b-b31d-d9574bc91807.jpg",
    "photoSignature": "claimdev/2023/08/istockphoto-1388548812-612x612.jpg_1453_16_3c938aba-9001-4a5e-9ffe-d1b0857a2e0a.jpg" 
  }
}</arg>
<arg>400</arg>
<arg>["model"]["data"]["apiErrorOutputDTO"]["errorCode"]</arg>
<arg>145</arg>
</arguments>
<kw name="Create API session" library="API_Preferences">
<arguments>
<arg>${URL}</arg>
</arguments>
<kw name="Generate Random String" library="String">
<doc>Generates a string with a desired ``length`` from the given ``chars``.</doc>
<arguments>
<arg>4</arg>
<arg>[NUMBERS]</arg>
</arguments>
<assign>
<var>${randomNumber}</var>
</assign>
<msg timestamp="20231130 16:40:47.910" level="INFO">${randomNumber} = 5686</msg>
<status status="PASS" starttime="20231130 16:40:47.910" endtime="20231130 16:40:47.910"></status>
</kw>
<kw name="Catenate" library="BuiltIn">
<doc>Catenates the given items together and returns the resulted string.</doc>
<arguments>
<arg>session_${randomNumber}</arg>
</arguments>
<assign>
<var>${sessionName}</var>
</assign>
<msg timestamp="20231130 16:40:47.911" level="INFO">${sessionName} = session_5686</msg>
<status status="PASS" starttime="20231130 16:40:47.910" endtime="20231130 16:40:47.911"></status>
</kw>
<kw name="Set Global Variable" library="BuiltIn">
<doc>Makes a variable available globally in all tests and suites.</doc>
<arguments>
<arg>${sessionName}</arg>
</arguments>
<msg timestamp="20231130 16:40:47.911" level="INFO">${sessionName} = session_5686</msg>
<status status="PASS" starttime="20231130 16:40:47.911" endtime="20231130 16:40:47.911"></status>
</kw>
<kw name="Create Session" library="RequestsLibrary">
<doc>Create Session: create a HTTP session to a server</doc>
<arguments>
<arg>${sessionName}</arg>
<arg>${Base_Url}</arg>
<arg>timeout=30</arg>
<arg>disable_warnings=1</arg>
</arguments>
<msg timestamp="20231130 16:40:47.912" level="INFO">Creating Session using : alias=session_5686, url=http://claimsapi-qc.rasan.co/, headers={},                     cookies={}, auth=None, timeout=30, proxies=None, verify=False,                     debug=0 </msg>
<status status="PASS" starttime="20231130 16:40:47.911" endtime="20231130 16:40:47.912"></status>
</kw>
<status status="PASS" starttime="20231130 16:40:47.909" endtime="20231130 16:40:47.912"></status>
</kw>
<kw name="Put Request claim" library="API_Preferences">
<arguments>
<arg>${sessionName}</arg>
<arg>${URI}</arg>
<arg>${body}</arg>
<arg>${StatusCode}</arg>
<arg>${actual}</arg>
<arg>${Expected}</arg>
<arg>${RandomData}</arg>
</arguments>
<kw name="Put Request using data Driven Structure" library="API_Preferences">
<doc>Put request with DataDriven structure</doc>
<arguments>
<arg>${sessionName}</arg>
<arg>${Url}</arg>
<arg>${body}</arg>
<arg>${StatusCode}</arg>
</arguments>
<kw name="Create Dictionary" library="BuiltIn">
<doc>Creates and returns a dictionary based on the given ``items``.</doc>
<arguments>
<arg>Content-Type=application/json</arg>
</arguments>
<assign>
<var>${headers}</var>
</assign>
<msg timestamp="20231130 16:40:47.913" level="INFO">${headers} = {'Content-Type': 'application/json'}</msg>
<status status="PASS" starttime="20231130 16:40:47.913" endtime="20231130 16:40:47.913"></status>
</kw>
<kw name="Put Request" library="RequestsLibrary">
<doc>*DEPRECATED* Please use `PUT On Session` instead.</doc>
<arguments>
<arg>${sessionName}</arg>
<arg>${URI}</arg>
<arg>${data}</arg>
<arg>headers=${headers}</arg>
<arg>timeout=10</arg>
</arguments>
<assign>
<var>${resp}</var>
</assign>
<msg timestamp="20231130 16:40:47.913" level="WARN">Keyword 'RequestsLibrary.Put Request' is deprecated. Please use `PUT On Session` instead.</msg>
<msg timestamp="20231130 16:40:48.345" level="INFO">PUT Request : url=http://claimsapi-qc.rasan.co/api/Claim/UpdateIC 
 path_url=/api/Claim/UpdateIC 
 headers={'User-Agent': 'python-requests/2.31.0', 'Accept-Encoding': 'gzip, deflate', 'Accept': '*/*', 'Connection': 'keep-alive', 'Content-Type': 'application/json', 'Content-Length': '1092'} 
 body=b'{"id": 9,\n  "name": "",\n  "nameEn": "string",\n  "address": "string",\n  "phone": "0178888888",\n  "mobile": "0578888888",\n  "logo": "claimdev/2023/08/istockphoto-1410828106-612x612.jpg_1453_16_fc7f3f3e-5c01-45b9-8a34-f330b3944006.jpg",\n  "serviceId": 7,\n  "repairWorkshopId": 27,\n  "submissionModeId": 8,\n  "emailAddress": "string",\n  "emailAddressNotes": "string",\n\n  "portalLink": "https://cliam.com",\n  "portalLinkNotes": "string",\n\n  "models": [\n    1\n  ],\n  "insuranceCompanyConnections": [\n    {\n      "apiType": 2,\n      "connectionLink": "string"\n    }\n  ],\n  "insuranceCompanyLetter": {\n    "photoHeader": "claimdev/2023/08/istockphoto-691262818-612x612.jpg_1453_16_efc7894e-60b2-482e-ba37-b0af68c8a9e9.jpg",\n    "photoFooter": "claimdev/2023/08/istockphoto-1181233245-612x612.jpg_1453_16_433803e6-ef13-4be8-9f37-365ba59e4578.jpg",\n    "photoStamp": "claimdev/2023/08/istockphoto-1181433165-612x612.jpg_1453_16_b908b6d7-dc80-459b-b31d-d9574bc91807.jpg",\n    "photoSignature": "claimdev/2023/08/istockphoto-1388548812-612x612.jpg_1453_16_3c938aba-9001-4a5e-9ffe-d1b0857a2e0a.jpg" \n  }\n}' 
 </msg>
<msg timestamp="20231130 16:40:48.345" level="INFO">PUT Response : url=http://claimsapi-qc.rasan.co/api/Claim/UpdateIC 
 status=400, reason=Bad Request 
 headers={'Server': 'nginx/1.25.1', 'Date': 'Thu, 30 Nov 2023 14:42:18 GMT', 'Content-Type': 'application/json; charset=utf-8', 'Transfer-Encoding': 'chunked', 'Connection': 'keep-alive'} 
 body={"model":{"is_succeeded":false,"method_name":"Handle","status":{"code":2,"message":"Failed"},"exception":null,"data":{"apiErrorOutputDTO":{"errorCode":145,"errorMessage":"EnterInsuranceCompanyName"},"data":null}}} 
 </msg>
<msg timestamp="20231130 16:40:48.345" level="INFO">${resp} = &lt;Response [400]&gt;</msg>
<status status="PASS" starttime="20231130 16:40:47.913" endtime="20231130 16:40:48.345"></status>
</kw>
<kw name="Status Should Be" library="RequestsLibrary">
<doc>Fails if response status code is different than the expected.</doc>
<arguments>
<arg>${statuscode}</arg>
<arg>${resp}</arg>
</arguments>
<status status="PASS" starttime="20231130 16:40:48.346" endtime="20231130 16:40:48.346"></status>
</kw>
<kw name="To Json" library="RequestsLibrary">
<doc>*DEPRECATED* Please use ${resp.json()} instead. Have a look at the improved HTML output as pretty printing replacement.</doc>
<arguments>
<arg>${resp.content}</arg>
</arguments>
<assign>
<var>${actualResult}</var>
</assign>
<msg timestamp="20231130 16:40:48.347" level="WARN">Keyword 'RequestsLibrary.To Json' is deprecated. Please use ${resp.json()} instead. Have a look at the improved HTML output as pretty printing replacement.</msg>
<msg timestamp="20231130 16:40:48.347" level="INFO">To JSON using : content={"model":{"is_succeeded":false,"method_name":"Handle","status":{"code":2,"message":"Failed"},"exception":null,"data":{"apiErrorOutputDTO":{"errorCode":145,"errorMessage":"EnterInsuranceCompanyName"},"data":null}}} </msg>
<msg timestamp="20231130 16:40:48.347" level="INFO">To JSON using : pretty_print=False </msg>
<msg timestamp="20231130 16:40:48.347" level="INFO">${actualResult} = {'model': {'is_succeeded': False, 'method_name': 'Handle', 'status': {'code': 2, 'message': 'Failed'}, 'exception': None, 'data': {'apiErrorOutputDTO': {'errorCode': 145, 'errorMessage': 'EnterInsuran...</msg>
<status status="PASS" starttime="20231130 16:40:48.346" endtime="20231130 16:40:48.347"></status>
</kw>
<kw name="Set Test Variable" library="BuiltIn">
<doc>Makes a variable available everywhere within the scope of the current test.</doc>
<arguments>
<arg>${actualResult}</arg>
</arguments>
<msg timestamp="20231130 16:40:48.348" level="INFO">${actualResult} = {'model': {'is_succeeded': False, 'method_name': 'Handle', 'status': {'code': 2, 'message': 'Failed'}, 'exception': None, 'data': {'apiErrorOutputDTO': {'errorCode': 145, 'errorMessage': 'EnterInsuran...</msg>
<status status="PASS" starttime="20231130 16:40:48.348" endtime="20231130 16:40:48.348"></status>
</kw>
<status status="PASS" starttime="20231130 16:40:47.912" endtime="20231130 16:40:48.348"></status>
</kw>
<kw name="Verify Response" library="API_Preferences">
<doc>veriy actual resutls</doc>
<arguments>
<arg>${actual}</arg>
<arg>${Expected}</arg>
</arguments>
<kw name="Should Be Equal As Strings" library="BuiltIn">
<doc>Fails if objects are unequal after converting them to strings.</doc>
<arguments>
<arg>${actualResult${actual}}</arg>
<arg>${Expected}</arg>
<arg>ignore_case=True</arg>
</arguments>
<msg timestamp="20231130 16:40:48.349" level="INFO">Argument types are:
&lt;class 'int'&gt;
&lt;type 'unicode'&gt;</msg>
<status status="PASS" starttime="20231130 16:40:48.349" endtime="20231130 16:40:48.349"></status>
</kw>
<status status="PASS" starttime="20231130 16:40:48.348" endtime="20231130 16:40:48.350"></status>
</kw>
<status status="PASS" starttime="20231130 16:40:47.912" endtime="20231130 16:40:48.350"></status>
</kw>
<status status="PASS" starttime="20231130 16:40:47.909" endtime="20231130 16:40:48.350"></status>
</kw>
<tags>
<tag>regression</tag>
<tag>smoke</tag>
</tags>
<status status="PASS" starttime="20231130 16:40:47.908" endtime="20231130 16:40:48.350" critical="yes"></status>
</test>
<test id="s1-s1-t4" name="Enter Insurance Arabic Name AS EN">
<kw name="Update_IC">
<arguments>
<arg>http://claimsapi-qc.rasan.co/</arg>
<arg>/api/Claim/UpdateIC</arg>
<arg>{"id": 9,
  "name": "ahmed",
  "nameEn": "string",
  "address": "string",
  "phone": "0178888888",
  "mobile": "0578888888",
  "logo": "claimdev/2023/08/istockphoto-1410828106-612x612.jpg_1453_16_fc7f3f3e-5c01-45b9-8a34-f330b3944006.jpg",
  "serviceId": 7,
  "repairWorkshopId": 27,
  "submissionModeId": 8,
  "emailAddress": "ahmed@gmail.com",
  "emailAddressNotes": "String",

  "portalLink": "https://cliam.com",
  "portalLinkNotes": "string",

  "models": [
    1
  ],
  "insuranceCompanyConnections": [
    {
      "apiType": 2,
      "connectionLink": "string"
    }
  ],
  "insuranceCompanyLetter": {
    "photoHeader": "claimdev/2023/08/istockphoto-691262818-612x612.jpg_1453_16_efc7894e-60b2-482e-ba37-b0af68c8a9e9.jpg",
    "photoFooter": "claimdev/2023/08/istockphoto-1181233245-612x612.jpg_1453_16_433803e6-ef13-4be8-9f37-365ba59e4578.jpg",
    "photoStamp": "claimdev/2023/08/istockphoto-1181433165-612x612.jpg_1453_16_b908b6d7-dc80-459b-b31d-d9574bc91807.jpg",
    "photoSignature": "claimdev/2023/08/istockphoto-1388548812-612x612.jpg_1453_16_3c938aba-9001-4a5e-9ffe-d1b0857a2e0a.jpg" 
  }
}</arg>
<arg>400</arg>
<arg>["model"]["data"]["apiErrorOutputDTO"]["errorCode"]</arg>
<arg>148</arg>
</arguments>
<kw name="Create API session" library="API_Preferences">
<arguments>
<arg>${URL}</arg>
</arguments>
<kw name="Generate Random String" library="String">
<doc>Generates a string with a desired ``length`` from the given ``chars``.</doc>
<arguments>
<arg>4</arg>
<arg>[NUMBERS]</arg>
</arguments>
<assign>
<var>${randomNumber}</var>
</assign>
<msg timestamp="20231130 16:40:48.353" level="INFO">${randomNumber} = 1066</msg>
<status status="PASS" starttime="20231130 16:40:48.352" endtime="20231130 16:40:48.353"></status>
</kw>
<kw name="Catenate" library="BuiltIn">
<doc>Catenates the given items together and returns the resulted string.</doc>
<arguments>
<arg>session_${randomNumber}</arg>
</arguments>
<assign>
<var>${sessionName}</var>
</assign>
<msg timestamp="20231130 16:40:48.353" level="INFO">${sessionName} = session_1066</msg>
<status status="PASS" starttime="20231130 16:40:48.353" endtime="20231130 16:40:48.354"></status>
</kw>
<kw name="Set Global Variable" library="BuiltIn">
<doc>Makes a variable available globally in all tests and suites.</doc>
<arguments>
<arg>${sessionName}</arg>
</arguments>
<msg timestamp="20231130 16:40:48.354" level="INFO">${sessionName} = session_1066</msg>
<status status="PASS" starttime="20231130 16:40:48.354" endtime="20231130 16:40:48.354"></status>
</kw>
<kw name="Create Session" library="RequestsLibrary">
<doc>Create Session: create a HTTP session to a server</doc>
<arguments>
<arg>${sessionName}</arg>
<arg>${Base_Url}</arg>
<arg>timeout=30</arg>
<arg>disable_warnings=1</arg>
</arguments>
<msg timestamp="20231130 16:40:48.354" level="INFO">Creating Session using : alias=session_1066, url=http://claimsapi-qc.rasan.co/, headers={},                     cookies={}, auth=None, timeout=30, proxies=None, verify=False,                     debug=0 </msg>
<status status="PASS" starttime="20231130 16:40:48.354" endtime="20231130 16:40:48.355"></status>
</kw>
<status status="PASS" starttime="20231130 16:40:48.352" endtime="20231130 16:40:48.355"></status>
</kw>
<kw name="Put Request claim" library="API_Preferences">
<arguments>
<arg>${sessionName}</arg>
<arg>${URI}</arg>
<arg>${body}</arg>
<arg>${StatusCode}</arg>
<arg>${actual}</arg>
<arg>${Expected}</arg>
<arg>${RandomData}</arg>
</arguments>
<kw name="Put Request using data Driven Structure" library="API_Preferences">
<doc>Put request with DataDriven structure</doc>
<arguments>
<arg>${sessionName}</arg>
<arg>${Url}</arg>
<arg>${body}</arg>
<arg>${StatusCode}</arg>
</arguments>
<kw name="Create Dictionary" library="BuiltIn">
<doc>Creates and returns a dictionary based on the given ``items``.</doc>
<arguments>
<arg>Content-Type=application/json</arg>
</arguments>
<assign>
<var>${headers}</var>
</assign>
<msg timestamp="20231130 16:40:48.356" level="INFO">${headers} = {'Content-Type': 'application/json'}</msg>
<status status="PASS" starttime="20231130 16:40:48.356" endtime="20231130 16:40:48.356"></status>
</kw>
<kw name="Put Request" library="RequestsLibrary">
<doc>*DEPRECATED* Please use `PUT On Session` instead.</doc>
<arguments>
<arg>${sessionName}</arg>
<arg>${URI}</arg>
<arg>${data}</arg>
<arg>headers=${headers}</arg>
<arg>timeout=10</arg>
</arguments>
<assign>
<var>${resp}</var>
</assign>
<msg timestamp="20231130 16:40:48.357" level="WARN">Keyword 'RequestsLibrary.Put Request' is deprecated. Please use `PUT On Session` instead.</msg>
<msg timestamp="20231130 16:40:48.981" level="INFO">PUT Request : url=http://claimsapi-qc.rasan.co/api/Claim/UpdateIC 
 path_url=/api/Claim/UpdateIC 
 headers={'User-Agent': 'python-requests/2.31.0', 'Accept-Encoding': 'gzip, deflate', 'Accept': '*/*', 'Connection': 'keep-alive', 'Content-Type': 'application/json', 'Content-Length': '1106'} 
 body=b'{"id": 9,\n  "name": "ahmed",\n  "nameEn": "string",\n  "address": "string",\n  "phone": "0178888888",\n  "mobile": "0578888888",\n  "logo": "claimdev/2023/08/istockphoto-1410828106-612x612.jpg_1453_16_fc7f3f3e-5c01-45b9-8a34-f330b3944006.jpg",\n  "serviceId": 7,\n  "repairWorkshopId": 27,\n  "submissionModeId": 8,\n  "emailAddress": "ahmed@gmail.com",\n  "emailAddressNotes": "String",\n\n  "portalLink": "https://cliam.com",\n  "portalLinkNotes": "string",\n\n  "models": [\n    1\n  ],\n  "insuranceCompanyConnections": [\n    {\n      "apiType": 2,\n      "connectionLink": "string"\n    }\n  ],\n  "insuranceCompanyLetter": {\n    "photoHeader": "claimdev/2023/08/istockphoto-691262818-612x612.jpg_1453_16_efc7894e-60b2-482e-ba37-b0af68c8a9e9.jpg",\n    "photoFooter": "claimdev/2023/08/istockphoto-1181233245-612x612.jpg_1453_16_433803e6-ef13-4be8-9f37-365ba59e4578.jpg",\n    "photoStamp": "claimdev/2023/08/istockphoto-1181433165-612x612.jpg_1453_16_b908b6d7-dc80-459b-b31d-d9574bc91807.jpg",\n    "photoSignature": "claimdev/2023/08/istockphoto-1388548812-612x612.jpg_1453_16_3c938aba-9001-4a5e-9ffe-d1b0857a2e0a.jpg" \n  }\n}' 
 </msg>
<msg timestamp="20231130 16:40:48.981" level="INFO">PUT Response : url=http://claimsapi-qc.rasan.co/api/Claim/UpdateIC 
 status=400, reason=Bad Request 
 headers={'Server': 'nginx/1.25.1', 'Date': 'Thu, 30 Nov 2023 14:42:19 GMT', 'Content-Type': 'application/json; charset=utf-8', 'Transfer-Encoding': 'chunked', 'Connection': 'keep-alive'} 
 body={"model":{"is_succeeded":false,"method_name":"Handle","status":{"code":2,"message":"Failed"},"exception":null,"data":{"apiErrorOutputDTO":{"errorCode":148,"errorMessage":"InsuranceCompanyNameFormatMustBeInArabicLettersOnly"},"data":null}}} 
 </msg>
<msg timestamp="20231130 16:40:48.982" level="INFO">${resp} = &lt;Response [400]&gt;</msg>
<status status="PASS" starttime="20231130 16:40:48.356" endtime="20231130 16:40:48.982"></status>
</kw>
<kw name="Status Should Be" library="RequestsLibrary">
<doc>Fails if response status code is different than the expected.</doc>
<arguments>
<arg>${statuscode}</arg>
<arg>${resp}</arg>
</arguments>
<status status="PASS" starttime="20231130 16:40:48.982" endtime="20231130 16:40:48.983"></status>
</kw>
<kw name="To Json" library="RequestsLibrary">
<doc>*DEPRECATED* Please use ${resp.json()} instead. Have a look at the improved HTML output as pretty printing replacement.</doc>
<arguments>
<arg>${resp.content}</arg>
</arguments>
<assign>
<var>${actualResult}</var>
</assign>
<msg timestamp="20231130 16:40:48.983" level="WARN">Keyword 'RequestsLibrary.To Json' is deprecated. Please use ${resp.json()} instead. Have a look at the improved HTML output as pretty printing replacement.</msg>
<msg timestamp="20231130 16:40:48.984" level="INFO">To JSON using : content={"model":{"is_succeeded":false,"method_name":"Handle","status":{"code":2,"message":"Failed"},"exception":null,"data":{"apiErrorOutputDTO":{"errorCode":148,"errorMessage":"InsuranceCompanyNameFormatMustBeInArabicLettersOnly"},"data":null}}} </msg>
<msg timestamp="20231130 16:40:48.984" level="INFO">To JSON using : pretty_print=False </msg>
<msg timestamp="20231130 16:40:48.984" level="INFO">${actualResult} = {'model': {'is_succeeded': False, 'method_name': 'Handle', 'status': {'code': 2, 'message': 'Failed'}, 'exception': None, 'data': {'apiErrorOutputDTO': {'errorCode': 148, 'errorMessage': 'InsuranceCom...</msg>
<status status="PASS" starttime="20231130 16:40:48.983" endtime="20231130 16:40:48.984"></status>
</kw>
<kw name="Set Test Variable" library="BuiltIn">
<doc>Makes a variable available everywhere within the scope of the current test.</doc>
<arguments>
<arg>${actualResult}</arg>
</arguments>
<msg timestamp="20231130 16:40:48.985" level="INFO">${actualResult} = {'model': {'is_succeeded': False, 'method_name': 'Handle', 'status': {'code': 2, 'message': 'Failed'}, 'exception': None, 'data': {'apiErrorOutputDTO': {'errorCode': 148, 'errorMessage': 'InsuranceCom...</msg>
<status status="PASS" starttime="20231130 16:40:48.985" endtime="20231130 16:40:48.985"></status>
</kw>
<status status="PASS" starttime="20231130 16:40:48.355" endtime="20231130 16:40:48.985"></status>
</kw>
<kw name="Verify Response" library="API_Preferences">
<doc>veriy actual resutls</doc>
<arguments>
<arg>${actual}</arg>
<arg>${Expected}</arg>
</arguments>
<kw name="Should Be Equal As Strings" library="BuiltIn">
<doc>Fails if objects are unequal after converting them to strings.</doc>
<arguments>
<arg>${actualResult${actual}}</arg>
<arg>${Expected}</arg>
<arg>ignore_case=True</arg>
</arguments>
<msg timestamp="20231130 16:40:48.987" level="INFO">Argument types are:
&lt;class 'int'&gt;
&lt;type 'unicode'&gt;</msg>
<status status="PASS" starttime="20231130 16:40:48.986" endtime="20231130 16:40:48.987"></status>
</kw>
<status status="PASS" starttime="20231130 16:40:48.985" endtime="20231130 16:40:48.987"></status>
</kw>
<status status="PASS" starttime="20231130 16:40:48.355" endtime="20231130 16:40:48.987"></status>
</kw>
<status status="PASS" starttime="20231130 16:40:48.351" endtime="20231130 16:40:48.988"></status>
</kw>
<tags>
<tag>regression</tag>
<tag>smoke</tag>
</tags>
<status status="PASS" starttime="20231130 16:40:48.350" endtime="20231130 16:40:48.988" critical="yes"></status>
</test>
<test id="s1-s1-t5" name=" Enter Insurance Arabic Name AS AR">
<kw name="Update_IC">
<arguments>
<arg>http://claimsapi-qc.rasan.co/</arg>
<arg>/api/Claim/UpdateIC</arg>
<arg>{"id": 9,
  "name": "رسن",
  "nameEn": "Rasan",
  "address": "Cairo",
  "phone": "0178888888",
  "mobile": "0578888888",
  "logo": "claimdev/2023/08/istockphoto-1410828106-612x612.jpg_1453_16_fc7f3f3e-5c01-45b9-8a34-f330b3944006.jpg",
  "serviceId": 7,
  "repairWorkshopId": 27,
  "submissionModeId": 8,
  "emailAddress": "ahmed@gmail.com",
  "emailAddressNotes": "String",

  "portalLink": "https://cliam.com",
  "portalLinkNotes": "string",

  "models": [
    1
  ],
  "insuranceCompanyConnections": [
    {
      "apiType": 2,
      "connectionLink": "string"
    }
  ],
  "insuranceCompanyLetter": {
    "photoHeader": "claimdev/2023/08/istockphoto-691262818-612x612.jpg_1453_16_efc7894e-60b2-482e-ba37-b0af68c8a9e9.jpg",
    "photoFooter": "claimdev/2023/08/istockphoto-1181233245-612x612.jpg_1453_16_433803e6-ef13-4be8-9f37-365ba59e4578.jpg",
    "photoStamp": "claimdev/2023/08/istockphoto-1181433165-612x612.jpg_1453_16_b908b6d7-dc80-459b-b31d-d9574bc91807.jpg",
    "photoSignature": "claimdev/2023/08/istockphoto-1388548812-612x612.jpg_1453_16_3c938aba-9001-4a5e-9ffe-d1b0857a2e0a.jpg" 
  }
}</arg>
<arg>200</arg>
<arg>["model"]["data"]["apiErrorOutputDTO"]["errorCode"]</arg>
<arg>1</arg>
</arguments>
<kw name="Create API session" library="API_Preferences">
<arguments>
<arg>${URL}</arg>
</arguments>
<kw name="Generate Random String" library="String">
<doc>Generates a string with a desired ``length`` from the given ``chars``.</doc>
<arguments>
<arg>4</arg>
<arg>[NUMBERS]</arg>
</arguments>
<assign>
<var>${randomNumber}</var>
</assign>
<msg timestamp="20231130 16:40:48.990" level="INFO">${randomNumber} = 9570</msg>
<status status="PASS" starttime="20231130 16:40:48.990" endtime="20231130 16:40:48.990"></status>
</kw>
<kw name="Catenate" library="BuiltIn">
<doc>Catenates the given items together and returns the resulted string.</doc>
<arguments>
<arg>session_${randomNumber}</arg>
</arguments>
<assign>
<var>${sessionName}</var>
</assign>
<msg timestamp="20231130 16:40:48.991" level="INFO">${sessionName} = session_9570</msg>
<status status="PASS" starttime="20231130 16:40:48.991" endtime="20231130 16:40:48.991"></status>
</kw>
<kw name="Set Global Variable" library="BuiltIn">
<doc>Makes a variable available globally in all tests and suites.</doc>
<arguments>
<arg>${sessionName}</arg>
</arguments>
<msg timestamp="20231130 16:40:48.991" level="INFO">${sessionName} = session_9570</msg>
<status status="PASS" starttime="20231130 16:40:48.991" endtime="20231130 16:40:48.991"></status>
</kw>
<kw name="Create Session" library="RequestsLibrary">
<doc>Create Session: create a HTTP session to a server</doc>
<arguments>
<arg>${sessionName}</arg>
<arg>${Base_Url}</arg>
<arg>timeout=30</arg>
<arg>disable_warnings=1</arg>
</arguments>
<msg timestamp="20231130 16:40:48.992" level="INFO">Creating Session using : alias=session_9570, url=http://claimsapi-qc.rasan.co/, headers={},                     cookies={}, auth=None, timeout=30, proxies=None, verify=False,                     debug=0 </msg>
<status status="PASS" starttime="20231130 16:40:48.991" endtime="20231130 16:40:48.992"></status>
</kw>
<status status="PASS" starttime="20231130 16:40:48.990" endtime="20231130 16:40:48.992"></status>
</kw>
<kw name="Put Request claim" library="API_Preferences">
<arguments>
<arg>${sessionName}</arg>
<arg>${URI}</arg>
<arg>${body}</arg>
<arg>${StatusCode}</arg>
<arg>${actual}</arg>
<arg>${Expected}</arg>
<arg>${RandomData}</arg>
</arguments>
<kw name="Put Request using data Driven Structure" library="API_Preferences">
<doc>Put request with DataDriven structure</doc>
<arguments>
<arg>${sessionName}</arg>
<arg>${Url}</arg>
<arg>${body}</arg>
<arg>${StatusCode}</arg>
</arguments>
<kw name="Create Dictionary" library="BuiltIn">
<doc>Creates and returns a dictionary based on the given ``items``.</doc>
<arguments>
<arg>Content-Type=application/json</arg>
</arguments>
<assign>
<var>${headers}</var>
</assign>
<msg timestamp="20231130 16:40:48.993" level="INFO">${headers} = {'Content-Type': 'application/json'}</msg>
<status status="PASS" starttime="20231130 16:40:48.993" endtime="20231130 16:40:48.993"></status>
</kw>
<kw name="Put Request" library="RequestsLibrary">
<doc>*DEPRECATED* Please use `PUT On Session` instead.</doc>
<arguments>
<arg>${sessionName}</arg>
<arg>${URI}</arg>
<arg>${data}</arg>
<arg>headers=${headers}</arg>
<arg>timeout=10</arg>
</arguments>
<assign>
<var>${resp}</var>
</assign>
<msg timestamp="20231130 16:40:48.993" level="WARN">Keyword 'RequestsLibrary.Put Request' is deprecated. Please use `PUT On Session` instead.</msg>
<msg timestamp="20231130 16:40:49.315" level="INFO">PUT Request : url=http://claimsapi-qc.rasan.co/api/Claim/UpdateIC 
 path_url=/api/Claim/UpdateIC 
 headers={'User-Agent': 'python-requests/2.31.0', 'Accept-Encoding': 'gzip, deflate', 'Accept': '*/*', 'Connection': 'keep-alive', 'Content-Type': 'application/json', 'Content-Length': '1105'} 
 body=b'{"id": 9,\n  "name": "\xd8\xb1\xd8\xb3\xd9\x86",\n  "nameEn": "Rasan",\n  "address": "Cairo",\n  "phone": "0178888888",\n  "mobile": "0578888888",\n  "logo": "claimdev/2023/08/istockphoto-1410828106-612x612.jpg_1453_16_fc7f3f3e-5c01-45b9-8a34-f330b3944006.jpg",\n  "serviceId": 7,\n  "repairWorkshopId": 27,\n  "submissionModeId": 8,\n  "emailAddress": "ahmed@gmail.com",\n  "emailAddressNotes": "String",\n\n  "portalLink": "https://cliam.com",\n  "portalLinkNotes": "string",\n\n  "models": [\n    1\n  ],\n  "insuranceCompanyConnections": [\n    {\n      "apiType": 2,\n      "connectionLink": "string"\n    }\n  ],\n  "insuranceCompanyLetter": {\n    "photoHeader": "claimdev/2023/08/istockphoto-691262818-612x612.jpg_1453_16_efc7894e-60b2-482e-ba37-b0af68c8a9e9.jpg",\n    "photoFooter": "claimdev/2023/08/istockphoto-1181233245-612x612.jpg_1453_16_433803e6-ef13-4be8-9f37-365ba59e4578.jpg",\n    "photoStamp": "claimdev/2023/08/istockphoto-1181433165-612x612.jpg_1453_16_b908b6d7-dc80-459b-b31d-d9574bc91807.jpg",\n    "photoSignature": "claimdev/2023/08/istockphoto-1388548812-612x612.jpg_1453_16_3c938aba-9001-4a5e-9ffe-d1b0857a2e0a.jpg" \n  }\n}' 
 </msg>
<msg timestamp="20231130 16:40:49.315" level="INFO">PUT Response : url=http://claimsapi-qc.rasan.co/api/Claim/UpdateIC 
 status=200, reason=OK 
 headers={'Server': 'nginx/1.25.1', 'Date': 'Thu, 30 Nov 2023 14:42:19 GMT', 'Content-Type': 'application/json; charset=utf-8', 'Transfer-Encoding': 'chunked', 'Connection': 'keep-alive'} 
 body={"model":{"is_succeeded":true,"method_name":"Handle","status":{"code":1,"message":"Process Completed Successfully"},"exception":null,"data":{"apiErrorOutputDTO":{"errorCode":1,"errorMessage":"success"},"data":{"isAdded":true}}}} 
 </msg>
<msg timestamp="20231130 16:40:49.315" level="INFO">${resp} = &lt;Response [200]&gt;</msg>
<status status="PASS" starttime="20231130 16:40:48.993" endtime="20231130 16:40:49.315"></status>
</kw>
<kw name="Status Should Be" library="RequestsLibrary">
<doc>Fails if response status code is different than the expected.</doc>
<arguments>
<arg>${statuscode}</arg>
<arg>${resp}</arg>
</arguments>
<status status="PASS" starttime="20231130 16:40:49.315" endtime="20231130 16:40:49.317"></status>
</kw>
<kw name="To Json" library="RequestsLibrary">
<doc>*DEPRECATED* Please use ${resp.json()} instead. Have a look at the improved HTML output as pretty printing replacement.</doc>
<arguments>
<arg>${resp.content}</arg>
</arguments>
<assign>
<var>${actualResult}</var>
</assign>
<msg timestamp="20231130 16:40:49.317" level="WARN">Keyword 'RequestsLibrary.To Json' is deprecated. Please use ${resp.json()} instead. Have a look at the improved HTML output as pretty printing replacement.</msg>
<msg timestamp="20231130 16:40:49.317" level="INFO">To JSON using : content={"model":{"is_succeeded":true,"method_name":"Handle","status":{"code":1,"message":"Process Completed Successfully"},"exception":null,"data":{"apiErrorOutputDTO":{"errorCode":1,"errorMessage":"success"},"data":{"isAdded":true}}}} </msg>
<msg timestamp="20231130 16:40:49.317" level="INFO">To JSON using : pretty_print=False </msg>
<msg timestamp="20231130 16:40:49.317" level="INFO">${actualResult} = {'model': {'is_succeeded': True, 'method_name': 'Handle', 'status': {'code': 1, 'message': 'Process Completed Successfully'}, 'exception': None, 'data': {'apiErrorOutputDTO': {'errorCode': 1, 'errorMe...</msg>
<status status="PASS" starttime="20231130 16:40:49.317" endtime="20231130 16:40:49.317"></status>
</kw>
<kw name="Set Test Variable" library="BuiltIn">
<doc>Makes a variable available everywhere within the scope of the current test.</doc>
<arguments>
<arg>${actualResult}</arg>
</arguments>
<msg timestamp="20231130 16:40:49.318" level="INFO">${actualResult} = {'model': {'is_succeeded': True, 'method_name': 'Handle', 'status': {'code': 1, 'message': 'Process Completed Successfully'}, 'exception': None, 'data': {'apiErrorOutputDTO': {'errorCode': 1, 'errorMe...</msg>
<status status="PASS" starttime="20231130 16:40:49.318" endtime="20231130 16:40:49.318"></status>
</kw>
<status status="PASS" starttime="20231130 16:40:48.992" endtime="20231130 16:40:49.318"></status>
</kw>
<kw name="Verify Response" library="API_Preferences">
<doc>veriy actual resutls</doc>
<arguments>
<arg>${actual}</arg>
<arg>${Expected}</arg>
</arguments>
<kw name="Should Be Equal As Strings" library="BuiltIn">
<doc>Fails if objects are unequal after converting them to strings.</doc>
<arguments>
<arg>${actualResult${actual}}</arg>
<arg>${Expected}</arg>
<arg>ignore_case=True</arg>
</arguments>
<msg timestamp="20231130 16:40:49.319" level="INFO">Argument types are:
&lt;class 'int'&gt;
&lt;type 'unicode'&gt;</msg>
<status status="PASS" starttime="20231130 16:40:49.318" endtime="20231130 16:40:49.319"></status>
</kw>
<status status="PASS" starttime="20231130 16:40:49.318" endtime="20231130 16:40:49.319"></status>
</kw>
<status status="PASS" starttime="20231130 16:40:48.992" endtime="20231130 16:40:49.319"></status>
</kw>
<status status="PASS" starttime="20231130 16:40:48.989" endtime="20231130 16:40:49.319"></status>
</kw>
<tags>
<tag>regression</tag>
<tag>smoke</tag>
</tags>
<status status="PASS" starttime="20231130 16:40:48.988" endtime="20231130 16:40:49.319" critical="yes"></status>
</test>
<test id="s1-s1-t6" name=" Enter Insurance Arabic Name AS numbers">
<kw name="Update_IC">
<arguments>
<arg>http://claimsapi-qc.rasan.co/</arg>
<arg>/api/Claim/UpdateIC</arg>
<arg>{"id": 9,
  "name": "12345",
  "nameEn": "string",
  "address": "string",
  "phone": "0178888888",
  "mobile": "0578888888",
  "logo": "claimdev/2023/08/istockphoto-1410828106-612x612.jpg_1453_16_fc7f3f3e-5c01-45b9-8a34-f330b3944006.jpg",
  "serviceId": 7,
  "repairWorkshopId": 27,
  "submissionModeId": 8,
  "emailAddress": "ahmed@gmail.com",
  "emailAddressNotes": "String",

  "portalLink": "https://cliam.com",
  "portalLinkNotes": "string",

  "models": [
    1
  ],
  "insuranceCompanyConnections": [
    {
      "apiType": 2,
      "connectionLink": "string"
    }
  ],
  "insuranceCompanyLetter": {
    "photoHeader": "claimdev/2023/08/istockphoto-691262818-612x612.jpg_1453_16_efc7894e-60b2-482e-ba37-b0af68c8a9e9.jpg",
    "photoFooter": "claimdev/2023/08/istockphoto-1181233245-612x612.jpg_1453_16_433803e6-ef13-4be8-9f37-365ba59e4578.jpg",
    "photoStamp": "claimdev/2023/08/istockphoto-1181433165-612x612.jpg_1453_16_b908b6d7-dc80-459b-b31d-d9574bc91807.jpg",
    "photoSignature": "claimdev/2023/08/istockphoto-1388548812-612x612.jpg_1453_16_3c938aba-9001-4a5e-9ffe-d1b0857a2e0a.jpg" 
  }
}</arg>
<arg>400</arg>
<arg>["model"]["data"]["apiErrorOutputDTO"]["errorCode"]</arg>
<arg>148</arg>
</arguments>
<kw name="Create API session" library="API_Preferences">
<arguments>
<arg>${URL}</arg>
</arguments>
<kw name="Generate Random String" library="String">
<doc>Generates a string with a desired ``length`` from the given ``chars``.</doc>
<arguments>
<arg>4</arg>
<arg>[NUMBERS]</arg>
</arguments>
<assign>
<var>${randomNumber}</var>
</assign>
<msg timestamp="20231130 16:40:49.322" level="INFO">${randomNumber} = 7268</msg>
<status status="PASS" starttime="20231130 16:40:49.321" endtime="20231130 16:40:49.322"></status>
</kw>
<kw name="Catenate" library="BuiltIn">
<doc>Catenates the given items together and returns the resulted string.</doc>
<arguments>
<arg>session_${randomNumber}</arg>
</arguments>
<assign>
<var>${sessionName}</var>
</assign>
<msg timestamp="20231130 16:40:49.322" level="INFO">${sessionName} = session_7268</msg>
<status status="PASS" starttime="20231130 16:40:49.322" endtime="20231130 16:40:49.322"></status>
</kw>
<kw name="Set Global Variable" library="BuiltIn">
<doc>Makes a variable available globally in all tests and suites.</doc>
<arguments>
<arg>${sessionName}</arg>
</arguments>
<msg timestamp="20231130 16:40:49.322" level="INFO">${sessionName} = session_7268</msg>
<status status="PASS" starttime="20231130 16:40:49.322" endtime="20231130 16:40:49.322"></status>
</kw>
<kw name="Create Session" library="RequestsLibrary">
<doc>Create Session: create a HTTP session to a server</doc>
<arguments>
<arg>${sessionName}</arg>
<arg>${Base_Url}</arg>
<arg>timeout=30</arg>
<arg>disable_warnings=1</arg>
</arguments>
<msg timestamp="20231130 16:40:49.322" level="INFO">Creating Session using : alias=session_7268, url=http://claimsapi-qc.rasan.co/, headers={},                     cookies={}, auth=None, timeout=30, proxies=None, verify=False,                     debug=0 </msg>
<status status="PASS" starttime="20231130 16:40:49.322" endtime="20231130 16:40:49.323"></status>
</kw>
<status status="PASS" starttime="20231130 16:40:49.321" endtime="20231130 16:40:49.323"></status>
</kw>
<kw name="Put Request claim" library="API_Preferences">
<arguments>
<arg>${sessionName}</arg>
<arg>${URI}</arg>
<arg>${body}</arg>
<arg>${StatusCode}</arg>
<arg>${actual}</arg>
<arg>${Expected}</arg>
<arg>${RandomData}</arg>
</arguments>
<kw name="Put Request using data Driven Structure" library="API_Preferences">
<doc>Put request with DataDriven structure</doc>
<arguments>
<arg>${sessionName}</arg>
<arg>${Url}</arg>
<arg>${body}</arg>
<arg>${StatusCode}</arg>
</arguments>
<kw name="Create Dictionary" library="BuiltIn">
<doc>Creates and returns a dictionary based on the given ``items``.</doc>
<arguments>
<arg>Content-Type=application/json</arg>
</arguments>
<assign>
<var>${headers}</var>
</assign>
<msg timestamp="20231130 16:40:49.325" level="INFO">${headers} = {'Content-Type': 'application/json'}</msg>
<status status="PASS" starttime="20231130 16:40:49.324" endtime="20231130 16:40:49.325"></status>
</kw>
<kw name="Put Request" library="RequestsLibrary">
<doc>*DEPRECATED* Please use `PUT On Session` instead.</doc>
<arguments>
<arg>${sessionName}</arg>
<arg>${URI}</arg>
<arg>${data}</arg>
<arg>headers=${headers}</arg>
<arg>timeout=10</arg>
</arguments>
<assign>
<var>${resp}</var>
</assign>
<msg timestamp="20231130 16:40:49.325" level="WARN">Keyword 'RequestsLibrary.Put Request' is deprecated. Please use `PUT On Session` instead.</msg>
<msg timestamp="20231130 16:40:49.576" level="INFO">PUT Request : url=http://claimsapi-qc.rasan.co/api/Claim/UpdateIC 
 path_url=/api/Claim/UpdateIC 
 headers={'User-Agent': 'python-requests/2.31.0', 'Accept-Encoding': 'gzip, deflate', 'Accept': '*/*', 'Connection': 'keep-alive', 'Content-Type': 'application/json', 'Content-Length': '1106'} 
 body=b'{"id": 9,\n  "name": "12345",\n  "nameEn": "string",\n  "address": "string",\n  "phone": "0178888888",\n  "mobile": "0578888888",\n  "logo": "claimdev/2023/08/istockphoto-1410828106-612x612.jpg_1453_16_fc7f3f3e-5c01-45b9-8a34-f330b3944006.jpg",\n  "serviceId": 7,\n  "repairWorkshopId": 27,\n  "submissionModeId": 8,\n  "emailAddress": "ahmed@gmail.com",\n  "emailAddressNotes": "String",\n\n  "portalLink": "https://cliam.com",\n  "portalLinkNotes": "string",\n\n  "models": [\n    1\n  ],\n  "insuranceCompanyConnections": [\n    {\n      "apiType": 2,\n      "connectionLink": "string"\n    }\n  ],\n  "insuranceCompanyLetter": {\n    "photoHeader": "claimdev/2023/08/istockphoto-691262818-612x612.jpg_1453_16_efc7894e-60b2-482e-ba37-b0af68c8a9e9.jpg",\n    "photoFooter": "claimdev/2023/08/istockphoto-1181233245-612x612.jpg_1453_16_433803e6-ef13-4be8-9f37-365ba59e4578.jpg",\n    "photoStamp": "claimdev/2023/08/istockphoto-1181433165-612x612.jpg_1453_16_b908b6d7-dc80-459b-b31d-d9574bc91807.jpg",\n    "photoSignature": "claimdev/2023/08/istockphoto-1388548812-612x612.jpg_1453_16_3c938aba-9001-4a5e-9ffe-d1b0857a2e0a.jpg" \n  }\n}' 
 </msg>
<msg timestamp="20231130 16:40:49.577" level="INFO">PUT Response : url=http://claimsapi-qc.rasan.co/api/Claim/UpdateIC 
 status=400, reason=Bad Request 
 headers={'Server': 'nginx/1.25.1', 'Date': 'Thu, 30 Nov 2023 14:42:19 GMT', 'Content-Type': 'application/json; charset=utf-8', 'Transfer-Encoding': 'chunked', 'Connection': 'keep-alive'} 
 body={"model":{"is_succeeded":false,"method_name":"Handle","status":{"code":2,"message":"Failed"},"exception":null,"data":{"apiErrorOutputDTO":{"errorCode":148,"errorMessage":"InsuranceCompanyNameFormatMustBeInArabicLettersOnly"},"data":null}}} 
 </msg>
<msg timestamp="20231130 16:40:49.577" level="INFO">${resp} = &lt;Response [400]&gt;</msg>
<status status="PASS" starttime="20231130 16:40:49.325" endtime="20231130 16:40:49.577"></status>
</kw>
<kw name="Status Should Be" library="RequestsLibrary">
<doc>Fails if response status code is different than the expected.</doc>
<arguments>
<arg>${statuscode}</arg>
<arg>${resp}</arg>
</arguments>
<status status="PASS" starttime="20231130 16:40:49.578" endtime="20231130 16:40:49.579"></status>
</kw>
<kw name="To Json" library="RequestsLibrary">
<doc>*DEPRECATED* Please use ${resp.json()} instead. Have a look at the improved HTML output as pretty printing replacement.</doc>
<arguments>
<arg>${resp.content}</arg>
</arguments>
<assign>
<var>${actualResult}</var>
</assign>
<msg timestamp="20231130 16:40:49.579" level="WARN">Keyword 'RequestsLibrary.To Json' is deprecated. Please use ${resp.json()} instead. Have a look at the improved HTML output as pretty printing replacement.</msg>
<msg timestamp="20231130 16:40:49.580" level="INFO">To JSON using : content={"model":{"is_succeeded":false,"method_name":"Handle","status":{"code":2,"message":"Failed"},"exception":null,"data":{"apiErrorOutputDTO":{"errorCode":148,"errorMessage":"InsuranceCompanyNameFormatMustBeInArabicLettersOnly"},"data":null}}} </msg>
<msg timestamp="20231130 16:40:49.580" level="INFO">To JSON using : pretty_print=False </msg>
<msg timestamp="20231130 16:40:49.580" level="INFO">${actualResult} = {'model': {'is_succeeded': False, 'method_name': 'Handle', 'status': {'code': 2, 'message': 'Failed'}, 'exception': None, 'data': {'apiErrorOutputDTO': {'errorCode': 148, 'errorMessage': 'InsuranceCom...</msg>
<status status="PASS" starttime="20231130 16:40:49.579" endtime="20231130 16:40:49.580"></status>
</kw>
<kw name="Set Test Variable" library="BuiltIn">
<doc>Makes a variable available everywhere within the scope of the current test.</doc>
<arguments>
<arg>${actualResult}</arg>
</arguments>
<msg timestamp="20231130 16:40:49.581" level="INFO">${actualResult} = {'model': {'is_succeeded': False, 'method_name': 'Handle', 'status': {'code': 2, 'message': 'Failed'}, 'exception': None, 'data': {'apiErrorOutputDTO': {'errorCode': 148, 'errorMessage': 'InsuranceCom...</msg>
<status status="PASS" starttime="20231130 16:40:49.580" endtime="20231130 16:40:49.581"></status>
</kw>
<status status="PASS" starttime="20231130 16:40:49.324" endtime="20231130 16:40:49.581"></status>
</kw>
<kw name="Verify Response" library="API_Preferences">
<doc>veriy actual resutls</doc>
<arguments>
<arg>${actual}</arg>
<arg>${Expected}</arg>
</arguments>
<kw name="Should Be Equal As Strings" library="BuiltIn">
<doc>Fails if objects are unequal after converting them to strings.</doc>
<arguments>
<arg>${actualResult${actual}}</arg>
<arg>${Expected}</arg>
<arg>ignore_case=True</arg>
</arguments>
<msg timestamp="20231130 16:40:49.583" level="INFO">Argument types are:
&lt;class 'int'&gt;
&lt;type 'unicode'&gt;</msg>
<status status="PASS" starttime="20231130 16:40:49.582" endtime="20231130 16:40:49.583"></status>
</kw>
<status status="PASS" starttime="20231130 16:40:49.581" endtime="20231130 16:40:49.583"></status>
</kw>
<status status="PASS" starttime="20231130 16:40:49.323" endtime="20231130 16:40:49.583"></status>
</kw>
<status status="PASS" starttime="20231130 16:40:49.321" endtime="20231130 16:40:49.585"></status>
</kw>
<tags>
<tag>regression</tag>
<tag>smoke</tag>
</tags>
<status status="PASS" starttime="20231130 16:40:49.319" endtime="20231130 16:40:49.585" critical="yes"></status>
</test>
<test id="s1-s1-t7" name=" Enter Insurance Arabic Name AS Special Characters and spaces">
<kw name="Update_IC">
<arguments>
<arg>http://claimsapi-qc.rasan.co/</arg>
<arg>/api/Claim/UpdateIC</arg>
<arg>{"id": 9,
  "name": "$#$%*",
  "nameEn": "string",
  "address": "string",
  "phone": "0178888888",
  "mobile": "0578888888",
  "logo": "claimdev/2023/08/istockphoto-1410828106-612x612.jpg_1453_16_fc7f3f3e-5c01-45b9-8a34-f330b3944006.jpg",
  "serviceId": 7,
  "repairWorkshopId": 27,
  "submissionModeId": 8,
  "emailAddress": "ahmed@gmail.com",
  "emailAddressNotes": "string",
  "portalLink": "https://cliam.com",
  "portalLinkNotes": "string",

  "models": [
    1
  ],
  "insuranceCompanyConnections": [
    {
      "apiType": 2,
      "connectionLink": "string"
    }
  ],
  "insuranceCompanyLetter": {
    "photoHeader": "claimdev/2023/08/istockphoto-691262818-612x612.jpg_1453_16_efc7894e-60b2-482e-ba37-b0af68c8a9e9.jpg",
    "photoFooter": "claimdev/2023/08/istockphoto-1181233245-612x612.jpg_1453_16_433803e6-ef13-4be8-9f37-365ba59e4578.jpg",
    "photoStamp": "claimdev/2023/08/istockphoto-1181433165-612x612.jpg_1453_16_b908b6d7-dc80-459b-b31d-d9574bc91807.jpg",
    "photoSignature": "claimdev/2023/08/istockphoto-1388548812-612x612.jpg_1453_16_3c938aba-9001-4a5e-9ffe-d1b0857a2e0a.jpg" 
  }
}</arg>
<arg>400</arg>
<arg>["model"]["data"]["apiErrorOutputDTO"]["errorCode"]</arg>
<arg>148</arg>
</arguments>
<kw name="Create API session" library="API_Preferences">
<arguments>
<arg>${URL}</arg>
</arguments>
<kw name="Generate Random String" library="String">
<doc>Generates a string with a desired ``length`` from the given ``chars``.</doc>
<arguments>
<arg>4</arg>
<arg>[NUMBERS]</arg>
</arguments>
<assign>
<var>${randomNumber}</var>
</assign>
<msg timestamp="20231130 16:40:49.588" level="INFO">${randomNumber} = 4895</msg>
<status status="PASS" starttime="20231130 16:40:49.588" endtime="20231130 16:40:49.588"></status>
</kw>
<kw name="Catenate" library="BuiltIn">
<doc>Catenates the given items together and returns the resulted string.</doc>
<arguments>
<arg>session_${randomNumber}</arg>
</arguments>
<assign>
<var>${sessionName}</var>
</assign>
<msg timestamp="20231130 16:40:49.589" level="INFO">${sessionName} = session_4895</msg>
<status status="PASS" starttime="20231130 16:40:49.588" endtime="20231130 16:40:49.589"></status>
</kw>
<kw name="Set Global Variable" library="BuiltIn">
<doc>Makes a variable available globally in all tests and suites.</doc>
<arguments>
<arg>${sessionName}</arg>
</arguments>
<msg timestamp="20231130 16:40:49.589" level="INFO">${sessionName} = session_4895</msg>
<status status="PASS" starttime="20231130 16:40:49.589" endtime="20231130 16:40:49.589"></status>
</kw>
<kw name="Create Session" library="RequestsLibrary">
<doc>Create Session: create a HTTP session to a server</doc>
<arguments>
<arg>${sessionName}</arg>
<arg>${Base_Url}</arg>
<arg>timeout=30</arg>
<arg>disable_warnings=1</arg>
</arguments>
<msg timestamp="20231130 16:40:49.590" level="INFO">Creating Session using : alias=session_4895, url=http://claimsapi-qc.rasan.co/, headers={},                     cookies={}, auth=None, timeout=30, proxies=None, verify=False,                     debug=0 </msg>
<status status="PASS" starttime="20231130 16:40:49.589" endtime="20231130 16:40:49.590"></status>
</kw>
<status status="PASS" starttime="20231130 16:40:49.587" endtime="20231130 16:40:49.590"></status>
</kw>
<kw name="Put Request claim" library="API_Preferences">
<arguments>
<arg>${sessionName}</arg>
<arg>${URI}</arg>
<arg>${body}</arg>
<arg>${StatusCode}</arg>
<arg>${actual}</arg>
<arg>${Expected}</arg>
<arg>${RandomData}</arg>
</arguments>
<kw name="Put Request using data Driven Structure" library="API_Preferences">
<doc>Put request with DataDriven structure</doc>
<arguments>
<arg>${sessionName}</arg>
<arg>${Url}</arg>
<arg>${body}</arg>
<arg>${StatusCode}</arg>
</arguments>
<kw name="Create Dictionary" library="BuiltIn">
<doc>Creates and returns a dictionary based on the given ``items``.</doc>
<arguments>
<arg>Content-Type=application/json</arg>
</arguments>
<assign>
<var>${headers}</var>
</assign>
<msg timestamp="20231130 16:40:49.591" level="INFO">${headers} = {'Content-Type': 'application/json'}</msg>
<status status="PASS" starttime="20231130 16:40:49.591" endtime="20231130 16:40:49.591"></status>
</kw>
<kw name="Put Request" library="RequestsLibrary">
<doc>*DEPRECATED* Please use `PUT On Session` instead.</doc>
<arguments>
<arg>${sessionName}</arg>
<arg>${URI}</arg>
<arg>${data}</arg>
<arg>headers=${headers}</arg>
<arg>timeout=10</arg>
</arguments>
<assign>
<var>${resp}</var>
</assign>
<msg timestamp="20231130 16:40:49.592" level="WARN">Keyword 'RequestsLibrary.Put Request' is deprecated. Please use `PUT On Session` instead.</msg>
<msg timestamp="20231130 16:40:49.843" level="INFO">PUT Request : url=http://claimsapi-qc.rasan.co/api/Claim/UpdateIC 
 path_url=/api/Claim/UpdateIC 
 headers={'User-Agent': 'python-requests/2.31.0', 'Accept-Encoding': 'gzip, deflate', 'Accept': '*/*', 'Connection': 'keep-alive', 'Content-Type': 'application/json', 'Content-Length': '1105'} 
 body=b'{"id": 9,\n  "name": "$#$%*",\n  "nameEn": "string",\n  "address": "string",\n  "phone": "0178888888",\n  "mobile": "0578888888",\n  "logo": "claimdev/2023/08/istockphoto-1410828106-612x612.jpg_1453_16_fc7f3f3e-5c01-45b9-8a34-f330b3944006.jpg",\n  "serviceId": 7,\n  "repairWorkshopId": 27,\n  "submissionModeId": 8,\n  "emailAddress": "ahmed@gmail.com",\n  "emailAddressNotes": "string",\n  "portalLink": "https://cliam.com",\n  "portalLinkNotes": "string",\n\n  "models": [\n    1\n  ],\n  "insuranceCompanyConnections": [\n    {\n      "apiType": 2,\n      "connectionLink": "string"\n    }\n  ],\n  "insuranceCompanyLetter": {\n    "photoHeader": "claimdev/2023/08/istockphoto-691262818-612x612.jpg_1453_16_efc7894e-60b2-482e-ba37-b0af68c8a9e9.jpg",\n    "photoFooter": "claimdev/2023/08/istockphoto-1181233245-612x612.jpg_1453_16_433803e6-ef13-4be8-9f37-365ba59e4578.jpg",\n    "photoStamp": "claimdev/2023/08/istockphoto-1181433165-612x612.jpg_1453_16_b908b6d7-dc80-459b-b31d-d9574bc91807.jpg",\n    "photoSignature": "claimdev/2023/08/istockphoto-1388548812-612x612.jpg_1453_16_3c938aba-9001-4a5e-9ffe-d1b0857a2e0a.jpg" \n  }\n}' 
 </msg>
<msg timestamp="20231130 16:40:49.844" level="INFO">PUT Response : url=http://claimsapi-qc.rasan.co/api/Claim/UpdateIC 
 status=400, reason=Bad Request 
 headers={'Server': 'nginx/1.25.1', 'Date': 'Thu, 30 Nov 2023 14:42:20 GMT', 'Content-Type': 'application/json; charset=utf-8', 'Transfer-Encoding': 'chunked', 'Connection': 'keep-alive'} 
 body={"model":{"is_succeeded":false,"method_name":"Handle","status":{"code":2,"message":"Failed"},"exception":null,"data":{"apiErrorOutputDTO":{"errorCode":148,"errorMessage":"InsuranceCompanyNameFormatMustBeInArabicLettersOnly"},"data":null}}} 
 </msg>
<msg timestamp="20231130 16:40:49.844" level="INFO">${resp} = &lt;Response [400]&gt;</msg>
<status status="PASS" starttime="20231130 16:40:49.592" endtime="20231130 16:40:49.844"></status>
</kw>
<kw name="Status Should Be" library="RequestsLibrary">
<doc>Fails if response status code is different than the expected.</doc>
<arguments>
<arg>${statuscode}</arg>
<arg>${resp}</arg>
</arguments>
<status status="PASS" starttime="20231130 16:40:49.845" endtime="20231130 16:40:49.846"></status>
</kw>
<kw name="To Json" library="RequestsLibrary">
<doc>*DEPRECATED* Please use ${resp.json()} instead. Have a look at the improved HTML output as pretty printing replacement.</doc>
<arguments>
<arg>${resp.content}</arg>
</arguments>
<assign>
<var>${actualResult}</var>
</assign>
<msg timestamp="20231130 16:40:49.847" level="WARN">Keyword 'RequestsLibrary.To Json' is deprecated. Please use ${resp.json()} instead. Have a look at the improved HTML output as pretty printing replacement.</msg>
<msg timestamp="20231130 16:40:49.848" level="INFO">To JSON using : content={"model":{"is_succeeded":false,"method_name":"Handle","status":{"code":2,"message":"Failed"},"exception":null,"data":{"apiErrorOutputDTO":{"errorCode":148,"errorMessage":"InsuranceCompanyNameFormatMustBeInArabicLettersOnly"},"data":null}}} </msg>
<msg timestamp="20231130 16:40:49.848" level="INFO">To JSON using : pretty_print=False </msg>
<msg timestamp="20231130 16:40:49.848" level="INFO">${actualResult} = {'model': {'is_succeeded': False, 'method_name': 'Handle', 'status': {'code': 2, 'message': 'Failed'}, 'exception': None, 'data': {'apiErrorOutputDTO': {'errorCode': 148, 'errorMessage': 'InsuranceCom...</msg>
<status status="PASS" starttime="20231130 16:40:49.846" endtime="20231130 16:40:49.848"></status>
</kw>
<kw name="Set Test Variable" library="BuiltIn">
<doc>Makes a variable available everywhere within the scope of the current test.</doc>
<arguments>
<arg>${actualResult}</arg>
</arguments>
<msg timestamp="20231130 16:40:49.850" level="INFO">${actualResult} = {'model': {'is_succeeded': False, 'method_name': 'Handle', 'status': {'code': 2, 'message': 'Failed'}, 'exception': None, 'data': {'apiErrorOutputDTO': {'errorCode': 148, 'errorMessage': 'InsuranceCom...</msg>
<status status="PASS" starttime="20231130 16:40:49.848" endtime="20231130 16:40:49.850"></status>
</kw>
<status status="PASS" starttime="20231130 16:40:49.591" endtime="20231130 16:40:49.851"></status>
</kw>
<kw name="Verify Response" library="API_Preferences">
<doc>veriy actual resutls</doc>
<arguments>
<arg>${actual}</arg>
<arg>${Expected}</arg>
</arguments>
<kw name="Should Be Equal As Strings" library="BuiltIn">
<doc>Fails if objects are unequal after converting them to strings.</doc>
<arguments>
<arg>${actualResult${actual}}</arg>
<arg>${Expected}</arg>
<arg>ignore_case=True</arg>
</arguments>
<msg timestamp="20231130 16:40:49.854" level="INFO">Argument types are:
&lt;class 'int'&gt;
&lt;type 'unicode'&gt;</msg>
<status status="PASS" starttime="20231130 16:40:49.852" endtime="20231130 16:40:49.854"></status>
</kw>
<status status="PASS" starttime="20231130 16:40:49.851" endtime="20231130 16:40:49.854"></status>
</kw>
<status status="PASS" starttime="20231130 16:40:49.590" endtime="20231130 16:40:49.854"></status>
</kw>
<status status="PASS" starttime="20231130 16:40:49.587" endtime="20231130 16:40:49.855"></status>
</kw>
<tags>
<tag>regression</tag>
<tag>smoke</tag>
</tags>
<status status="PASS" starttime="20231130 16:40:49.585" endtime="20231130 16:40:49.855" critical="yes"></status>
</test>
<test id="s1-s1-t8" name="Enter Insurance English Name AS blank">
<kw name="Update_IC">
<arguments>
<arg>http://claimsapi-qc.rasan.co/</arg>
<arg>/api/Claim/UpdateIC</arg>
<arg>{"id": 9,
  "name": "أحمد",
  "nameEn": "",
  "address": "string",
  "phone": "0178888888",
  "mobile": "0578888888",
  "logo": "claimdev/2023/08/istockphoto-1410828106-612x612.jpg_1453_16_fc7f3f3e-5c01-45b9-8a34-f330b3944006.jpg",
  "serviceId": 7,
  "repairWorkshopId": 27,
  "submissionModeId": 8,
  "emailAddress": "ahmed@gmail.com",
  "emailAddressNotes": "string",
  "portalLink": "https://claim.com",
  "portalLinkNotes": "string",

  "models": [
    1
  ],
  "insuranceCompanyConnections": [
    {
      "apiType": 2,
      "connectionLink": "string"
    }
  ],
  "insuranceCompanyLetter": {
    "photoHeader": "claimdev/2023/08/istockphoto-691262818-612x612.jpg_1453_16_efc7894e-60b2-482e-ba37-b0af68c8a9e9.jpg",
    "photoFooter": "claimdev/2023/08/istockphoto-1181233245-612x612.jpg_1453_16_433803e6-ef13-4be8-9f37-365ba59e4578.jpg",
    "photoStamp": "claimdev/2023/08/istockphoto-1181433165-612x612.jpg_1453_16_b908b6d7-dc80-459b-b31d-d9574bc91807.jpg",
    "photoSignature": "claimdev/2023/08/istockphoto-1388548812-612x612.jpg_1453_16_3c938aba-9001-4a5e-9ffe-d1b0857a2e0a.jpg" 
  }
}</arg>
<arg>400</arg>
<arg>["model"]["data"]["apiErrorOutputDTO"]["errorCode"]</arg>
<arg>150</arg>
</arguments>
<kw name="Create API session" library="API_Preferences">
<arguments>
<arg>${URL}</arg>
</arguments>
<kw name="Generate Random String" library="String">
<doc>Generates a string with a desired ``length`` from the given ``chars``.</doc>
<arguments>
<arg>4</arg>
<arg>[NUMBERS]</arg>
</arguments>
<assign>
<var>${randomNumber}</var>
</assign>
<msg timestamp="20231130 16:40:49.863" level="INFO">${randomNumber} = 6190</msg>
<status status="PASS" starttime="20231130 16:40:49.863" endtime="20231130 16:40:49.863"></status>
</kw>
<kw name="Catenate" library="BuiltIn">
<doc>Catenates the given items together and returns the resulted string.</doc>
<arguments>
<arg>session_${randomNumber}</arg>
</arguments>
<assign>
<var>${sessionName}</var>
</assign>
<msg timestamp="20231130 16:40:49.864" level="INFO">${sessionName} = session_6190</msg>
<status status="PASS" starttime="20231130 16:40:49.863" endtime="20231130 16:40:49.864"></status>
</kw>
<kw name="Set Global Variable" library="BuiltIn">
<doc>Makes a variable available globally in all tests and suites.</doc>
<arguments>
<arg>${sessionName}</arg>
</arguments>
<msg timestamp="20231130 16:40:49.865" level="INFO">${sessionName} = session_6190</msg>
<status status="PASS" starttime="20231130 16:40:49.864" endtime="20231130 16:40:49.865"></status>
</kw>
<kw name="Create Session" library="RequestsLibrary">
<doc>Create Session: create a HTTP session to a server</doc>
<arguments>
<arg>${sessionName}</arg>
<arg>${Base_Url}</arg>
<arg>timeout=30</arg>
<arg>disable_warnings=1</arg>
</arguments>
<msg timestamp="20231130 16:40:49.866" level="INFO">Creating Session using : alias=session_6190, url=http://claimsapi-qc.rasan.co/, headers={},                     cookies={}, auth=None, timeout=30, proxies=None, verify=False,                     debug=0 </msg>
<status status="PASS" starttime="20231130 16:40:49.865" endtime="20231130 16:40:49.866"></status>
</kw>
<status status="PASS" starttime="20231130 16:40:49.862" endtime="20231130 16:40:49.866"></status>
</kw>
<kw name="Put Request claim" library="API_Preferences">
<arguments>
<arg>${sessionName}</arg>
<arg>${URI}</arg>
<arg>${body}</arg>
<arg>${StatusCode}</arg>
<arg>${actual}</arg>
<arg>${Expected}</arg>
<arg>${RandomData}</arg>
</arguments>
<kw name="Put Request using data Driven Structure" library="API_Preferences">
<doc>Put request with DataDriven structure</doc>
<arguments>
<arg>${sessionName}</arg>
<arg>${Url}</arg>
<arg>${body}</arg>
<arg>${StatusCode}</arg>
</arguments>
<kw name="Create Dictionary" library="BuiltIn">
<doc>Creates and returns a dictionary based on the given ``items``.</doc>
<arguments>
<arg>Content-Type=application/json</arg>
</arguments>
<assign>
<var>${headers}</var>
</assign>
<msg timestamp="20231130 16:40:49.869" level="INFO">${headers} = {'Content-Type': 'application/json'}</msg>
<status status="PASS" starttime="20231130 16:40:49.868" endtime="20231130 16:40:49.869"></status>
</kw>
<kw name="Put Request" library="RequestsLibrary">
<doc>*DEPRECATED* Please use `PUT On Session` instead.</doc>
<arguments>
<arg>${sessionName}</arg>
<arg>${URI}</arg>
<arg>${data}</arg>
<arg>headers=${headers}</arg>
<arg>timeout=10</arg>
</arguments>
<assign>
<var>${resp}</var>
</assign>
<msg timestamp="20231130 16:40:49.869" level="WARN">Keyword 'RequestsLibrary.Put Request' is deprecated. Please use `PUT On Session` instead.</msg>
<msg timestamp="20231130 16:40:50.120" level="INFO">PUT Request : url=http://claimsapi-qc.rasan.co/api/Claim/UpdateIC 
 path_url=/api/Claim/UpdateIC 
 headers={'User-Agent': 'python-requests/2.31.0', 'Accept-Encoding': 'gzip, deflate', 'Accept': '*/*', 'Connection': 'keep-alive', 'Content-Type': 'application/json', 'Content-Length': '1102'} 
 body=b'{"id": 9,\n  "name": "\xd8\xa3\xd8\xad\xd9\x85\xd8\xaf",\n  "nameEn": "",\n  "address": "string",\n  "phone": "0178888888",\n  "mobile": "0578888888",\n  "logo": "claimdev/2023/08/istockphoto-1410828106-612x612.jpg_1453_16_fc7f3f3e-5c01-45b9-8a34-f330b3944006.jpg",\n  "serviceId": 7,\n  "repairWorkshopId": 27,\n  "submissionModeId": 8,\n  "emailAddress": "ahmed@gmail.com",\n  "emailAddressNotes": "string",\n  "portalLink": "https://claim.com",\n  "portalLinkNotes": "string",\n\n  "models": [\n    1\n  ],\n  "insuranceCompanyConnections": [\n    {\n      "apiType": 2,\n      "connectionLink": "string"\n    }\n  ],\n  "insuranceCompanyLetter": {\n    "photoHeader": "claimdev/2023/08/istockphoto-691262818-612x612.jpg_1453_16_efc7894e-60b2-482e-ba37-b0af68c8a9e9.jpg",\n    "photoFooter": "claimdev/2023/08/istockphoto-1181233245-612x612.jpg_1453_16_433803e6-ef13-4be8-9f37-365ba59e4578.jpg",\n    "photoStamp": "claimdev/2023/08/istockphoto-1181433165-612x612.jpg_1453_16_b908b6d7-dc80-459b-b31d-d9574bc91807.jpg",\n    "photoSignature": "claimdev/2023/08/istockphoto-1388548812-612x612.jpg_1453_16_3c938aba-9001-4a5e-9ffe-d1b0857a2e0a.jpg" \n  }\n}' 
 </msg>
<msg timestamp="20231130 16:40:50.120" level="INFO">PUT Response : url=http://claimsapi-qc.rasan.co/api/Claim/UpdateIC 
 status=400, reason=Bad Request 
 headers={'Server': 'nginx/1.25.1', 'Date': 'Thu, 30 Nov 2023 14:42:20 GMT', 'Content-Type': 'application/json; charset=utf-8', 'Transfer-Encoding': 'chunked', 'Connection': 'keep-alive'} 
 body={"model":{"is_succeeded":false,"method_name":"Handle","status":{"code":2,"message":"Failed"},"exception":null,"data":{"apiErrorOutputDTO":{"errorCode":150,"errorMessage":"EnterInsuranceCompanyNameEn"},"data":null}}} 
 </msg>
[...]
<msg timestamp="20231130 16:41:07.317" level="INFO">To JSON using : pretty_print=False </msg>
<msg timestamp="20231130 16:41:07.317" level="INFO">${actualResult} = {'model': {'is_succeeded': True, 'method_name': 'Handle', 'status': {'code': 1, 'message': 'Process Completed Successfully'}, 'exception': None, 'data': {'apiErrorOutputDTO': {'errorCode': 1, 'errorMe...</msg>
<status status="PASS" starttime="20231130 16:41:07.316" endtime="20231130 16:41:07.317"></status>
</kw>
<kw name="Set Test Variable" library="BuiltIn">
<doc>Makes a variable available everywhere within the scope of the current test.</doc>
<arguments>
<arg>${actualResult}</arg>
</arguments>
<msg timestamp="20231130 16:41:07.318" level="INFO">${actualResult} = {'model': {'is_succeeded': True, 'method_name': 'Handle', 'status': {'code': 1, 'message': 'Process Completed Successfully'}, 'exception': None, 'data': {'apiErrorOutputDTO': {'errorCode': 1, 'errorMe...</msg>
<status status="PASS" starttime="20231130 16:41:07.317" endtime="20231130 16:41:07.318"></status>
</kw>
<status status="PASS" starttime="20231130 16:41:07.021" endtime="20231130 16:41:07.318"></status>
</kw>
<kw name="Verify Response" library="API_Preferences">
<doc>veriy actual resutls</doc>
<arguments>
<arg>${actual}</arg>
<arg>${Expected}</arg>
</arguments>
<kw name="Should Be Equal As Strings" library="BuiltIn">
<doc>Fails if objects are unequal after converting them to strings.</doc>
<arguments>
<arg>${actualResult${actual}}</arg>
<arg>${Expected}</arg>
<arg>ignore_case=True</arg>
</arguments>
<msg timestamp="20231130 16:41:07.320" level="INFO">Argument types are:
&lt;class 'int'&gt;
&lt;type 'unicode'&gt;</msg>
<status status="PASS" starttime="20231130 16:41:07.319" endtime="20231130 16:41:07.320"></status>
</kw>
<status status="PASS" starttime="20231130 16:41:07.318" endtime="20231130 16:41:07.320"></status>
</kw>
<status status="PASS" starttime="20231130 16:41:07.021" endtime="20231130 16:41:07.320"></status>
</kw>
<status status="PASS" starttime="20231130 16:41:07.018" endtime="20231130 16:41:07.320"></status>
</kw>
<tags>
<tag>regression</tag>
</tags>
<status status="PASS" starttime="20231130 16:41:07.017" endtime="20231130 16:41:07.320" critical="yes"></status>
</test>
<doc>Suite description</doc>
<status status="PASS" starttime="20231130 16:40:24.539" endtime="20231130 16:41:07.322"></status>
</suite>
<status status="PASS" starttime="20231130 16:40:24.520" endtime="20231130 16:41:07.337"></status>
</suite>
<statistics>
<total>
<stat pass="47" fail="0">Critical Tests</stat>
<stat pass="47" fail="0">All Tests</stat>
</total>
<tag>
<stat pass="47" fail="0">regression</stat>
<stat pass="14" fail="0">smoke</stat>
</tag>
<suite>
<stat pass="47" fail="0" id="s1" name="Suites">Suites</stat>
<stat pass="47" fail="0" id="s1-s1" name="UpdateIC">Suites.UpdateIC</stat>
</suite>
</statistics>
<errors>
<msg timestamp="20231130 16:40:46.810" level="WARN">Keyword 'RequestsLibrary.Put Request' is deprecated. Please use `PUT On Session` instead.</msg>
<msg timestamp="20231130 16:40:47.189" level="WARN">Keyword 'RequestsLibrary.To Json' is deprecated. Please use ${resp.json()} instead. Have a look at the improved HTML output as pretty printing replacement.</msg>
<msg timestamp="20231130 16:40:47.203" level="WARN">Keyword 'RequestsLibrary.Put Request' is deprecated. Please use `PUT On Session` instead.</msg>
<msg timestamp="20231130 16:40:47.903" level="WARN">Keyword 'RequestsLibrary.To Json' is deprecated. Please use ${resp.json()} instead. Have a look at the improved HTML output as pretty printing replacement.</msg>
<msg timestamp="20231130 16:40:47.913" level="WARN">Keyword 'RequestsLibrary.Put Request' is deprecated. Please use `PUT On Session` instead.</msg>
<msg timestamp="20231130 16:40:48.347" level="WARN">Keyword 'RequestsLibrary.To Json' is deprecated. Please use ${resp.json()} instead. Have a look at the improved HTML output as pretty printing replacement.</msg>
<msg timestamp="20231130 16:40:48.357" level="WARN">Keyword 'RequestsLibrary.Put Request' is deprecated. Please use `PUT On Session` instead.</msg>
<msg timestamp="20231130 16:40:48.983" level="WARN">Keyword 'RequestsLibrary.To Json' is deprecated. Please use ${resp.json()} instead. Have a look at the improved HTML output as pretty printing replacement.</msg>
<msg timestamp="20231130 16:40:48.993" level="WARN">Keyword 'RequestsLibrary.Put Request' is deprecated. Please use `PUT On Session` instead.</msg>
<msg timestamp="20231130 16:40:49.317" level="WARN">Keyword 'RequestsLibrary.To Json' is deprecated. Please use ${resp.json()} instead. Have a look at the improved HTML output as pretty printing replacement.</msg>
<msg timestamp="20231130 16:40:49.325" level="WARN">Keyword 'RequestsLibrary.Put Request' is deprecated. Please use `PUT On Session` instead.</msg>
<msg timestamp="20231130 16:40:49.579" level="WARN">Keyword 'RequestsLibrary.To Json' is deprecated. Please use ${resp.json()} instead. Have a look at the improved HTML output as pretty printing replacement.</msg>
<msg timestamp="20231130 16:40:49.592" level="WARN">Keyword 'RequestsLibrary.Put Request' is deprecated. Please use `PUT On Session` instead.</msg>
<msg timestamp="20231130 16:40:49.847" level="WARN">Keyword 'RequestsLibrary.To Json' is deprecated. Please use ${resp.json()} instead. Have a look at the improved HTML output as pretty printing replacement.</msg>
<msg timestamp="20231130 16:40:49.869" level="WARN">Keyword 'RequestsLibrary.Put Request' is deprecated. Please use `PUT On Session` instead.</msg>
<msg timestamp="20231130 16:40:50.123" level="WARN">Keyword 'RequestsLibrary.To Json' is deprecated. Please use ${resp.json()} instead. Have a look at the improved HTML output as pretty printing replacement.</msg>
<msg timestamp="20231130 16:40:50.140" level="WARN">Keyword 'RequestsLibrary.Put Request' is deprecated. Please use `PUT On Session` instead.</msg>
<msg timestamp="20231130 16:40:50.446" level="WARN">Keyword 'RequestsLibrary.To Json' is deprecated. Please use ${resp.json()} instead. Have a look at the improved HTML output as pretty printing replacement.</msg>
<msg timestamp="20231130 16:40:50.455" level="WARN">Keyword 'RequestsLibrary.Put Request' is deprecated. Please use `PUT On Session` instead.</msg>
<msg timestamp="20231130 16:40:50.748" level="WARN">Keyword 'RequestsLibrary.To Json' is deprecated. Please use ${resp.json()} instead. Have a look at the improved HTML output as pretty printing replacement.</msg>
<msg timestamp="20231130 16:40:50.764" level="WARN">Keyword 'RequestsLibrary.Put Request' is deprecated. Please use `PUT On Session` instead.</msg>
<msg timestamp="20231130 16:40:51.027" level="WARN">Keyword 'RequestsLibrary.To Json' is deprecated. Please use ${resp.json()} instead. Have a look at the improved HTML output as pretty printing replacement.</msg>
<msg timestamp="20231130 16:40:51.036" level="WARN">Keyword 'RequestsLibrary.Put Request' is deprecated. Please use `PUT On Session` instead.</msg>
<msg timestamp="20231130 16:40:51.314" level="WARN">Keyword 'RequestsLibrary.To Json' is deprecated. Please use ${resp.json()} instead. Have a look at the improved HTML output as pretty printing replacement.</msg>
<msg timestamp="20231130 16:40:51.330" level="WARN">Keyword 'RequestsLibrary.Put Request' is deprecated. Please use `PUT On Session` instead.</msg>
<msg timestamp="20231130 16:40:51.664" level="WARN">Keyword 'RequestsLibrary.To Json' is deprecated. Please use ${resp.json()} instead. Have a look at the improved HTML output as pretty printing replacement.</msg>
<msg timestamp="20231130 16:40:51.671" level="WARN">Keyword 'RequestsLibrary.Put Request' is deprecated. Please use `PUT On Session` instead.</msg>
<msg timestamp="20231130 16:40:51.976" level="WARN">Keyword 'RequestsLibrary.To Json' is deprecated. Please use ${resp.json()} instead. Have a look at the improved HTML output as pretty printing replacement.</msg>
<msg timestamp="20231130 16:40:51.985" level="WARN">Keyword 'RequestsLibrary.Put Request' is deprecated. Please use `PUT On Session` instead.</msg>
<msg timestamp="20231130 16:40:52.283" level="WARN">Keyword 'RequestsLibrary.To Json' is deprecated. Please use ${resp.json()} instead. Have a look at the improved HTML output as pretty printing replacement.</msg>
<msg timestamp="20231130 16:40:52.299" level="WARN">Keyword 'RequestsLibrary.Put Request' is deprecated. Please use `PUT On Session` instead.</msg>
<msg timestamp="20231130 16:40:52.713" level="WARN">Keyword 'RequestsLibrary.To Json' is deprecated. Please use ${resp.json()} instead. Have a look at the improved HTML output as pretty printing replacement.</msg>
<msg timestamp="20231130 16:40:52.731" level="WARN">Keyword 'RequestsLibrary.Put Request' is deprecated. Please use `PUT On Session` instead.</msg>
<msg timestamp="20231130 16:40:53.191" level="WARN">Keyword 'RequestsLibrary.To Json' is deprecated. Please use ${resp.json()} instead. Have a look at the improved HTML output as pretty printing replacement.</msg>
<msg timestamp="20231130 16:40:53.199" level="WARN">Keyword 'RequestsLibrary.Put Request' is deprecated. Please use `PUT On Session` instead.</msg>
<msg timestamp="20231130 16:40:53.500" level="WARN">Keyword 'RequestsLibrary.To Json' is deprecated. Please use ${resp.json()} instead. Have a look at the improved HTML output as pretty printing replacement.</msg>
<msg timestamp="20231130 16:40:53.518" level="WARN">Keyword 'RequestsLibrary.Put Request' is deprecated. Please use `PUT On Session` instead.</msg>
<msg timestamp="20231130 16:40:53.935" level="WARN">Keyword 'RequestsLibrary.To Json' is deprecated. Please use ${resp.json()} instead. Have a look at the improved HTML output as pretty printing replacement.</msg>
<msg timestamp="20231130 16:40:53.943" level="WARN">Keyword 'RequestsLibrary.Put Request' is deprecated. Please use `PUT On Session` instead.</msg>
<msg timestamp="20231130 16:40:54.379" level="WARN">Keyword 'RequestsLibrary.To Json' is deprecated. Please use ${resp.json()} instead. Have a look at the improved HTML output as pretty printing replacement.</msg>
<msg timestamp="20231130 16:40:54.394" level="WARN">Keyword 'RequestsLibrary.Put Request' is deprecated. Please use `PUT On Session` instead.</msg>
<msg timestamp="20231130 16:40:55.340" level="WARN">Keyword 'RequestsLibrary.To Json' is deprecated. Please use ${resp.json()} instead. Have a look at the improved HTML output as pretty printing replacement.</msg>
<msg timestamp="20231130 16:40:55.356" level="WARN">Keyword 'RequestsLibrary.Put Request' is deprecated. Please use `PUT On Session` instead.</msg>
<msg timestamp="20231130 16:40:55.955" level="WARN">Keyword 'RequestsLibrary.To Json' is deprecated. Please use ${resp.json()} instead. Have a look at the improved HTML output as pretty printing replacement.</msg>
<msg timestamp="20231130 16:40:55.962" level="WARN">Keyword 'RequestsLibrary.Put Request' is deprecated. Please use `PUT On Session` instead.</msg>
<msg timestamp="20231130 16:40:56.422" level="WARN">Keyword 'RequestsLibrary.To Json' is deprecated. Please use ${resp.json()} instead. Have a look at the improved HTML output as pretty printing replacement.</msg>
<msg timestamp="20231130 16:40:56.439" level="WARN">Keyword 'RequestsLibrary.Put Request' is deprecated. Please use `PUT On Session` instead.</msg>
<msg timestamp="20231130 16:40:56.956" level="WARN">Keyword 'RequestsLibrary.To Json' is deprecated. Please use ${resp.json()} instead. Have a look at the improved HTML output as pretty printing replacement.</msg>
<msg timestamp="20231130 16:40:56.971" level="WARN">Keyword 'RequestsLibrary.Put Request' is deprecated. Please use `PUT On Session` instead.</msg>
<msg timestamp="20231130 16:40:57.448" level="WARN">Keyword 'RequestsLibrary.To Json' is deprecated. Please use ${resp.json()} instead. Have a look at the improved HTML output as pretty printing replacement.</msg>
<msg timestamp="20231130 16:40:57.460" level="WARN">Keyword 'RequestsLibrary.Put Request' is deprecated. Please use `PUT On Session` instead.</msg>
<msg timestamp="20231130 16:40:57.749" level="WARN">Keyword 'RequestsLibrary.To Json' is deprecated. Please use ${resp.json()} instead. Have a look at the improved HTML output as pretty printing replacement.</msg>
<msg timestamp="20231130 16:40:57.759" level="WARN">Keyword 'RequestsLibrary.Put Request' is deprecated. Please use `PUT On Session` instead.</msg>
<msg timestamp="20231130 16:40:58.216" level="WARN">Keyword 'RequestsLibrary.To Json' is deprecated. Please use ${resp.json()} instead. Have a look at the improved HTML output as pretty printing replacement.</msg>
<msg timestamp="20231130 16:40:58.232" level="WARN">Keyword 'RequestsLibrary.Put Request' is deprecated. Please use `PUT On Session` instead.</msg>
<msg timestamp="20231130 16:40:58.661" level="WARN">Keyword 'RequestsLibrary.To Json' is deprecated. Please use ${resp.json()} instead. Have a look at the improved HTML output as pretty printing replacement.</msg>
<msg timestamp="20231130 16:40:58.675" level="WARN">Keyword 'RequestsLibrary.Put Request' is deprecated. Please use `PUT On Session` instead.</msg>
<msg timestamp="20231130 16:40:59.129" level="WARN">Keyword 'RequestsLibrary.To Json' is deprecated. Please use ${resp.json()} instead. Have a look at the improved HTML output as pretty printing replacement.</msg>
<msg timestamp="20231130 16:40:59.142" level="WARN">Keyword 'RequestsLibrary.Put Request' is deprecated. Please use `PUT On Session` instead.</msg>
<msg timestamp="20231130 16:40:59.638" level="WARN">Keyword 'RequestsLibrary.To Json' is deprecated. Please use ${resp.json()} instead. Have a look at the improved HTML output as pretty printing replacement.</msg>
<msg timestamp="20231130 16:40:59.648" level="WARN">Keyword 'RequestsLibrary.Put Request' is deprecated. Please use `PUT On Session` instead.</msg>
<msg timestamp="20231130 16:41:00.029" level="WARN">Keyword 'RequestsLibrary.To Json' is deprecated. Please use ${resp.json()} instead. Have a look at the improved HTML output as pretty printing replacement.</msg>
<msg timestamp="20231130 16:41:00.038" level="WARN">Keyword 'RequestsLibrary.Put Request' is deprecated. Please use `PUT On Session` instead.</msg>
<msg timestamp="20231130 16:41:00.472" level="WARN">Keyword 'RequestsLibrary.To Json' is deprecated. Please use ${resp.json()} instead. Have a look at the improved HTML output as pretty printing replacement.</msg>
<msg timestamp="20231130 16:41:00.483" level="WARN">Keyword 'RequestsLibrary.Put Request' is deprecated. Please use `PUT On Session` instead.</msg>
<msg timestamp="20231130 16:41:01.017" level="WARN">Keyword 'RequestsLibrary.To Json' is deprecated. Please use ${resp.json()} instead. Have a look at the improved HTML output as pretty printing replacement.</msg>
<msg timestamp="20231130 16:41:01.025" level="WARN">Keyword 'RequestsLibrary.Put Request' is deprecated. Please use `PUT On Session` instead.</msg>
<msg timestamp="20231130 16:41:01.514" level="WARN">Keyword 'RequestsLibrary.To Json' is deprecated. Please use ${resp.json()} instead. Have a look at the improved HTML output as pretty printing replacement.</msg>
<msg timestamp="20231130 16:41:01.533" level="WARN">Keyword 'RequestsLibrary.Put Request' is deprecated. Please use `PUT On Session` instead.</msg>
<msg timestamp="20231130 16:41:01.799" level="WARN">Keyword 'RequestsLibrary.To Json' is deprecated. Please use ${resp.json()} instead. Have a look at the improved HTML output as pretty printing replacement.</msg>
<msg timestamp="20231130 16:41:01.810" level="WARN">Keyword 'RequestsLibrary.Put Request' is deprecated. Please use `PUT On Session` instead.</msg>
<msg timestamp="20231130 16:41:02.269" level="WARN">Keyword 'RequestsLibrary.To Json' is deprecated. Please use ${resp.json()} instead. Have a look at the improved HTML output as pretty printing replacement.</msg>
<msg timestamp="20231130 16:41:02.278" level="WARN">Keyword 'RequestsLibrary.Put Request' is deprecated. Please use `PUT On Session` instead.</msg>
<msg timestamp="20231130 16:41:02.747" level="WARN">Keyword 'RequestsLibrary.To Json' is deprecated. Please use ${resp.json()} instead. Have a look at the improved HTML output as pretty printing replacement.</msg>
<msg timestamp="20231130 16:41:02.757" level="WARN">Keyword 'RequestsLibrary.Put Request' is deprecated. Please use `PUT On Session` instead.</msg>
<msg timestamp="20231130 16:41:03.239" level="WARN">Keyword 'RequestsLibrary.To Json' is deprecated. Please use ${resp.json()} instead. Have a look at the improved HTML output as pretty printing replacement.</msg>
<msg timestamp="20231130 16:41:03.252" level="WARN">Keyword 'RequestsLibrary.Put Request' is deprecated. Please use `PUT On Session` instead.</msg>
<msg timestamp="20231130 16:41:03.695" level="WARN">Keyword 'RequestsLibrary.To Json' is deprecated. Please use ${resp.json()} instead. Have a look at the improved HTML output as pretty printing replacement.</msg>
<msg timestamp="20231130 16:41:03.709" level="WARN">Keyword 'RequestsLibrary.Put Request' is deprecated. Please use `PUT On Session` instead.</msg>
<msg timestamp="20231130 16:41:04.147" level="WARN">Keyword 'RequestsLibrary.To Json' is deprecated. Please use ${resp.json()} instead. Have a look at the improved HTML output as pretty printing replacement.</msg>
<msg timestamp="20231130 16:41:04.164" level="WARN">Keyword 'RequestsLibrary.Put Request' is deprecated. Please use `PUT On Session` instead.</msg>
<msg timestamp="20231130 16:41:04.617" level="WARN">Keyword 'RequestsLibrary.To Json' is deprecated. Please use ${resp.json()} instead. Have a look at the improved HTML output as pretty printing replacement.</msg>
<msg timestamp="20231130 16:41:04.631" level="WARN">Keyword 'RequestsLibrary.Put Request' is deprecated. Please use `PUT On Session` instead.</msg>
<msg timestamp="20231130 16:41:05.129" level="WARN">Keyword 'RequestsLibrary.To Json' is deprecated. Please use ${resp.json()} instead. Have a look at the improved HTML output as pretty printing replacement.</msg>
<msg timestamp="20231130 16:41:05.140" level="WARN">Keyword 'RequestsLibrary.Put Request' is deprecated. Please use `PUT On Session` instead.</msg>
<msg timestamp="20231130 16:41:05.671" level="WARN">Keyword 'RequestsLibrary.To Json' is deprecated. Please use ${resp.json()} instead. Have a look at the improved HTML output as pretty printing replacement.</msg>
<msg timestamp="20231130 16:41:05.688" level="WARN">Keyword 'RequestsLibrary.Put Request' is deprecated. Please use `PUT On Session` instead.</msg>
<msg timestamp="20231130 16:41:05.985" level="WARN">Keyword 'RequestsLibrary.To Json' is deprecated. Please use ${resp.json()} instead. Have a look at the improved HTML output as pretty printing replacement.</msg>
<msg timestamp="20231130 16:41:06.005" level="WARN">Keyword 'RequestsLibrary.Put Request' is deprecated. Please use `PUT On Session` instead.</msg>
<msg timestamp="20231130 16:41:06.479" level="WARN">Keyword 'RequestsLibrary.To Json' is deprecated. Please use ${resp.json()} instead. Have a look at the improved HTML output as pretty printing replacement.</msg>
<msg timestamp="20231130 16:41:06.489" level="WARN">Keyword 'RequestsLibrary.Put Request' is deprecated. Please use `PUT On Session` instead.</msg>
<msg timestamp="20231130 16:41:07.013" level="WARN">Keyword 'RequestsLibrary.To Json' is deprecated. Please use ${resp.json()} instead. Have a look at the improved HTML output as pretty printing replacement.</msg>
<msg timestamp="20231130 16:41:07.022" level="WARN">Keyword 'RequestsLibrary.Put Request' is deprecated. Please use `PUT On Session` instead.</msg>
<msg timestamp="20231130 16:41:07.316" level="WARN">Keyword 'RequestsLibrary.To Json' is deprecated. Please use ${resp.json()} instead. Have a look at the improved HTML output as pretty printing replacement.</msg>
</errors>
</robot>
